[2023-10-17 13:01:08,033] {processor.py:153} INFO - Started process (PID=44) to work on /opt/airflow/dags/init.py
[2023-10-17 13:01:08,034] {processor.py:641} INFO - Processing file /opt/airflow/dags/init.py for tasks to queue
[2023-10-17 13:01:08,036] {logging_mixin.py:115} INFO - [2023-10-17 13:01:08,036] {dagbag.py:507} INFO - Filling up the DagBag from /opt/airflow/dags/init.py
[2023-10-17 13:01:08,084] {processor.py:651} INFO - DAG(s) dict_keys(['1_init_once_seed_data']) retrieved from /opt/airflow/dags/init.py
[2023-10-17 13:01:08,156] {logging_mixin.py:115} INFO - [2023-10-17 13:01:08,156] {dag.py:2371} INFO - Sync 1 DAGs
[2023-10-17 13:01:08,195] {logging_mixin.py:115} INFO - [2023-10-17 13:01:08,195] {dag.py:2919} INFO - Setting next_dagrun for 1_init_once_seed_data to None, run_after=None
[2023-10-17 13:01:08,220] {processor.py:161} INFO - Processing /opt/airflow/dags/init.py took 0.193 seconds
[2023-10-17 13:01:38,715] {processor.py:153} INFO - Started process (PID=101) to work on /opt/airflow/dags/init.py
[2023-10-17 13:01:38,719] {processor.py:641} INFO - Processing file /opt/airflow/dags/init.py for tasks to queue
[2023-10-17 13:01:38,721] {logging_mixin.py:115} INFO - [2023-10-17 13:01:38,720] {dagbag.py:507} INFO - Filling up the DagBag from /opt/airflow/dags/init.py
[2023-10-17 13:01:38,769] {processor.py:651} INFO - DAG(s) dict_keys(['1_init_once_seed_data']) retrieved from /opt/airflow/dags/init.py
[2023-10-17 13:01:38,801] {logging_mixin.py:115} INFO - [2023-10-17 13:01:38,801] {dag.py:2371} INFO - Sync 1 DAGs
[2023-10-17 13:01:38,828] {logging_mixin.py:115} INFO - [2023-10-17 13:01:38,828] {dag.py:2919} INFO - Setting next_dagrun for 1_init_once_seed_data to None, run_after=None
[2023-10-17 13:01:38,845] {processor.py:161} INFO - Processing /opt/airflow/dags/init.py took 0.133 seconds
[2023-10-17 13:02:09,073] {processor.py:153} INFO - Started process (PID=164) to work on /opt/airflow/dags/init.py
[2023-10-17 13:02:09,074] {processor.py:641} INFO - Processing file /opt/airflow/dags/init.py for tasks to queue
[2023-10-17 13:02:09,076] {logging_mixin.py:115} INFO - [2023-10-17 13:02:09,076] {dagbag.py:507} INFO - Filling up the DagBag from /opt/airflow/dags/init.py
[2023-10-17 13:02:09,123] {processor.py:651} INFO - DAG(s) dict_keys(['1_init_once_seed_data']) retrieved from /opt/airflow/dags/init.py
[2023-10-17 13:02:09,157] {logging_mixin.py:115} INFO - [2023-10-17 13:02:09,157] {dag.py:2371} INFO - Sync 1 DAGs
[2023-10-17 13:02:09,179] {logging_mixin.py:115} INFO - [2023-10-17 13:02:09,179] {dag.py:2919} INFO - Setting next_dagrun for 1_init_once_seed_data to None, run_after=None
[2023-10-17 13:02:09,196] {processor.py:161} INFO - Processing /opt/airflow/dags/init.py took 0.128 seconds
[2023-10-17 13:02:39,468] {processor.py:153} INFO - Started process (PID=218) to work on /opt/airflow/dags/init.py
[2023-10-17 13:02:39,470] {processor.py:641} INFO - Processing file /opt/airflow/dags/init.py for tasks to queue
[2023-10-17 13:02:39,471] {logging_mixin.py:115} INFO - [2023-10-17 13:02:39,471] {dagbag.py:507} INFO - Filling up the DagBag from /opt/airflow/dags/init.py
[2023-10-17 13:02:39,523] {processor.py:651} INFO - DAG(s) dict_keys(['1_init_once_seed_data']) retrieved from /opt/airflow/dags/init.py
[2023-10-17 13:02:39,549] {logging_mixin.py:115} INFO - [2023-10-17 13:02:39,549] {dag.py:2371} INFO - Sync 1 DAGs
[2023-10-17 13:02:39,572] {logging_mixin.py:115} INFO - [2023-10-17 13:02:39,572] {dag.py:2919} INFO - Setting next_dagrun for 1_init_once_seed_data to None, run_after=None
[2023-10-17 13:02:39,589] {processor.py:161} INFO - Processing /opt/airflow/dags/init.py took 0.127 seconds
[2023-10-17 13:03:09,717] {processor.py:153} INFO - Started process (PID=282) to work on /opt/airflow/dags/init.py
[2023-10-17 13:03:09,718] {processor.py:641} INFO - Processing file /opt/airflow/dags/init.py for tasks to queue
[2023-10-17 13:03:09,720] {logging_mixin.py:115} INFO - [2023-10-17 13:03:09,720] {dagbag.py:507} INFO - Filling up the DagBag from /opt/airflow/dags/init.py
[2023-10-17 13:03:09,783] {processor.py:651} INFO - DAG(s) dict_keys(['1_init_once_seed_data']) retrieved from /opt/airflow/dags/init.py
[2023-10-17 13:03:09,828] {logging_mixin.py:115} INFO - [2023-10-17 13:03:09,828] {dag.py:2371} INFO - Sync 1 DAGs
[2023-10-17 13:03:09,867] {logging_mixin.py:115} INFO - [2023-10-17 13:03:09,867] {dag.py:2919} INFO - Setting next_dagrun for 1_init_once_seed_data to None, run_after=None
[2023-10-17 13:03:09,888] {processor.py:161} INFO - Processing /opt/airflow/dags/init.py took 0.176 seconds
[2023-10-17 13:03:40,476] {processor.py:153} INFO - Started process (PID=336) to work on /opt/airflow/dags/init.py
[2023-10-17 13:03:40,478] {processor.py:641} INFO - Processing file /opt/airflow/dags/init.py for tasks to queue
[2023-10-17 13:03:40,480] {logging_mixin.py:115} INFO - [2023-10-17 13:03:40,479] {dagbag.py:507} INFO - Filling up the DagBag from /opt/airflow/dags/init.py
[2023-10-17 13:03:40,546] {processor.py:651} INFO - DAG(s) dict_keys(['1_init_once_seed_data']) retrieved from /opt/airflow/dags/init.py
[2023-10-17 13:03:40,588] {logging_mixin.py:115} INFO - [2023-10-17 13:03:40,588] {dag.py:2371} INFO - Sync 1 DAGs
[2023-10-17 13:03:40,619] {logging_mixin.py:115} INFO - [2023-10-17 13:03:40,619] {dag.py:2919} INFO - Setting next_dagrun for 1_init_once_seed_data to None, run_after=None
[2023-10-17 13:03:40,636] {processor.py:161} INFO - Processing /opt/airflow/dags/init.py took 0.165 seconds
[2023-10-17 13:04:10,889] {processor.py:153} INFO - Started process (PID=400) to work on /opt/airflow/dags/init.py
[2023-10-17 13:04:10,891] {processor.py:641} INFO - Processing file /opt/airflow/dags/init.py for tasks to queue
[2023-10-17 13:04:10,892] {logging_mixin.py:115} INFO - [2023-10-17 13:04:10,892] {dagbag.py:507} INFO - Filling up the DagBag from /opt/airflow/dags/init.py
[2023-10-17 13:04:10,935] {processor.py:651} INFO - DAG(s) dict_keys(['1_init_once_seed_data']) retrieved from /opt/airflow/dags/init.py
[2023-10-17 13:04:10,965] {logging_mixin.py:115} INFO - [2023-10-17 13:04:10,965] {dag.py:2371} INFO - Sync 1 DAGs
[2023-10-17 13:04:10,990] {logging_mixin.py:115} INFO - [2023-10-17 13:04:10,990] {dag.py:2919} INFO - Setting next_dagrun for 1_init_once_seed_data to None, run_after=None
[2023-10-17 13:04:11,008] {processor.py:161} INFO - Processing /opt/airflow/dags/init.py took 0.123 seconds
[2023-10-17 13:04:41,084] {processor.py:153} INFO - Started process (PID=463) to work on /opt/airflow/dags/init.py
[2023-10-17 13:04:41,085] {processor.py:641} INFO - Processing file /opt/airflow/dags/init.py for tasks to queue
[2023-10-17 13:04:41,086] {logging_mixin.py:115} INFO - [2023-10-17 13:04:41,086] {dagbag.py:507} INFO - Filling up the DagBag from /opt/airflow/dags/init.py
[2023-10-17 13:04:41,130] {processor.py:651} INFO - DAG(s) dict_keys(['1_init_once_seed_data']) retrieved from /opt/airflow/dags/init.py
[2023-10-17 13:04:41,163] {logging_mixin.py:115} INFO - [2023-10-17 13:04:41,163] {dag.py:2371} INFO - Sync 1 DAGs
[2023-10-17 13:04:41,193] {logging_mixin.py:115} INFO - [2023-10-17 13:04:41,192] {dag.py:2919} INFO - Setting next_dagrun for 1_init_once_seed_data to None, run_after=None
[2023-10-17 13:04:41,209] {processor.py:161} INFO - Processing /opt/airflow/dags/init.py took 0.129 seconds
[2023-10-17 13:05:11,600] {processor.py:153} INFO - Started process (PID=517) to work on /opt/airflow/dags/init.py
[2023-10-17 13:05:11,601] {processor.py:641} INFO - Processing file /opt/airflow/dags/init.py for tasks to queue
[2023-10-17 13:05:11,603] {logging_mixin.py:115} INFO - [2023-10-17 13:05:11,603] {dagbag.py:507} INFO - Filling up the DagBag from /opt/airflow/dags/init.py
[2023-10-17 13:05:11,650] {processor.py:651} INFO - DAG(s) dict_keys(['1_init_once_seed_data']) retrieved from /opt/airflow/dags/init.py
[2023-10-17 13:05:11,673] {logging_mixin.py:115} INFO - [2023-10-17 13:05:11,673] {dag.py:2371} INFO - Sync 1 DAGs
[2023-10-17 13:05:11,693] {logging_mixin.py:115} INFO - [2023-10-17 13:05:11,693] {dag.py:2919} INFO - Setting next_dagrun for 1_init_once_seed_data to None, run_after=None
[2023-10-17 13:05:11,709] {processor.py:161} INFO - Processing /opt/airflow/dags/init.py took 0.112 seconds
[2023-10-17 13:05:42,435] {processor.py:153} INFO - Started process (PID=581) to work on /opt/airflow/dags/init.py
[2023-10-17 13:05:42,440] {processor.py:641} INFO - Processing file /opt/airflow/dags/init.py for tasks to queue
[2023-10-17 13:05:42,443] {logging_mixin.py:115} INFO - [2023-10-17 13:05:42,443] {dagbag.py:507} INFO - Filling up the DagBag from /opt/airflow/dags/init.py
[2023-10-17 13:05:42,496] {processor.py:651} INFO - DAG(s) dict_keys(['1_init_once_seed_data']) retrieved from /opt/airflow/dags/init.py
[2023-10-17 13:05:42,522] {logging_mixin.py:115} INFO - [2023-10-17 13:05:42,522] {dag.py:2371} INFO - Sync 1 DAGs
[2023-10-17 13:05:42,581] {logging_mixin.py:115} INFO - [2023-10-17 13:05:42,581] {dag.py:2919} INFO - Setting next_dagrun for 1_init_once_seed_data to None, run_after=None
[2023-10-17 13:05:42,717] {processor.py:161} INFO - Processing /opt/airflow/dags/init.py took 0.286 seconds
