[2023-10-11 10:24:15,649] {taskinstance.py:1159} INFO - Dependencies all met for <TaskInstance: 1_init_once_seed_data.load_seed_data_once manual__2023-10-11T10:24:14.988405+00:00 [queued]>
[2023-10-11 10:24:15,660] {taskinstance.py:1159} INFO - Dependencies all met for <TaskInstance: 1_init_once_seed_data.load_seed_data_once manual__2023-10-11T10:24:14.988405+00:00 [queued]>
[2023-10-11 10:24:15,661] {taskinstance.py:1356} INFO - 
--------------------------------------------------------------------------------
[2023-10-11 10:24:15,664] {taskinstance.py:1357} INFO - Starting attempt 1 of 1
[2023-10-11 10:24:15,665] {taskinstance.py:1358} INFO - 
--------------------------------------------------------------------------------
[2023-10-11 10:24:15,681] {taskinstance.py:1377} INFO - Executing <Task(BashOperator): load_seed_data_once> on 2023-10-11 10:24:14.988405+00:00
[2023-10-11 10:24:15,685] {standard_task_runner.py:52} INFO - Started process 453 to run task
[2023-10-11 10:24:15,688] {standard_task_runner.py:79} INFO - Running: ['***', 'tasks', 'run', '1_init_once_seed_data', 'load_seed_data_once', 'manual__2023-10-11T10:24:14.988405+00:00', '--job-id', '27', '--raw', '--subdir', 'DAGS_FOLDER/init.py', '--cfg-path', '/tmp/tmpm59uy0fe', '--error-file', '/tmp/tmpeufp_irg']
[2023-10-11 10:24:15,689] {standard_task_runner.py:80} INFO - Job 27: Subtask load_seed_data_once
[2023-10-11 10:24:15,752] {task_command.py:369} INFO - Running <TaskInstance: 1_init_once_seed_data.load_seed_data_once manual__2023-10-11T10:24:14.988405+00:00 [running]> on host c2e542998ec2
[2023-10-11 10:24:15,869] {taskinstance.py:1571} INFO - Exporting the following env vars:
AIRFLOW_CTX_DAG_OWNER=***
AIRFLOW_CTX_DAG_ID=1_init_once_seed_data
AIRFLOW_CTX_TASK_ID=load_seed_data_once
AIRFLOW_CTX_EXECUTION_DATE=2023-10-11T10:24:14.988405+00:00
AIRFLOW_CTX_TRY_NUMBER=1
AIRFLOW_CTX_DAG_RUN_ID=manual__2023-10-11T10:24:14.988405+00:00
[2023-10-11 10:24:15,871] {subprocess.py:62} INFO - Tmp dir root location: 
 /tmp
[2023-10-11 10:24:15,873] {subprocess.py:74} INFO - Running command: ['bash', '-c', 'echo "Hello" ']
[2023-10-11 10:24:15,882] {subprocess.py:85} INFO - Output:
[2023-10-11 10:24:15,884] {subprocess.py:92} INFO - Hello
[2023-10-11 10:24:15,885] {subprocess.py:96} INFO - Command exited with return code 0
[2023-10-11 10:24:15,917] {taskinstance.py:1400} INFO - Marking task as SUCCESS. dag_id=1_init_once_seed_data, task_id=load_seed_data_once, execution_date=20231011T102414, start_date=20231011T102415, end_date=20231011T102415
[2023-10-11 10:24:15,942] {local_task_job.py:156} INFO - Task exited with return code 0
[2023-10-11 10:24:15,973] {local_task_job.py:273} INFO - 0 downstream tasks scheduled from follow-on schedule check
