[2023-10-17 13:01:10,997] {processor.py:153} INFO - Started process (PID=75) to work on /home/airflow/.local/lib/python3.7/site-packages/airflow/example_dags/example_python_operator.py
[2023-10-17 13:01:10,998] {processor.py:641} INFO - Processing file /home/airflow/.local/lib/python3.7/site-packages/airflow/example_dags/example_python_operator.py for tasks to queue
[2023-10-17 13:01:11,000] {logging_mixin.py:115} INFO - [2023-10-17 13:01:11,000] {dagbag.py:507} INFO - Filling up the DagBag from /home/airflow/.local/lib/python3.7/site-packages/airflow/example_dags/example_python_operator.py
[2023-10-17 13:01:11,027] {processor.py:651} INFO - DAG(s) dict_keys(['example_python_operator']) retrieved from /home/airflow/.local/lib/python3.7/site-packages/airflow/example_dags/example_python_operator.py
[2023-10-17 13:01:11,057] {logging_mixin.py:115} INFO - [2023-10-17 13:01:11,057] {dag.py:2371} INFO - Sync 1 DAGs
[2023-10-17 13:01:11,087] {logging_mixin.py:115} INFO - [2023-10-17 13:01:11,086] {dag.py:2919} INFO - Setting next_dagrun for example_python_operator to None, run_after=None
[2023-10-17 13:01:11,101] {processor.py:161} INFO - Processing /home/airflow/.local/lib/python3.7/site-packages/airflow/example_dags/example_python_operator.py took 0.108 seconds
[2023-10-17 13:01:42,272] {processor.py:153} INFO - Started process (PID=130) to work on /home/airflow/.local/lib/python3.7/site-packages/airflow/example_dags/example_python_operator.py
[2023-10-17 13:01:42,274] {processor.py:641} INFO - Processing file /home/airflow/.local/lib/python3.7/site-packages/airflow/example_dags/example_python_operator.py for tasks to queue
[2023-10-17 13:01:42,275] {logging_mixin.py:115} INFO - [2023-10-17 13:01:42,275] {dagbag.py:507} INFO - Filling up the DagBag from /home/airflow/.local/lib/python3.7/site-packages/airflow/example_dags/example_python_operator.py
[2023-10-17 13:01:42,298] {processor.py:651} INFO - DAG(s) dict_keys(['example_python_operator']) retrieved from /home/airflow/.local/lib/python3.7/site-packages/airflow/example_dags/example_python_operator.py
[2023-10-17 13:01:42,328] {logging_mixin.py:115} INFO - [2023-10-17 13:01:42,328] {dag.py:2371} INFO - Sync 1 DAGs
[2023-10-17 13:01:42,352] {logging_mixin.py:115} INFO - [2023-10-17 13:01:42,352] {dag.py:2919} INFO - Setting next_dagrun for example_python_operator to None, run_after=None
[2023-10-17 13:01:42,366] {processor.py:161} INFO - Processing /home/airflow/.local/lib/python3.7/site-packages/airflow/example_dags/example_python_operator.py took 0.098 seconds
[2023-10-17 13:02:12,452] {processor.py:153} INFO - Started process (PID=193) to work on /home/airflow/.local/lib/python3.7/site-packages/airflow/example_dags/example_python_operator.py
[2023-10-17 13:02:12,453] {processor.py:641} INFO - Processing file /home/airflow/.local/lib/python3.7/site-packages/airflow/example_dags/example_python_operator.py for tasks to queue
[2023-10-17 13:02:12,454] {logging_mixin.py:115} INFO - [2023-10-17 13:02:12,454] {dagbag.py:507} INFO - Filling up the DagBag from /home/airflow/.local/lib/python3.7/site-packages/airflow/example_dags/example_python_operator.py
[2023-10-17 13:02:12,482] {processor.py:651} INFO - DAG(s) dict_keys(['example_python_operator']) retrieved from /home/airflow/.local/lib/python3.7/site-packages/airflow/example_dags/example_python_operator.py
[2023-10-17 13:02:12,510] {logging_mixin.py:115} INFO - [2023-10-17 13:02:12,510] {dag.py:2371} INFO - Sync 1 DAGs
[2023-10-17 13:02:12,533] {logging_mixin.py:115} INFO - [2023-10-17 13:02:12,533] {dag.py:2919} INFO - Setting next_dagrun for example_python_operator to None, run_after=None
[2023-10-17 13:02:12,546] {processor.py:161} INFO - Processing /home/airflow/.local/lib/python3.7/site-packages/airflow/example_dags/example_python_operator.py took 0.098 seconds
[2023-10-17 13:02:42,951] {processor.py:153} INFO - Started process (PID=256) to work on /home/airflow/.local/lib/python3.7/site-packages/airflow/example_dags/example_python_operator.py
[2023-10-17 13:02:42,952] {processor.py:641} INFO - Processing file /home/airflow/.local/lib/python3.7/site-packages/airflow/example_dags/example_python_operator.py for tasks to queue
[2023-10-17 13:02:42,953] {logging_mixin.py:115} INFO - [2023-10-17 13:02:42,953] {dagbag.py:507} INFO - Filling up the DagBag from /home/airflow/.local/lib/python3.7/site-packages/airflow/example_dags/example_python_operator.py
[2023-10-17 13:02:42,979] {processor.py:651} INFO - DAG(s) dict_keys(['example_python_operator']) retrieved from /home/airflow/.local/lib/python3.7/site-packages/airflow/example_dags/example_python_operator.py
[2023-10-17 13:02:43,006] {logging_mixin.py:115} INFO - [2023-10-17 13:02:43,006] {dag.py:2371} INFO - Sync 1 DAGs
[2023-10-17 13:02:43,030] {logging_mixin.py:115} INFO - [2023-10-17 13:02:43,030] {dag.py:2919} INFO - Setting next_dagrun for example_python_operator to None, run_after=None
[2023-10-17 13:02:43,045] {processor.py:161} INFO - Processing /home/airflow/.local/lib/python3.7/site-packages/airflow/example_dags/example_python_operator.py took 0.098 seconds
[2023-10-17 13:03:13,544] {processor.py:153} INFO - Started process (PID=311) to work on /home/airflow/.local/lib/python3.7/site-packages/airflow/example_dags/example_python_operator.py
[2023-10-17 13:03:13,545] {processor.py:641} INFO - Processing file /home/airflow/.local/lib/python3.7/site-packages/airflow/example_dags/example_python_operator.py for tasks to queue
[2023-10-17 13:03:13,546] {logging_mixin.py:115} INFO - [2023-10-17 13:03:13,546] {dagbag.py:507} INFO - Filling up the DagBag from /home/airflow/.local/lib/python3.7/site-packages/airflow/example_dags/example_python_operator.py
[2023-10-17 13:03:13,569] {processor.py:651} INFO - DAG(s) dict_keys(['example_python_operator']) retrieved from /home/airflow/.local/lib/python3.7/site-packages/airflow/example_dags/example_python_operator.py
[2023-10-17 13:03:13,593] {logging_mixin.py:115} INFO - [2023-10-17 13:03:13,593] {dag.py:2371} INFO - Sync 1 DAGs
[2023-10-17 13:03:13,613] {logging_mixin.py:115} INFO - [2023-10-17 13:03:13,613] {dag.py:2919} INFO - Setting next_dagrun for example_python_operator to None, run_after=None
[2023-10-17 13:03:13,625] {processor.py:161} INFO - Processing /home/airflow/.local/lib/python3.7/site-packages/airflow/example_dags/example_python_operator.py took 0.084 seconds
[2023-10-17 13:03:44,264] {processor.py:153} INFO - Started process (PID=375) to work on /home/airflow/.local/lib/python3.7/site-packages/airflow/example_dags/example_python_operator.py
[2023-10-17 13:03:44,265] {processor.py:641} INFO - Processing file /home/airflow/.local/lib/python3.7/site-packages/airflow/example_dags/example_python_operator.py for tasks to queue
[2023-10-17 13:03:44,266] {logging_mixin.py:115} INFO - [2023-10-17 13:03:44,266] {dagbag.py:507} INFO - Filling up the DagBag from /home/airflow/.local/lib/python3.7/site-packages/airflow/example_dags/example_python_operator.py
[2023-10-17 13:03:44,290] {processor.py:651} INFO - DAG(s) dict_keys(['example_python_operator']) retrieved from /home/airflow/.local/lib/python3.7/site-packages/airflow/example_dags/example_python_operator.py
[2023-10-17 13:03:44,315] {logging_mixin.py:115} INFO - [2023-10-17 13:03:44,315] {dag.py:2371} INFO - Sync 1 DAGs
[2023-10-17 13:03:44,335] {logging_mixin.py:115} INFO - [2023-10-17 13:03:44,335] {dag.py:2919} INFO - Setting next_dagrun for example_python_operator to None, run_after=None
[2023-10-17 13:03:44,347] {processor.py:161} INFO - Processing /home/airflow/.local/lib/python3.7/site-packages/airflow/example_dags/example_python_operator.py took 0.086 seconds
[2023-10-17 13:04:15,329] {processor.py:153} INFO - Started process (PID=429) to work on /home/airflow/.local/lib/python3.7/site-packages/airflow/example_dags/example_python_operator.py
[2023-10-17 13:04:15,330] {processor.py:641} INFO - Processing file /home/airflow/.local/lib/python3.7/site-packages/airflow/example_dags/example_python_operator.py for tasks to queue
[2023-10-17 13:04:15,331] {logging_mixin.py:115} INFO - [2023-10-17 13:04:15,331] {dagbag.py:507} INFO - Filling up the DagBag from /home/airflow/.local/lib/python3.7/site-packages/airflow/example_dags/example_python_operator.py
[2023-10-17 13:04:15,363] {processor.py:651} INFO - DAG(s) dict_keys(['example_python_operator']) retrieved from /home/airflow/.local/lib/python3.7/site-packages/airflow/example_dags/example_python_operator.py
[2023-10-17 13:04:15,393] {logging_mixin.py:115} INFO - [2023-10-17 13:04:15,393] {dag.py:2371} INFO - Sync 1 DAGs
[2023-10-17 13:04:15,415] {logging_mixin.py:115} INFO - [2023-10-17 13:04:15,414] {dag.py:2919} INFO - Setting next_dagrun for example_python_operator to None, run_after=None
[2023-10-17 13:04:15,432] {processor.py:161} INFO - Processing /home/airflow/.local/lib/python3.7/site-packages/airflow/example_dags/example_python_operator.py took 0.107 seconds
[2023-10-17 13:04:45,878] {processor.py:153} INFO - Started process (PID=492) to work on /home/airflow/.local/lib/python3.7/site-packages/airflow/example_dags/example_python_operator.py
[2023-10-17 13:04:45,880] {processor.py:641} INFO - Processing file /home/airflow/.local/lib/python3.7/site-packages/airflow/example_dags/example_python_operator.py for tasks to queue
[2023-10-17 13:04:45,881] {logging_mixin.py:115} INFO - [2023-10-17 13:04:45,881] {dagbag.py:507} INFO - Filling up the DagBag from /home/airflow/.local/lib/python3.7/site-packages/airflow/example_dags/example_python_operator.py
[2023-10-17 13:04:45,912] {processor.py:651} INFO - DAG(s) dict_keys(['example_python_operator']) retrieved from /home/airflow/.local/lib/python3.7/site-packages/airflow/example_dags/example_python_operator.py
[2023-10-17 13:04:45,943] {logging_mixin.py:115} INFO - [2023-10-17 13:04:45,943] {dag.py:2371} INFO - Sync 1 DAGs
[2023-10-17 13:04:45,972] {logging_mixin.py:115} INFO - [2023-10-17 13:04:45,972] {dag.py:2919} INFO - Setting next_dagrun for example_python_operator to None, run_after=None
[2023-10-17 13:04:45,986] {processor.py:161} INFO - Processing /home/airflow/.local/lib/python3.7/site-packages/airflow/example_dags/example_python_operator.py took 0.112 seconds
[2023-10-17 13:05:16,729] {processor.py:153} INFO - Started process (PID=555) to work on /home/airflow/.local/lib/python3.7/site-packages/airflow/example_dags/example_python_operator.py
[2023-10-17 13:05:16,730] {processor.py:641} INFO - Processing file /home/airflow/.local/lib/python3.7/site-packages/airflow/example_dags/example_python_operator.py for tasks to queue
[2023-10-17 13:05:16,732] {logging_mixin.py:115} INFO - [2023-10-17 13:05:16,731] {dagbag.py:507} INFO - Filling up the DagBag from /home/airflow/.local/lib/python3.7/site-packages/airflow/example_dags/example_python_operator.py
[2023-10-17 13:05:16,752] {processor.py:651} INFO - DAG(s) dict_keys(['example_python_operator']) retrieved from /home/airflow/.local/lib/python3.7/site-packages/airflow/example_dags/example_python_operator.py
[2023-10-17 13:05:16,783] {logging_mixin.py:115} INFO - [2023-10-17 13:05:16,783] {dag.py:2371} INFO - Sync 1 DAGs
[2023-10-17 13:05:16,805] {logging_mixin.py:115} INFO - [2023-10-17 13:05:16,805] {dag.py:2919} INFO - Setting next_dagrun for example_python_operator to None, run_after=None
[2023-10-17 13:05:16,818] {processor.py:161} INFO - Processing /home/airflow/.local/lib/python3.7/site-packages/airflow/example_dags/example_python_operator.py took 0.092 seconds
