[2023-10-17 13:01:09,487] {processor.py:153} INFO - Started process (PID=58) to work on /home/airflow/.local/lib/python3.7/site-packages/airflow/example_dags/example_bash_operator.py
[2023-10-17 13:01:09,488] {processor.py:641} INFO - Processing file /home/airflow/.local/lib/python3.7/site-packages/airflow/example_dags/example_bash_operator.py for tasks to queue
[2023-10-17 13:01:09,489] {logging_mixin.py:115} INFO - [2023-10-17 13:01:09,489] {dagbag.py:507} INFO - Filling up the DagBag from /home/airflow/.local/lib/python3.7/site-packages/airflow/example_dags/example_bash_operator.py
[2023-10-17 13:01:09,526] {processor.py:651} INFO - DAG(s) dict_keys(['example_bash_operator']) retrieved from /home/airflow/.local/lib/python3.7/site-packages/airflow/example_dags/example_bash_operator.py
[2023-10-17 13:01:09,620] {logging_mixin.py:115} INFO - [2023-10-17 13:01:09,620] {dag.py:2371} INFO - Sync 1 DAGs
[2023-10-17 13:01:09,670] {logging_mixin.py:115} INFO - [2023-10-17 13:01:09,669] {dag.py:2919} INFO - Setting next_dagrun for example_bash_operator to 2023-10-16T00:00:00+00:00, run_after=2023-10-17T00:00:00+00:00
[2023-10-17 13:01:09,729] {processor.py:161} INFO - Processing /home/airflow/.local/lib/python3.7/site-packages/airflow/example_dags/example_bash_operator.py took 0.246 seconds
[2023-10-17 13:01:40,201] {processor.py:153} INFO - Started process (PID=113) to work on /home/airflow/.local/lib/python3.7/site-packages/airflow/example_dags/example_bash_operator.py
[2023-10-17 13:01:40,203] {processor.py:641} INFO - Processing file /home/airflow/.local/lib/python3.7/site-packages/airflow/example_dags/example_bash_operator.py for tasks to queue
[2023-10-17 13:01:40,204] {logging_mixin.py:115} INFO - [2023-10-17 13:01:40,204] {dagbag.py:507} INFO - Filling up the DagBag from /home/airflow/.local/lib/python3.7/site-packages/airflow/example_dags/example_bash_operator.py
[2023-10-17 13:01:40,222] {processor.py:651} INFO - DAG(s) dict_keys(['example_bash_operator']) retrieved from /home/airflow/.local/lib/python3.7/site-packages/airflow/example_dags/example_bash_operator.py
[2023-10-17 13:01:40,253] {logging_mixin.py:115} INFO - [2023-10-17 13:01:40,253] {dag.py:2371} INFO - Sync 1 DAGs
[2023-10-17 13:01:40,278] {logging_mixin.py:115} INFO - [2023-10-17 13:01:40,278] {dag.py:2919} INFO - Setting next_dagrun for example_bash_operator to 2023-10-16T00:00:00+00:00, run_after=2023-10-17T00:00:00+00:00
[2023-10-17 13:01:40,292] {processor.py:161} INFO - Processing /home/airflow/.local/lib/python3.7/site-packages/airflow/example_dags/example_bash_operator.py took 0.094 seconds
[2023-10-17 13:02:10,474] {processor.py:153} INFO - Started process (PID=175) to work on /home/airflow/.local/lib/python3.7/site-packages/airflow/example_dags/example_bash_operator.py
[2023-10-17 13:02:10,474] {processor.py:641} INFO - Processing file /home/airflow/.local/lib/python3.7/site-packages/airflow/example_dags/example_bash_operator.py for tasks to queue
[2023-10-17 13:02:10,476] {logging_mixin.py:115} INFO - [2023-10-17 13:02:10,475] {dagbag.py:507} INFO - Filling up the DagBag from /home/airflow/.local/lib/python3.7/site-packages/airflow/example_dags/example_bash_operator.py
[2023-10-17 13:02:10,494] {processor.py:651} INFO - DAG(s) dict_keys(['example_bash_operator']) retrieved from /home/airflow/.local/lib/python3.7/site-packages/airflow/example_dags/example_bash_operator.py
[2023-10-17 13:02:10,522] {logging_mixin.py:115} INFO - [2023-10-17 13:02:10,522] {dag.py:2371} INFO - Sync 1 DAGs
[2023-10-17 13:02:10,546] {logging_mixin.py:115} INFO - [2023-10-17 13:02:10,546] {dag.py:2919} INFO - Setting next_dagrun for example_bash_operator to 2023-10-16T00:00:00+00:00, run_after=2023-10-17T00:00:00+00:00
[2023-10-17 13:02:10,561] {processor.py:161} INFO - Processing /home/airflow/.local/lib/python3.7/site-packages/airflow/example_dags/example_bash_operator.py took 0.091 seconds
[2023-10-17 13:02:41,471] {processor.py:153} INFO - Started process (PID=230) to work on /home/airflow/.local/lib/python3.7/site-packages/airflow/example_dags/example_bash_operator.py
[2023-10-17 13:02:41,473] {processor.py:641} INFO - Processing file /home/airflow/.local/lib/python3.7/site-packages/airflow/example_dags/example_bash_operator.py for tasks to queue
[2023-10-17 13:02:41,474] {logging_mixin.py:115} INFO - [2023-10-17 13:02:41,474] {dagbag.py:507} INFO - Filling up the DagBag from /home/airflow/.local/lib/python3.7/site-packages/airflow/example_dags/example_bash_operator.py
[2023-10-17 13:02:41,489] {processor.py:651} INFO - DAG(s) dict_keys(['example_bash_operator']) retrieved from /home/airflow/.local/lib/python3.7/site-packages/airflow/example_dags/example_bash_operator.py
[2023-10-17 13:02:41,514] {logging_mixin.py:115} INFO - [2023-10-17 13:02:41,514] {dag.py:2371} INFO - Sync 1 DAGs
[2023-10-17 13:02:41,538] {logging_mixin.py:115} INFO - [2023-10-17 13:02:41,538] {dag.py:2919} INFO - Setting next_dagrun for example_bash_operator to 2023-10-16T00:00:00+00:00, run_after=2023-10-17T00:00:00+00:00
[2023-10-17 13:02:41,552] {processor.py:161} INFO - Processing /home/airflow/.local/lib/python3.7/site-packages/airflow/example_dags/example_bash_operator.py took 0.084 seconds
[2023-10-17 13:03:11,967] {processor.py:153} INFO - Started process (PID=294) to work on /home/airflow/.local/lib/python3.7/site-packages/airflow/example_dags/example_bash_operator.py
[2023-10-17 13:03:11,969] {processor.py:641} INFO - Processing file /home/airflow/.local/lib/python3.7/site-packages/airflow/example_dags/example_bash_operator.py for tasks to queue
[2023-10-17 13:03:11,970] {logging_mixin.py:115} INFO - [2023-10-17 13:03:11,970] {dagbag.py:507} INFO - Filling up the DagBag from /home/airflow/.local/lib/python3.7/site-packages/airflow/example_dags/example_bash_operator.py
[2023-10-17 13:03:11,986] {processor.py:651} INFO - DAG(s) dict_keys(['example_bash_operator']) retrieved from /home/airflow/.local/lib/python3.7/site-packages/airflow/example_dags/example_bash_operator.py
[2023-10-17 13:03:12,012] {logging_mixin.py:115} INFO - [2023-10-17 13:03:12,011] {dag.py:2371} INFO - Sync 1 DAGs
[2023-10-17 13:03:12,040] {logging_mixin.py:115} INFO - [2023-10-17 13:03:12,040] {dag.py:2919} INFO - Setting next_dagrun for example_bash_operator to 2023-10-16T00:00:00+00:00, run_after=2023-10-17T00:00:00+00:00
[2023-10-17 13:03:12,054] {processor.py:161} INFO - Processing /home/airflow/.local/lib/python3.7/site-packages/airflow/example_dags/example_bash_operator.py took 0.090 seconds
[2023-10-17 13:03:42,704] {processor.py:153} INFO - Started process (PID=358) to work on /home/airflow/.local/lib/python3.7/site-packages/airflow/example_dags/example_bash_operator.py
[2023-10-17 13:03:42,705] {processor.py:641} INFO - Processing file /home/airflow/.local/lib/python3.7/site-packages/airflow/example_dags/example_bash_operator.py for tasks to queue
[2023-10-17 13:03:42,706] {logging_mixin.py:115} INFO - [2023-10-17 13:03:42,706] {dagbag.py:507} INFO - Filling up the DagBag from /home/airflow/.local/lib/python3.7/site-packages/airflow/example_dags/example_bash_operator.py
[2023-10-17 13:03:42,724] {processor.py:651} INFO - DAG(s) dict_keys(['example_bash_operator']) retrieved from /home/airflow/.local/lib/python3.7/site-packages/airflow/example_dags/example_bash_operator.py
[2023-10-17 13:03:42,758] {logging_mixin.py:115} INFO - [2023-10-17 13:03:42,758] {dag.py:2371} INFO - Sync 1 DAGs
[2023-10-17 13:03:42,788] {logging_mixin.py:115} INFO - [2023-10-17 13:03:42,788] {dag.py:2919} INFO - Setting next_dagrun for example_bash_operator to 2023-10-16T00:00:00+00:00, run_after=2023-10-17T00:00:00+00:00
[2023-10-17 13:03:42,804] {processor.py:161} INFO - Processing /home/airflow/.local/lib/python3.7/site-packages/airflow/example_dags/example_bash_operator.py took 0.104 seconds
[2023-10-17 13:04:13,327] {processor.py:153} INFO - Started process (PID=411) to work on /home/airflow/.local/lib/python3.7/site-packages/airflow/example_dags/example_bash_operator.py
[2023-10-17 13:04:13,329] {processor.py:641} INFO - Processing file /home/airflow/.local/lib/python3.7/site-packages/airflow/example_dags/example_bash_operator.py for tasks to queue
[2023-10-17 13:04:13,331] {logging_mixin.py:115} INFO - [2023-10-17 13:04:13,331] {dagbag.py:507} INFO - Filling up the DagBag from /home/airflow/.local/lib/python3.7/site-packages/airflow/example_dags/example_bash_operator.py
[2023-10-17 13:04:13,364] {processor.py:651} INFO - DAG(s) dict_keys(['example_bash_operator']) retrieved from /home/airflow/.local/lib/python3.7/site-packages/airflow/example_dags/example_bash_operator.py
[2023-10-17 13:04:13,429] {logging_mixin.py:115} INFO - [2023-10-17 13:04:13,429] {dag.py:2371} INFO - Sync 1 DAGs
[2023-10-17 13:04:13,466] {logging_mixin.py:115} INFO - [2023-10-17 13:04:13,466] {dag.py:2919} INFO - Setting next_dagrun for example_bash_operator to 2023-10-16T00:00:00+00:00, run_after=2023-10-17T00:00:00+00:00
[2023-10-17 13:04:13,493] {processor.py:161} INFO - Processing /home/airflow/.local/lib/python3.7/site-packages/airflow/example_dags/example_bash_operator.py took 0.173 seconds
[2023-10-17 13:04:44,281] {processor.py:153} INFO - Started process (PID=474) to work on /home/airflow/.local/lib/python3.7/site-packages/airflow/example_dags/example_bash_operator.py
[2023-10-17 13:04:44,282] {processor.py:641} INFO - Processing file /home/airflow/.local/lib/python3.7/site-packages/airflow/example_dags/example_bash_operator.py for tasks to queue
[2023-10-17 13:04:44,283] {logging_mixin.py:115} INFO - [2023-10-17 13:04:44,283] {dagbag.py:507} INFO - Filling up the DagBag from /home/airflow/.local/lib/python3.7/site-packages/airflow/example_dags/example_bash_operator.py
[2023-10-17 13:04:44,307] {processor.py:651} INFO - DAG(s) dict_keys(['example_bash_operator']) retrieved from /home/airflow/.local/lib/python3.7/site-packages/airflow/example_dags/example_bash_operator.py
[2023-10-17 13:04:44,341] {logging_mixin.py:115} INFO - [2023-10-17 13:04:44,341] {dag.py:2371} INFO - Sync 1 DAGs
[2023-10-17 13:04:44,369] {logging_mixin.py:115} INFO - [2023-10-17 13:04:44,369] {dag.py:2919} INFO - Setting next_dagrun for example_bash_operator to 2023-10-16T00:00:00+00:00, run_after=2023-10-17T00:00:00+00:00
[2023-10-17 13:04:44,385] {processor.py:161} INFO - Processing /home/airflow/.local/lib/python3.7/site-packages/airflow/example_dags/example_bash_operator.py took 0.108 seconds
[2023-10-17 13:05:14,450] {processor.py:153} INFO - Started process (PID=528) to work on /home/airflow/.local/lib/python3.7/site-packages/airflow/example_dags/example_bash_operator.py
[2023-10-17 13:05:14,451] {processor.py:641} INFO - Processing file /home/airflow/.local/lib/python3.7/site-packages/airflow/example_dags/example_bash_operator.py for tasks to queue
[2023-10-17 13:05:14,452] {logging_mixin.py:115} INFO - [2023-10-17 13:05:14,452] {dagbag.py:507} INFO - Filling up the DagBag from /home/airflow/.local/lib/python3.7/site-packages/airflow/example_dags/example_bash_operator.py
[2023-10-17 13:05:14,468] {processor.py:651} INFO - DAG(s) dict_keys(['example_bash_operator']) retrieved from /home/airflow/.local/lib/python3.7/site-packages/airflow/example_dags/example_bash_operator.py
[2023-10-17 13:05:14,491] {logging_mixin.py:115} INFO - [2023-10-17 13:05:14,491] {dag.py:2371} INFO - Sync 1 DAGs
[2023-10-17 13:05:14,516] {logging_mixin.py:115} INFO - [2023-10-17 13:05:14,515] {dag.py:2919} INFO - Setting next_dagrun for example_bash_operator to 2023-10-16T00:00:00+00:00, run_after=2023-10-17T00:00:00+00:00
[2023-10-17 13:05:14,529] {processor.py:161} INFO - Processing /home/airflow/.local/lib/python3.7/site-packages/airflow/example_dags/example_bash_operator.py took 0.082 seconds
