[2023-10-17 13:01:11,291] {processor.py:153} INFO - Started process (PID=79) to work on /home/airflow/.local/lib/python3.7/site-packages/airflow/example_dags/example_branch_operator_decorator.py
[2023-10-17 13:01:11,292] {processor.py:641} INFO - Processing file /home/airflow/.local/lib/python3.7/site-packages/airflow/example_dags/example_branch_operator_decorator.py for tasks to queue
[2023-10-17 13:01:11,293] {logging_mixin.py:115} INFO - [2023-10-17 13:01:11,293] {dagbag.py:507} INFO - Filling up the DagBag from /home/airflow/.local/lib/python3.7/site-packages/airflow/example_dags/example_branch_operator_decorator.py
[2023-10-17 13:01:11,321] {processor.py:651} INFO - DAG(s) dict_keys(['example_branch_python_operator_decorator']) retrieved from /home/airflow/.local/lib/python3.7/site-packages/airflow/example_dags/example_branch_operator_decorator.py
[2023-10-17 13:01:11,357] {logging_mixin.py:115} INFO - [2023-10-17 13:01:11,357] {dag.py:2371} INFO - Sync 1 DAGs
[2023-10-17 13:01:11,396] {logging_mixin.py:115} INFO - [2023-10-17 13:01:11,396] {dag.py:2919} INFO - Setting next_dagrun for example_branch_python_operator_decorator to 2023-10-16T00:00:00+00:00, run_after=2023-10-17T00:00:00+00:00
[2023-10-17 13:01:11,412] {processor.py:161} INFO - Processing /home/airflow/.local/lib/python3.7/site-packages/airflow/example_dags/example_branch_operator_decorator.py took 0.126 seconds
[2023-10-17 13:01:42,555] {processor.py:153} INFO - Started process (PID=134) to work on /home/airflow/.local/lib/python3.7/site-packages/airflow/example_dags/example_branch_operator_decorator.py
[2023-10-17 13:01:42,559] {processor.py:641} INFO - Processing file /home/airflow/.local/lib/python3.7/site-packages/airflow/example_dags/example_branch_operator_decorator.py for tasks to queue
[2023-10-17 13:01:42,561] {logging_mixin.py:115} INFO - [2023-10-17 13:01:42,560] {dagbag.py:507} INFO - Filling up the DagBag from /home/airflow/.local/lib/python3.7/site-packages/airflow/example_dags/example_branch_operator_decorator.py
[2023-10-17 13:01:42,591] {processor.py:651} INFO - DAG(s) dict_keys(['example_branch_python_operator_decorator']) retrieved from /home/airflow/.local/lib/python3.7/site-packages/airflow/example_dags/example_branch_operator_decorator.py
[2023-10-17 13:01:42,631] {logging_mixin.py:115} INFO - [2023-10-17 13:01:42,631] {dag.py:2371} INFO - Sync 1 DAGs
[2023-10-17 13:01:42,679] {logging_mixin.py:115} INFO - [2023-10-17 13:01:42,678] {dag.py:2919} INFO - Setting next_dagrun for example_branch_python_operator_decorator to 2023-10-16T00:00:00+00:00, run_after=2023-10-17T00:00:00+00:00
[2023-10-17 13:01:42,709] {processor.py:161} INFO - Processing /home/airflow/.local/lib/python3.7/site-packages/airflow/example_dags/example_branch_operator_decorator.py took 0.159 seconds
[2023-10-17 13:02:13,056] {processor.py:153} INFO - Started process (PID=197) to work on /home/airflow/.local/lib/python3.7/site-packages/airflow/example_dags/example_branch_operator_decorator.py
[2023-10-17 13:02:13,058] {processor.py:641} INFO - Processing file /home/airflow/.local/lib/python3.7/site-packages/airflow/example_dags/example_branch_operator_decorator.py for tasks to queue
[2023-10-17 13:02:13,059] {logging_mixin.py:115} INFO - [2023-10-17 13:02:13,059] {dagbag.py:507} INFO - Filling up the DagBag from /home/airflow/.local/lib/python3.7/site-packages/airflow/example_dags/example_branch_operator_decorator.py
[2023-10-17 13:02:13,088] {processor.py:651} INFO - DAG(s) dict_keys(['example_branch_python_operator_decorator']) retrieved from /home/airflow/.local/lib/python3.7/site-packages/airflow/example_dags/example_branch_operator_decorator.py
[2023-10-17 13:02:13,120] {logging_mixin.py:115} INFO - [2023-10-17 13:02:13,120] {dag.py:2371} INFO - Sync 1 DAGs
[2023-10-17 13:02:13,144] {logging_mixin.py:115} INFO - [2023-10-17 13:02:13,144] {dag.py:2919} INFO - Setting next_dagrun for example_branch_python_operator_decorator to 2023-10-16T00:00:00+00:00, run_after=2023-10-17T00:00:00+00:00
[2023-10-17 13:02:13,160] {processor.py:161} INFO - Processing /home/airflow/.local/lib/python3.7/site-packages/airflow/example_dags/example_branch_operator_decorator.py took 0.109 seconds
[2023-10-17 13:02:43,216] {processor.py:153} INFO - Started process (PID=260) to work on /home/airflow/.local/lib/python3.7/site-packages/airflow/example_dags/example_branch_operator_decorator.py
[2023-10-17 13:02:43,217] {processor.py:641} INFO - Processing file /home/airflow/.local/lib/python3.7/site-packages/airflow/example_dags/example_branch_operator_decorator.py for tasks to queue
[2023-10-17 13:02:43,218] {logging_mixin.py:115} INFO - [2023-10-17 13:02:43,218] {dagbag.py:507} INFO - Filling up the DagBag from /home/airflow/.local/lib/python3.7/site-packages/airflow/example_dags/example_branch_operator_decorator.py
[2023-10-17 13:02:43,246] {processor.py:651} INFO - DAG(s) dict_keys(['example_branch_python_operator_decorator']) retrieved from /home/airflow/.local/lib/python3.7/site-packages/airflow/example_dags/example_branch_operator_decorator.py
[2023-10-17 13:02:43,277] {logging_mixin.py:115} INFO - [2023-10-17 13:02:43,276] {dag.py:2371} INFO - Sync 1 DAGs
[2023-10-17 13:02:43,306] {logging_mixin.py:115} INFO - [2023-10-17 13:02:43,306] {dag.py:2919} INFO - Setting next_dagrun for example_branch_python_operator_decorator to 2023-10-16T00:00:00+00:00, run_after=2023-10-17T00:00:00+00:00
[2023-10-17 13:02:43,320] {processor.py:161} INFO - Processing /home/airflow/.local/lib/python3.7/site-packages/airflow/example_dags/example_branch_operator_decorator.py took 0.108 seconds
[2023-10-17 13:03:13,954] {processor.py:153} INFO - Started process (PID=315) to work on /home/airflow/.local/lib/python3.7/site-packages/airflow/example_dags/example_branch_operator_decorator.py
[2023-10-17 13:03:13,956] {processor.py:641} INFO - Processing file /home/airflow/.local/lib/python3.7/site-packages/airflow/example_dags/example_branch_operator_decorator.py for tasks to queue
[2023-10-17 13:03:13,957] {logging_mixin.py:115} INFO - [2023-10-17 13:03:13,957] {dagbag.py:507} INFO - Filling up the DagBag from /home/airflow/.local/lib/python3.7/site-packages/airflow/example_dags/example_branch_operator_decorator.py
[2023-10-17 13:03:13,985] {processor.py:651} INFO - DAG(s) dict_keys(['example_branch_python_operator_decorator']) retrieved from /home/airflow/.local/lib/python3.7/site-packages/airflow/example_dags/example_branch_operator_decorator.py
[2023-10-17 13:03:14,015] {logging_mixin.py:115} INFO - [2023-10-17 13:03:14,015] {dag.py:2371} INFO - Sync 1 DAGs
[2023-10-17 13:03:14,036] {logging_mixin.py:115} INFO - [2023-10-17 13:03:14,036] {dag.py:2919} INFO - Setting next_dagrun for example_branch_python_operator_decorator to 2023-10-16T00:00:00+00:00, run_after=2023-10-17T00:00:00+00:00
[2023-10-17 13:03:14,049] {processor.py:161} INFO - Processing /home/airflow/.local/lib/python3.7/site-packages/airflow/example_dags/example_branch_operator_decorator.py took 0.098 seconds
[2023-10-17 13:03:44,494] {processor.py:153} INFO - Started process (PID=379) to work on /home/airflow/.local/lib/python3.7/site-packages/airflow/example_dags/example_branch_operator_decorator.py
[2023-10-17 13:03:44,495] {processor.py:641} INFO - Processing file /home/airflow/.local/lib/python3.7/site-packages/airflow/example_dags/example_branch_operator_decorator.py for tasks to queue
[2023-10-17 13:03:44,496] {logging_mixin.py:115} INFO - [2023-10-17 13:03:44,496] {dagbag.py:507} INFO - Filling up the DagBag from /home/airflow/.local/lib/python3.7/site-packages/airflow/example_dags/example_branch_operator_decorator.py
[2023-10-17 13:03:44,522] {processor.py:651} INFO - DAG(s) dict_keys(['example_branch_python_operator_decorator']) retrieved from /home/airflow/.local/lib/python3.7/site-packages/airflow/example_dags/example_branch_operator_decorator.py
[2023-10-17 13:03:44,550] {logging_mixin.py:115} INFO - [2023-10-17 13:03:44,550] {dag.py:2371} INFO - Sync 1 DAGs
[2023-10-17 13:03:44,576] {logging_mixin.py:115} INFO - [2023-10-17 13:03:44,576] {dag.py:2919} INFO - Setting next_dagrun for example_branch_python_operator_decorator to 2023-10-16T00:00:00+00:00, run_after=2023-10-17T00:00:00+00:00
[2023-10-17 13:03:44,596] {processor.py:161} INFO - Processing /home/airflow/.local/lib/python3.7/site-packages/airflow/example_dags/example_branch_operator_decorator.py took 0.106 seconds
[2023-10-17 13:04:15,657] {processor.py:153} INFO - Started process (PID=440) to work on /home/airflow/.local/lib/python3.7/site-packages/airflow/example_dags/example_branch_operator_decorator.py
[2023-10-17 13:04:15,658] {processor.py:641} INFO - Processing file /home/airflow/.local/lib/python3.7/site-packages/airflow/example_dags/example_branch_operator_decorator.py for tasks to queue
[2023-10-17 13:04:15,660] {logging_mixin.py:115} INFO - [2023-10-17 13:04:15,660] {dagbag.py:507} INFO - Filling up the DagBag from /home/airflow/.local/lib/python3.7/site-packages/airflow/example_dags/example_branch_operator_decorator.py
[2023-10-17 13:04:15,687] {processor.py:651} INFO - DAG(s) dict_keys(['example_branch_python_operator_decorator']) retrieved from /home/airflow/.local/lib/python3.7/site-packages/airflow/example_dags/example_branch_operator_decorator.py
[2023-10-17 13:04:15,713] {logging_mixin.py:115} INFO - [2023-10-17 13:04:15,713] {dag.py:2371} INFO - Sync 1 DAGs
[2023-10-17 13:04:15,742] {logging_mixin.py:115} INFO - [2023-10-17 13:04:15,742] {dag.py:2919} INFO - Setting next_dagrun for example_branch_python_operator_decorator to 2023-10-16T00:00:00+00:00, run_after=2023-10-17T00:00:00+00:00
[2023-10-17 13:04:15,756] {processor.py:161} INFO - Processing /home/airflow/.local/lib/python3.7/site-packages/airflow/example_dags/example_branch_operator_decorator.py took 0.104 seconds
[2023-10-17 13:04:46,186] {processor.py:153} INFO - Started process (PID=496) to work on /home/airflow/.local/lib/python3.7/site-packages/airflow/example_dags/example_branch_operator_decorator.py
[2023-10-17 13:04:46,187] {processor.py:641} INFO - Processing file /home/airflow/.local/lib/python3.7/site-packages/airflow/example_dags/example_branch_operator_decorator.py for tasks to queue
[2023-10-17 13:04:46,188] {logging_mixin.py:115} INFO - [2023-10-17 13:04:46,188] {dagbag.py:507} INFO - Filling up the DagBag from /home/airflow/.local/lib/python3.7/site-packages/airflow/example_dags/example_branch_operator_decorator.py
[2023-10-17 13:04:46,216] {processor.py:651} INFO - DAG(s) dict_keys(['example_branch_python_operator_decorator']) retrieved from /home/airflow/.local/lib/python3.7/site-packages/airflow/example_dags/example_branch_operator_decorator.py
[2023-10-17 13:04:46,252] {logging_mixin.py:115} INFO - [2023-10-17 13:04:46,252] {dag.py:2371} INFO - Sync 1 DAGs
[2023-10-17 13:04:46,287] {logging_mixin.py:115} INFO - [2023-10-17 13:04:46,287] {dag.py:2919} INFO - Setting next_dagrun for example_branch_python_operator_decorator to 2023-10-16T00:00:00+00:00, run_after=2023-10-17T00:00:00+00:00
[2023-10-17 13:04:46,302] {processor.py:161} INFO - Processing /home/airflow/.local/lib/python3.7/site-packages/airflow/example_dags/example_branch_operator_decorator.py took 0.120 seconds
[2023-10-17 13:05:17,005] {processor.py:153} INFO - Started process (PID=559) to work on /home/airflow/.local/lib/python3.7/site-packages/airflow/example_dags/example_branch_operator_decorator.py
[2023-10-17 13:05:17,006] {processor.py:641} INFO - Processing file /home/airflow/.local/lib/python3.7/site-packages/airflow/example_dags/example_branch_operator_decorator.py for tasks to queue
[2023-10-17 13:05:17,007] {logging_mixin.py:115} INFO - [2023-10-17 13:05:17,007] {dagbag.py:507} INFO - Filling up the DagBag from /home/airflow/.local/lib/python3.7/site-packages/airflow/example_dags/example_branch_operator_decorator.py
[2023-10-17 13:05:17,031] {processor.py:651} INFO - DAG(s) dict_keys(['example_branch_python_operator_decorator']) retrieved from /home/airflow/.local/lib/python3.7/site-packages/airflow/example_dags/example_branch_operator_decorator.py
[2023-10-17 13:05:17,057] {logging_mixin.py:115} INFO - [2023-10-17 13:05:17,057] {dag.py:2371} INFO - Sync 1 DAGs
[2023-10-17 13:05:17,078] {logging_mixin.py:115} INFO - [2023-10-17 13:05:17,078] {dag.py:2919} INFO - Setting next_dagrun for example_branch_python_operator_decorator to 2023-10-16T00:00:00+00:00, run_after=2023-10-17T00:00:00+00:00
[2023-10-17 13:05:17,093] {processor.py:161} INFO - Processing /home/airflow/.local/lib/python3.7/site-packages/airflow/example_dags/example_branch_operator_decorator.py took 0.092 seconds
