[2023-10-17 13:01:11,238] {processor.py:153} INFO - Started process (PID=78) to work on /home/airflow/.local/lib/python3.7/site-packages/airflow/example_dags/example_local_kubernetes_executor.py
[2023-10-17 13:01:11,239] {processor.py:641} INFO - Processing file /home/airflow/.local/lib/python3.7/site-packages/airflow/example_dags/example_local_kubernetes_executor.py for tasks to queue
[2023-10-17 13:01:11,241] {logging_mixin.py:115} INFO - [2023-10-17 13:01:11,241] {dagbag.py:507} INFO - Filling up the DagBag from /home/airflow/.local/lib/python3.7/site-packages/airflow/example_dags/example_local_kubernetes_executor.py
[2023-10-17 13:01:11,268] {processor.py:651} INFO - DAG(s) dict_keys(['example_local_kubernetes_executor']) retrieved from /home/airflow/.local/lib/python3.7/site-packages/airflow/example_dags/example_local_kubernetes_executor.py
[2023-10-17 13:01:11,301] {logging_mixin.py:115} INFO - [2023-10-17 13:01:11,301] {dag.py:2371} INFO - Sync 1 DAGs
[2023-10-17 13:01:11,330] {logging_mixin.py:115} INFO - [2023-10-17 13:01:11,330] {dag.py:2919} INFO - Setting next_dagrun for example_local_kubernetes_executor to None, run_after=None
[2023-10-17 13:01:11,352] {processor.py:161} INFO - Processing /home/airflow/.local/lib/python3.7/site-packages/airflow/example_dags/example_local_kubernetes_executor.py took 0.118 seconds
[2023-10-17 13:01:42,400] {processor.py:153} INFO - Started process (PID=133) to work on /home/airflow/.local/lib/python3.7/site-packages/airflow/example_dags/example_local_kubernetes_executor.py
[2023-10-17 13:01:42,402] {processor.py:641} INFO - Processing file /home/airflow/.local/lib/python3.7/site-packages/airflow/example_dags/example_local_kubernetes_executor.py for tasks to queue
[2023-10-17 13:01:42,403] {logging_mixin.py:115} INFO - [2023-10-17 13:01:42,403] {dagbag.py:507} INFO - Filling up the DagBag from /home/airflow/.local/lib/python3.7/site-packages/airflow/example_dags/example_local_kubernetes_executor.py
[2023-10-17 13:01:42,427] {processor.py:651} INFO - DAG(s) dict_keys(['example_local_kubernetes_executor']) retrieved from /home/airflow/.local/lib/python3.7/site-packages/airflow/example_dags/example_local_kubernetes_executor.py
[2023-10-17 13:01:42,456] {logging_mixin.py:115} INFO - [2023-10-17 13:01:42,456] {dag.py:2371} INFO - Sync 1 DAGs
[2023-10-17 13:01:42,482] {logging_mixin.py:115} INFO - [2023-10-17 13:01:42,482] {dag.py:2919} INFO - Setting next_dagrun for example_local_kubernetes_executor to None, run_after=None
[2023-10-17 13:01:42,496] {processor.py:161} INFO - Processing /home/airflow/.local/lib/python3.7/site-packages/airflow/example_dags/example_local_kubernetes_executor.py took 0.099 seconds
[2023-10-17 13:02:12,865] {processor.py:153} INFO - Started process (PID=196) to work on /home/airflow/.local/lib/python3.7/site-packages/airflow/example_dags/example_local_kubernetes_executor.py
[2023-10-17 13:02:12,867] {processor.py:641} INFO - Processing file /home/airflow/.local/lib/python3.7/site-packages/airflow/example_dags/example_local_kubernetes_executor.py for tasks to queue
[2023-10-17 13:02:12,870] {logging_mixin.py:115} INFO - [2023-10-17 13:02:12,869] {dagbag.py:507} INFO - Filling up the DagBag from /home/airflow/.local/lib/python3.7/site-packages/airflow/example_dags/example_local_kubernetes_executor.py
[2023-10-17 13:02:12,910] {processor.py:651} INFO - DAG(s) dict_keys(['example_local_kubernetes_executor']) retrieved from /home/airflow/.local/lib/python3.7/site-packages/airflow/example_dags/example_local_kubernetes_executor.py
[2023-10-17 13:02:12,960] {logging_mixin.py:115} INFO - [2023-10-17 13:02:12,959] {dag.py:2371} INFO - Sync 1 DAGs
[2023-10-17 13:02:12,980] {logging_mixin.py:115} INFO - [2023-10-17 13:02:12,980] {dag.py:2919} INFO - Setting next_dagrun for example_local_kubernetes_executor to None, run_after=None
[2023-10-17 13:02:12,992] {processor.py:161} INFO - Processing /home/airflow/.local/lib/python3.7/site-packages/airflow/example_dags/example_local_kubernetes_executor.py took 0.133 seconds
[2023-10-17 13:02:43,215] {processor.py:153} INFO - Started process (PID=259) to work on /home/airflow/.local/lib/python3.7/site-packages/airflow/example_dags/example_local_kubernetes_executor.py
[2023-10-17 13:02:43,217] {processor.py:641} INFO - Processing file /home/airflow/.local/lib/python3.7/site-packages/airflow/example_dags/example_local_kubernetes_executor.py for tasks to queue
[2023-10-17 13:02:43,218] {logging_mixin.py:115} INFO - [2023-10-17 13:02:43,218] {dagbag.py:507} INFO - Filling up the DagBag from /home/airflow/.local/lib/python3.7/site-packages/airflow/example_dags/example_local_kubernetes_executor.py
[2023-10-17 13:02:43,244] {processor.py:651} INFO - DAG(s) dict_keys(['example_local_kubernetes_executor']) retrieved from /home/airflow/.local/lib/python3.7/site-packages/airflow/example_dags/example_local_kubernetes_executor.py
[2023-10-17 13:02:43,276] {logging_mixin.py:115} INFO - [2023-10-17 13:02:43,276] {dag.py:2371} INFO - Sync 1 DAGs
[2023-10-17 13:02:43,302] {logging_mixin.py:115} INFO - [2023-10-17 13:02:43,302] {dag.py:2919} INFO - Setting next_dagrun for example_local_kubernetes_executor to None, run_after=None
[2023-10-17 13:02:43,319] {processor.py:161} INFO - Processing /home/airflow/.local/lib/python3.7/site-packages/airflow/example_dags/example_local_kubernetes_executor.py took 0.107 seconds
[2023-10-17 13:03:13,816] {processor.py:153} INFO - Started process (PID=314) to work on /home/airflow/.local/lib/python3.7/site-packages/airflow/example_dags/example_local_kubernetes_executor.py
[2023-10-17 13:03:13,817] {processor.py:641} INFO - Processing file /home/airflow/.local/lib/python3.7/site-packages/airflow/example_dags/example_local_kubernetes_executor.py for tasks to queue
[2023-10-17 13:03:13,818] {logging_mixin.py:115} INFO - [2023-10-17 13:03:13,818] {dagbag.py:507} INFO - Filling up the DagBag from /home/airflow/.local/lib/python3.7/site-packages/airflow/example_dags/example_local_kubernetes_executor.py
[2023-10-17 13:03:13,840] {processor.py:651} INFO - DAG(s) dict_keys(['example_local_kubernetes_executor']) retrieved from /home/airflow/.local/lib/python3.7/site-packages/airflow/example_dags/example_local_kubernetes_executor.py
[2023-10-17 13:03:13,863] {logging_mixin.py:115} INFO - [2023-10-17 13:03:13,863] {dag.py:2371} INFO - Sync 1 DAGs
[2023-10-17 13:03:13,883] {logging_mixin.py:115} INFO - [2023-10-17 13:03:13,883] {dag.py:2919} INFO - Setting next_dagrun for example_local_kubernetes_executor to None, run_after=None
[2023-10-17 13:03:13,897] {processor.py:161} INFO - Processing /home/airflow/.local/lib/python3.7/site-packages/airflow/example_dags/example_local_kubernetes_executor.py took 0.084 seconds
[2023-10-17 13:03:44,419] {processor.py:153} INFO - Started process (PID=378) to work on /home/airflow/.local/lib/python3.7/site-packages/airflow/example_dags/example_local_kubernetes_executor.py
[2023-10-17 13:03:44,420] {processor.py:641} INFO - Processing file /home/airflow/.local/lib/python3.7/site-packages/airflow/example_dags/example_local_kubernetes_executor.py for tasks to queue
[2023-10-17 13:03:44,421] {logging_mixin.py:115} INFO - [2023-10-17 13:03:44,421] {dagbag.py:507} INFO - Filling up the DagBag from /home/airflow/.local/lib/python3.7/site-packages/airflow/example_dags/example_local_kubernetes_executor.py
[2023-10-17 13:03:44,441] {processor.py:651} INFO - DAG(s) dict_keys(['example_local_kubernetes_executor']) retrieved from /home/airflow/.local/lib/python3.7/site-packages/airflow/example_dags/example_local_kubernetes_executor.py
[2023-10-17 13:03:44,466] {logging_mixin.py:115} INFO - [2023-10-17 13:03:44,466] {dag.py:2371} INFO - Sync 1 DAGs
[2023-10-17 13:03:44,491] {logging_mixin.py:115} INFO - [2023-10-17 13:03:44,491] {dag.py:2919} INFO - Setting next_dagrun for example_local_kubernetes_executor to None, run_after=None
[2023-10-17 13:03:44,503] {processor.py:161} INFO - Processing /home/airflow/.local/lib/python3.7/site-packages/airflow/example_dags/example_local_kubernetes_executor.py took 0.088 seconds
[2023-10-17 13:04:15,596] {processor.py:153} INFO - Started process (PID=439) to work on /home/airflow/.local/lib/python3.7/site-packages/airflow/example_dags/example_local_kubernetes_executor.py
[2023-10-17 13:04:15,597] {processor.py:641} INFO - Processing file /home/airflow/.local/lib/python3.7/site-packages/airflow/example_dags/example_local_kubernetes_executor.py for tasks to queue
[2023-10-17 13:04:15,598] {logging_mixin.py:115} INFO - [2023-10-17 13:04:15,598] {dagbag.py:507} INFO - Filling up the DagBag from /home/airflow/.local/lib/python3.7/site-packages/airflow/example_dags/example_local_kubernetes_executor.py
[2023-10-17 13:04:15,624] {processor.py:651} INFO - DAG(s) dict_keys(['example_local_kubernetes_executor']) retrieved from /home/airflow/.local/lib/python3.7/site-packages/airflow/example_dags/example_local_kubernetes_executor.py
[2023-10-17 13:04:15,660] {logging_mixin.py:115} INFO - [2023-10-17 13:04:15,660] {dag.py:2371} INFO - Sync 1 DAGs
[2023-10-17 13:04:15,686] {logging_mixin.py:115} INFO - [2023-10-17 13:04:15,686] {dag.py:2919} INFO - Setting next_dagrun for example_local_kubernetes_executor to None, run_after=None
[2023-10-17 13:04:15,699] {processor.py:161} INFO - Processing /home/airflow/.local/lib/python3.7/site-packages/airflow/example_dags/example_local_kubernetes_executor.py took 0.106 seconds
[2023-10-17 13:04:46,094] {processor.py:153} INFO - Started process (PID=495) to work on /home/airflow/.local/lib/python3.7/site-packages/airflow/example_dags/example_local_kubernetes_executor.py
[2023-10-17 13:04:46,096] {processor.py:641} INFO - Processing file /home/airflow/.local/lib/python3.7/site-packages/airflow/example_dags/example_local_kubernetes_executor.py for tasks to queue
[2023-10-17 13:04:46,097] {logging_mixin.py:115} INFO - [2023-10-17 13:04:46,097] {dagbag.py:507} INFO - Filling up the DagBag from /home/airflow/.local/lib/python3.7/site-packages/airflow/example_dags/example_local_kubernetes_executor.py
[2023-10-17 13:04:46,124] {processor.py:651} INFO - DAG(s) dict_keys(['example_local_kubernetes_executor']) retrieved from /home/airflow/.local/lib/python3.7/site-packages/airflow/example_dags/example_local_kubernetes_executor.py
[2023-10-17 13:04:46,154] {logging_mixin.py:115} INFO - [2023-10-17 13:04:46,154] {dag.py:2371} INFO - Sync 1 DAGs
[2023-10-17 13:04:46,186] {logging_mixin.py:115} INFO - [2023-10-17 13:04:46,186] {dag.py:2919} INFO - Setting next_dagrun for example_local_kubernetes_executor to None, run_after=None
[2023-10-17 13:04:46,200] {processor.py:161} INFO - Processing /home/airflow/.local/lib/python3.7/site-packages/airflow/example_dags/example_local_kubernetes_executor.py took 0.110 seconds
[2023-10-17 13:05:16,993] {processor.py:153} INFO - Started process (PID=558) to work on /home/airflow/.local/lib/python3.7/site-packages/airflow/example_dags/example_local_kubernetes_executor.py
[2023-10-17 13:05:16,994] {processor.py:641} INFO - Processing file /home/airflow/.local/lib/python3.7/site-packages/airflow/example_dags/example_local_kubernetes_executor.py for tasks to queue
[2023-10-17 13:05:16,995] {logging_mixin.py:115} INFO - [2023-10-17 13:05:16,995] {dagbag.py:507} INFO - Filling up the DagBag from /home/airflow/.local/lib/python3.7/site-packages/airflow/example_dags/example_local_kubernetes_executor.py
[2023-10-17 13:05:17,021] {processor.py:651} INFO - DAG(s) dict_keys(['example_local_kubernetes_executor']) retrieved from /home/airflow/.local/lib/python3.7/site-packages/airflow/example_dags/example_local_kubernetes_executor.py
[2023-10-17 13:05:17,045] {logging_mixin.py:115} INFO - [2023-10-17 13:05:17,045] {dag.py:2371} INFO - Sync 1 DAGs
[2023-10-17 13:05:17,066] {logging_mixin.py:115} INFO - [2023-10-17 13:05:17,066] {dag.py:2919} INFO - Setting next_dagrun for example_local_kubernetes_executor to None, run_after=None
[2023-10-17 13:05:17,079] {processor.py:161} INFO - Processing /home/airflow/.local/lib/python3.7/site-packages/airflow/example_dags/example_local_kubernetes_executor.py took 0.089 seconds
