[2023-10-17 13:01:09,886] {processor.py:153} INFO - Started process (PID=61) to work on /home/airflow/.local/lib/python3.7/site-packages/airflow/example_dags/example_branch_operator.py
[2023-10-17 13:01:09,887] {processor.py:641} INFO - Processing file /home/airflow/.local/lib/python3.7/site-packages/airflow/example_dags/example_branch_operator.py for tasks to queue
[2023-10-17 13:01:09,888] {logging_mixin.py:115} INFO - [2023-10-17 13:01:09,888] {dagbag.py:507} INFO - Filling up the DagBag from /home/airflow/.local/lib/python3.7/site-packages/airflow/example_dags/example_branch_operator.py
[2023-10-17 13:01:09,909] {processor.py:651} INFO - DAG(s) dict_keys(['example_branch_operator']) retrieved from /home/airflow/.local/lib/python3.7/site-packages/airflow/example_dags/example_branch_operator.py
[2023-10-17 13:01:09,942] {logging_mixin.py:115} INFO - [2023-10-17 13:01:09,942] {dag.py:2371} INFO - Sync 1 DAGs
[2023-10-17 13:01:09,968] {logging_mixin.py:115} INFO - [2023-10-17 13:01:09,968] {dag.py:2919} INFO - Setting next_dagrun for example_branch_operator to 2023-10-16T00:00:00+00:00, run_after=2023-10-17T00:00:00+00:00
[2023-10-17 13:01:09,982] {processor.py:161} INFO - Processing /home/airflow/.local/lib/python3.7/site-packages/airflow/example_dags/example_branch_operator.py took 0.101 seconds
[2023-10-17 13:01:40,494] {processor.py:153} INFO - Started process (PID=116) to work on /home/airflow/.local/lib/python3.7/site-packages/airflow/example_dags/example_branch_operator.py
[2023-10-17 13:01:40,496] {processor.py:641} INFO - Processing file /home/airflow/.local/lib/python3.7/site-packages/airflow/example_dags/example_branch_operator.py for tasks to queue
[2023-10-17 13:01:40,497] {logging_mixin.py:115} INFO - [2023-10-17 13:01:40,497] {dagbag.py:507} INFO - Filling up the DagBag from /home/airflow/.local/lib/python3.7/site-packages/airflow/example_dags/example_branch_operator.py
[2023-10-17 13:01:40,517] {processor.py:651} INFO - DAG(s) dict_keys(['example_branch_operator']) retrieved from /home/airflow/.local/lib/python3.7/site-packages/airflow/example_dags/example_branch_operator.py
[2023-10-17 13:01:40,545] {logging_mixin.py:115} INFO - [2023-10-17 13:01:40,545] {dag.py:2371} INFO - Sync 1 DAGs
[2023-10-17 13:01:40,571] {logging_mixin.py:115} INFO - [2023-10-17 13:01:40,571] {dag.py:2919} INFO - Setting next_dagrun for example_branch_operator to 2023-10-16T00:00:00+00:00, run_after=2023-10-17T00:00:00+00:00
[2023-10-17 13:01:40,584] {processor.py:161} INFO - Processing /home/airflow/.local/lib/python3.7/site-packages/airflow/example_dags/example_branch_operator.py took 0.094 seconds
[2023-10-17 13:02:10,802] {processor.py:153} INFO - Started process (PID=179) to work on /home/airflow/.local/lib/python3.7/site-packages/airflow/example_dags/example_branch_operator.py
[2023-10-17 13:02:10,803] {processor.py:641} INFO - Processing file /home/airflow/.local/lib/python3.7/site-packages/airflow/example_dags/example_branch_operator.py for tasks to queue
[2023-10-17 13:02:10,804] {logging_mixin.py:115} INFO - [2023-10-17 13:02:10,804] {dagbag.py:507} INFO - Filling up the DagBag from /home/airflow/.local/lib/python3.7/site-packages/airflow/example_dags/example_branch_operator.py
[2023-10-17 13:02:10,821] {processor.py:651} INFO - DAG(s) dict_keys(['example_branch_operator']) retrieved from /home/airflow/.local/lib/python3.7/site-packages/airflow/example_dags/example_branch_operator.py
[2023-10-17 13:02:10,850] {logging_mixin.py:115} INFO - [2023-10-17 13:02:10,850] {dag.py:2371} INFO - Sync 1 DAGs
[2023-10-17 13:02:10,879] {logging_mixin.py:115} INFO - [2023-10-17 13:02:10,879] {dag.py:2919} INFO - Setting next_dagrun for example_branch_operator to 2023-10-16T00:00:00+00:00, run_after=2023-10-17T00:00:00+00:00
[2023-10-17 13:02:10,897] {processor.py:161} INFO - Processing /home/airflow/.local/lib/python3.7/site-packages/airflow/example_dags/example_branch_operator.py took 0.098 seconds
[2023-10-17 13:02:41,736] {processor.py:153} INFO - Started process (PID=233) to work on /home/airflow/.local/lib/python3.7/site-packages/airflow/example_dags/example_branch_operator.py
[2023-10-17 13:02:41,737] {processor.py:641} INFO - Processing file /home/airflow/.local/lib/python3.7/site-packages/airflow/example_dags/example_branch_operator.py for tasks to queue
[2023-10-17 13:02:41,738] {logging_mixin.py:115} INFO - [2023-10-17 13:02:41,738] {dagbag.py:507} INFO - Filling up the DagBag from /home/airflow/.local/lib/python3.7/site-packages/airflow/example_dags/example_branch_operator.py
[2023-10-17 13:02:41,753] {processor.py:651} INFO - DAG(s) dict_keys(['example_branch_operator']) retrieved from /home/airflow/.local/lib/python3.7/site-packages/airflow/example_dags/example_branch_operator.py
[2023-10-17 13:02:41,780] {logging_mixin.py:115} INFO - [2023-10-17 13:02:41,780] {dag.py:2371} INFO - Sync 1 DAGs
[2023-10-17 13:02:41,807] {logging_mixin.py:115} INFO - [2023-10-17 13:02:41,807] {dag.py:2919} INFO - Setting next_dagrun for example_branch_operator to 2023-10-16T00:00:00+00:00, run_after=2023-10-17T00:00:00+00:00
[2023-10-17 13:02:41,821] {processor.py:161} INFO - Processing /home/airflow/.local/lib/python3.7/site-packages/airflow/example_dags/example_branch_operator.py took 0.089 seconds
[2023-10-17 13:03:12,238] {processor.py:153} INFO - Started process (PID=297) to work on /home/airflow/.local/lib/python3.7/site-packages/airflow/example_dags/example_branch_operator.py
[2023-10-17 13:03:12,240] {processor.py:641} INFO - Processing file /home/airflow/.local/lib/python3.7/site-packages/airflow/example_dags/example_branch_operator.py for tasks to queue
[2023-10-17 13:03:12,241] {logging_mixin.py:115} INFO - [2023-10-17 13:03:12,241] {dagbag.py:507} INFO - Filling up the DagBag from /home/airflow/.local/lib/python3.7/site-packages/airflow/example_dags/example_branch_operator.py
[2023-10-17 13:03:12,254] {processor.py:651} INFO - DAG(s) dict_keys(['example_branch_operator']) retrieved from /home/airflow/.local/lib/python3.7/site-packages/airflow/example_dags/example_branch_operator.py
[2023-10-17 13:03:12,281] {logging_mixin.py:115} INFO - [2023-10-17 13:03:12,280] {dag.py:2371} INFO - Sync 1 DAGs
[2023-10-17 13:03:12,308] {logging_mixin.py:115} INFO - [2023-10-17 13:03:12,307] {dag.py:2919} INFO - Setting next_dagrun for example_branch_operator to 2023-10-16T00:00:00+00:00, run_after=2023-10-17T00:00:00+00:00
[2023-10-17 13:03:12,322] {processor.py:161} INFO - Processing /home/airflow/.local/lib/python3.7/site-packages/airflow/example_dags/example_branch_operator.py took 0.086 seconds
[2023-10-17 13:03:43,078] {processor.py:153} INFO - Started process (PID=361) to work on /home/airflow/.local/lib/python3.7/site-packages/airflow/example_dags/example_branch_operator.py
[2023-10-17 13:03:43,079] {processor.py:641} INFO - Processing file /home/airflow/.local/lib/python3.7/site-packages/airflow/example_dags/example_branch_operator.py for tasks to queue
[2023-10-17 13:03:43,080] {logging_mixin.py:115} INFO - [2023-10-17 13:03:43,080] {dagbag.py:507} INFO - Filling up the DagBag from /home/airflow/.local/lib/python3.7/site-packages/airflow/example_dags/example_branch_operator.py
[2023-10-17 13:03:43,096] {processor.py:651} INFO - DAG(s) dict_keys(['example_branch_operator']) retrieved from /home/airflow/.local/lib/python3.7/site-packages/airflow/example_dags/example_branch_operator.py
[2023-10-17 13:03:43,133] {logging_mixin.py:115} INFO - [2023-10-17 13:03:43,133] {dag.py:2371} INFO - Sync 1 DAGs
[2023-10-17 13:03:43,164] {logging_mixin.py:115} INFO - [2023-10-17 13:03:43,164] {dag.py:2919} INFO - Setting next_dagrun for example_branch_operator to 2023-10-16T00:00:00+00:00, run_after=2023-10-17T00:00:00+00:00
[2023-10-17 13:03:43,177] {processor.py:161} INFO - Processing /home/airflow/.local/lib/python3.7/site-packages/airflow/example_dags/example_branch_operator.py took 0.102 seconds
[2023-10-17 13:04:13,840] {processor.py:153} INFO - Started process (PID=415) to work on /home/airflow/.local/lib/python3.7/site-packages/airflow/example_dags/example_branch_operator.py
[2023-10-17 13:04:13,843] {processor.py:641} INFO - Processing file /home/airflow/.local/lib/python3.7/site-packages/airflow/example_dags/example_branch_operator.py for tasks to queue
[2023-10-17 13:04:13,845] {logging_mixin.py:115} INFO - [2023-10-17 13:04:13,844] {dagbag.py:507} INFO - Filling up the DagBag from /home/airflow/.local/lib/python3.7/site-packages/airflow/example_dags/example_branch_operator.py
[2023-10-17 13:04:13,871] {processor.py:651} INFO - DAG(s) dict_keys(['example_branch_operator']) retrieved from /home/airflow/.local/lib/python3.7/site-packages/airflow/example_dags/example_branch_operator.py
[2023-10-17 13:04:13,930] {logging_mixin.py:115} INFO - [2023-10-17 13:04:13,930] {dag.py:2371} INFO - Sync 1 DAGs
[2023-10-17 13:04:13,989] {logging_mixin.py:115} INFO - [2023-10-17 13:04:13,989] {dag.py:2919} INFO - Setting next_dagrun for example_branch_operator to 2023-10-16T00:00:00+00:00, run_after=2023-10-17T00:00:00+00:00
[2023-10-17 13:04:14,016] {processor.py:161} INFO - Processing /home/airflow/.local/lib/python3.7/site-packages/airflow/example_dags/example_branch_operator.py took 0.182 seconds
[2023-10-17 13:04:44,730] {processor.py:153} INFO - Started process (PID=478) to work on /home/airflow/.local/lib/python3.7/site-packages/airflow/example_dags/example_branch_operator.py
[2023-10-17 13:04:44,731] {processor.py:641} INFO - Processing file /home/airflow/.local/lib/python3.7/site-packages/airflow/example_dags/example_branch_operator.py for tasks to queue
[2023-10-17 13:04:44,733] {logging_mixin.py:115} INFO - [2023-10-17 13:04:44,733] {dagbag.py:507} INFO - Filling up the DagBag from /home/airflow/.local/lib/python3.7/site-packages/airflow/example_dags/example_branch_operator.py
[2023-10-17 13:04:44,756] {processor.py:651} INFO - DAG(s) dict_keys(['example_branch_operator']) retrieved from /home/airflow/.local/lib/python3.7/site-packages/airflow/example_dags/example_branch_operator.py
[2023-10-17 13:04:44,783] {logging_mixin.py:115} INFO - [2023-10-17 13:04:44,783] {dag.py:2371} INFO - Sync 1 DAGs
[2023-10-17 13:04:44,811] {logging_mixin.py:115} INFO - [2023-10-17 13:04:44,811] {dag.py:2919} INFO - Setting next_dagrun for example_branch_operator to 2023-10-16T00:00:00+00:00, run_after=2023-10-17T00:00:00+00:00
[2023-10-17 13:04:44,827] {processor.py:161} INFO - Processing /home/airflow/.local/lib/python3.7/site-packages/airflow/example_dags/example_branch_operator.py took 0.100 seconds
[2023-10-17 13:05:15,854] {processor.py:153} INFO - Started process (PID=541) to work on /home/airflow/.local/lib/python3.7/site-packages/airflow/example_dags/example_branch_operator.py
[2023-10-17 13:05:15,856] {processor.py:641} INFO - Processing file /home/airflow/.local/lib/python3.7/site-packages/airflow/example_dags/example_branch_operator.py for tasks to queue
[2023-10-17 13:05:15,857] {logging_mixin.py:115} INFO - [2023-10-17 13:05:15,857] {dagbag.py:507} INFO - Filling up the DagBag from /home/airflow/.local/lib/python3.7/site-packages/airflow/example_dags/example_branch_operator.py
[2023-10-17 13:05:15,874] {processor.py:651} INFO - DAG(s) dict_keys(['example_branch_operator']) retrieved from /home/airflow/.local/lib/python3.7/site-packages/airflow/example_dags/example_branch_operator.py
[2023-10-17 13:05:15,903] {logging_mixin.py:115} INFO - [2023-10-17 13:05:15,903] {dag.py:2371} INFO - Sync 1 DAGs
[2023-10-17 13:05:15,931] {logging_mixin.py:115} INFO - [2023-10-17 13:05:15,931] {dag.py:2919} INFO - Setting next_dagrun for example_branch_operator to 2023-10-16T00:00:00+00:00, run_after=2023-10-17T00:00:00+00:00
[2023-10-17 13:05:15,948] {processor.py:161} INFO - Processing /home/airflow/.local/lib/python3.7/site-packages/airflow/example_dags/example_branch_operator.py took 0.098 seconds
