[2023-10-17 13:01:08,899] {processor.py:153} INFO - Started process (PID=54) to work on /home/airflow/.local/lib/python3.7/site-packages/airflow/example_dags/example_xcom.py
[2023-10-17 13:01:08,900] {processor.py:641} INFO - Processing file /home/airflow/.local/lib/python3.7/site-packages/airflow/example_dags/example_xcom.py for tasks to queue
[2023-10-17 13:01:08,901] {logging_mixin.py:115} INFO - [2023-10-17 13:01:08,901] {dagbag.py:507} INFO - Filling up the DagBag from /home/airflow/.local/lib/python3.7/site-packages/airflow/example_dags/example_xcom.py
[2023-10-17 13:01:08,935] {processor.py:651} INFO - DAG(s) dict_keys(['example_xcom']) retrieved from /home/airflow/.local/lib/python3.7/site-packages/airflow/example_dags/example_xcom.py
[2023-10-17 13:01:09,044] {logging_mixin.py:115} INFO - [2023-10-17 13:01:09,044] {dag.py:2371} INFO - Sync 1 DAGs
[2023-10-17 13:01:09,071] {logging_mixin.py:115} INFO - [2023-10-17 13:01:09,071] {dag.py:2919} INFO - Setting next_dagrun for example_xcom to 2021-01-01T00:00:00+00:00, run_after=2021-01-01T00:00:00+00:00
[2023-10-17 13:01:09,093] {processor.py:161} INFO - Processing /home/airflow/.local/lib/python3.7/site-packages/airflow/example_dags/example_xcom.py took 0.198 seconds
[2023-10-17 13:01:39,693] {processor.py:153} INFO - Started process (PID=109) to work on /home/airflow/.local/lib/python3.7/site-packages/airflow/example_dags/example_xcom.py
[2023-10-17 13:01:39,695] {processor.py:641} INFO - Processing file /home/airflow/.local/lib/python3.7/site-packages/airflow/example_dags/example_xcom.py for tasks to queue
[2023-10-17 13:01:39,696] {logging_mixin.py:115} INFO - [2023-10-17 13:01:39,696] {dagbag.py:507} INFO - Filling up the DagBag from /home/airflow/.local/lib/python3.7/site-packages/airflow/example_dags/example_xcom.py
[2023-10-17 13:01:39,737] {processor.py:651} INFO - DAG(s) dict_keys(['example_xcom']) retrieved from /home/airflow/.local/lib/python3.7/site-packages/airflow/example_dags/example_xcom.py
[2023-10-17 13:01:39,841] {logging_mixin.py:115} INFO - [2023-10-17 13:01:39,841] {dag.py:2371} INFO - Sync 1 DAGs
[2023-10-17 13:01:39,877] {logging_mixin.py:115} INFO - [2023-10-17 13:01:39,876] {dag.py:2919} INFO - Setting next_dagrun for example_xcom to 2021-01-01T00:00:00+00:00, run_after=2021-01-01T00:00:00+00:00
[2023-10-17 13:01:40,024] {processor.py:161} INFO - Processing /home/airflow/.local/lib/python3.7/site-packages/airflow/example_dags/example_xcom.py took 0.335 seconds
[2023-10-17 13:02:10,101] {processor.py:153} INFO - Started process (PID=172) to work on /home/airflow/.local/lib/python3.7/site-packages/airflow/example_dags/example_xcom.py
[2023-10-17 13:02:10,102] {processor.py:641} INFO - Processing file /home/airflow/.local/lib/python3.7/site-packages/airflow/example_dags/example_xcom.py for tasks to queue
[2023-10-17 13:02:10,104] {logging_mixin.py:115} INFO - [2023-10-17 13:02:10,103] {dagbag.py:507} INFO - Filling up the DagBag from /home/airflow/.local/lib/python3.7/site-packages/airflow/example_dags/example_xcom.py
[2023-10-17 13:02:10,131] {processor.py:651} INFO - DAG(s) dict_keys(['example_xcom']) retrieved from /home/airflow/.local/lib/python3.7/site-packages/airflow/example_dags/example_xcom.py
[2023-10-17 13:02:10,201] {logging_mixin.py:115} INFO - [2023-10-17 13:02:10,201] {dag.py:2371} INFO - Sync 1 DAGs
[2023-10-17 13:02:10,222] {logging_mixin.py:115} INFO - [2023-10-17 13:02:10,222] {dag.py:2919} INFO - Setting next_dagrun for example_xcom to 2021-01-01T00:00:00+00:00, run_after=2021-01-01T00:00:00+00:00
[2023-10-17 13:02:10,348] {processor.py:161} INFO - Processing /home/airflow/.local/lib/python3.7/site-packages/airflow/example_dags/example_xcom.py took 0.250 seconds
[2023-10-17 13:02:41,067] {processor.py:153} INFO - Started process (PID=226) to work on /home/airflow/.local/lib/python3.7/site-packages/airflow/example_dags/example_xcom.py
[2023-10-17 13:02:41,068] {processor.py:641} INFO - Processing file /home/airflow/.local/lib/python3.7/site-packages/airflow/example_dags/example_xcom.py for tasks to queue
[2023-10-17 13:02:41,069] {logging_mixin.py:115} INFO - [2023-10-17 13:02:41,069] {dagbag.py:507} INFO - Filling up the DagBag from /home/airflow/.local/lib/python3.7/site-packages/airflow/example_dags/example_xcom.py
[2023-10-17 13:02:41,091] {processor.py:651} INFO - DAG(s) dict_keys(['example_xcom']) retrieved from /home/airflow/.local/lib/python3.7/site-packages/airflow/example_dags/example_xcom.py
[2023-10-17 13:02:41,158] {logging_mixin.py:115} INFO - [2023-10-17 13:02:41,158] {dag.py:2371} INFO - Sync 1 DAGs
[2023-10-17 13:02:41,181] {logging_mixin.py:115} INFO - [2023-10-17 13:02:41,181] {dag.py:2919} INFO - Setting next_dagrun for example_xcom to 2021-01-01T00:00:00+00:00, run_after=2021-01-01T00:00:00+00:00
[2023-10-17 13:02:41,317] {processor.py:161} INFO - Processing /home/airflow/.local/lib/python3.7/site-packages/airflow/example_dags/example_xcom.py took 0.254 seconds
[2023-10-17 13:03:11,400] {processor.py:153} INFO - Started process (PID=290) to work on /home/airflow/.local/lib/python3.7/site-packages/airflow/example_dags/example_xcom.py
[2023-10-17 13:03:11,401] {processor.py:641} INFO - Processing file /home/airflow/.local/lib/python3.7/site-packages/airflow/example_dags/example_xcom.py for tasks to queue
[2023-10-17 13:03:11,402] {logging_mixin.py:115} INFO - [2023-10-17 13:03:11,402] {dagbag.py:507} INFO - Filling up the DagBag from /home/airflow/.local/lib/python3.7/site-packages/airflow/example_dags/example_xcom.py
[2023-10-17 13:03:11,430] {processor.py:651} INFO - DAG(s) dict_keys(['example_xcom']) retrieved from /home/airflow/.local/lib/python3.7/site-packages/airflow/example_dags/example_xcom.py
[2023-10-17 13:03:11,501] {logging_mixin.py:115} INFO - [2023-10-17 13:03:11,501] {dag.py:2371} INFO - Sync 1 DAGs
[2023-10-17 13:03:11,531] {logging_mixin.py:115} INFO - [2023-10-17 13:03:11,531] {dag.py:2919} INFO - Setting next_dagrun for example_xcom to 2021-01-01T00:00:00+00:00, run_after=2021-01-01T00:00:00+00:00
[2023-10-17 13:03:11,723] {processor.py:161} INFO - Processing /home/airflow/.local/lib/python3.7/site-packages/airflow/example_dags/example_xcom.py took 0.327 seconds
[2023-10-17 13:03:42,128] {processor.py:153} INFO - Started process (PID=354) to work on /home/airflow/.local/lib/python3.7/site-packages/airflow/example_dags/example_xcom.py
[2023-10-17 13:03:42,130] {processor.py:641} INFO - Processing file /home/airflow/.local/lib/python3.7/site-packages/airflow/example_dags/example_xcom.py for tasks to queue
[2023-10-17 13:03:42,132] {logging_mixin.py:115} INFO - [2023-10-17 13:03:42,132] {dagbag.py:507} INFO - Filling up the DagBag from /home/airflow/.local/lib/python3.7/site-packages/airflow/example_dags/example_xcom.py
[2023-10-17 13:03:42,194] {processor.py:651} INFO - DAG(s) dict_keys(['example_xcom']) retrieved from /home/airflow/.local/lib/python3.7/site-packages/airflow/example_dags/example_xcom.py
[2023-10-17 13:03:42,279] {logging_mixin.py:115} INFO - [2023-10-17 13:03:42,279] {dag.py:2371} INFO - Sync 1 DAGs
[2023-10-17 13:03:42,303] {logging_mixin.py:115} INFO - [2023-10-17 13:03:42,303] {dag.py:2919} INFO - Setting next_dagrun for example_xcom to 2021-01-01T00:00:00+00:00, run_after=2021-01-01T00:00:00+00:00
[2023-10-17 13:03:42,492] {processor.py:161} INFO - Processing /home/airflow/.local/lib/python3.7/site-packages/airflow/example_dags/example_xcom.py took 0.370 seconds
[2023-10-17 13:04:12,771] {processor.py:153} INFO - Started process (PID=408) to work on /home/airflow/.local/lib/python3.7/site-packages/airflow/example_dags/example_xcom.py
[2023-10-17 13:04:12,772] {processor.py:641} INFO - Processing file /home/airflow/.local/lib/python3.7/site-packages/airflow/example_dags/example_xcom.py for tasks to queue
[2023-10-17 13:04:12,774] {logging_mixin.py:115} INFO - [2023-10-17 13:04:12,774] {dagbag.py:507} INFO - Filling up the DagBag from /home/airflow/.local/lib/python3.7/site-packages/airflow/example_dags/example_xcom.py
[2023-10-17 13:04:12,805] {processor.py:651} INFO - DAG(s) dict_keys(['example_xcom']) retrieved from /home/airflow/.local/lib/python3.7/site-packages/airflow/example_dags/example_xcom.py
[2023-10-17 13:04:12,903] {logging_mixin.py:115} INFO - [2023-10-17 13:04:12,903] {dag.py:2371} INFO - Sync 1 DAGs
[2023-10-17 13:04:12,935] {logging_mixin.py:115} INFO - [2023-10-17 13:04:12,935] {dag.py:2919} INFO - Setting next_dagrun for example_xcom to 2021-01-01T00:00:00+00:00, run_after=2021-01-01T00:00:00+00:00
[2023-10-17 13:04:13,120] {processor.py:161} INFO - Processing /home/airflow/.local/lib/python3.7/site-packages/airflow/example_dags/example_xcom.py took 0.354 seconds
[2023-10-17 13:04:43,743] {processor.py:153} INFO - Started process (PID=471) to work on /home/airflow/.local/lib/python3.7/site-packages/airflow/example_dags/example_xcom.py
[2023-10-17 13:04:43,744] {processor.py:641} INFO - Processing file /home/airflow/.local/lib/python3.7/site-packages/airflow/example_dags/example_xcom.py for tasks to queue
[2023-10-17 13:04:43,745] {logging_mixin.py:115} INFO - [2023-10-17 13:04:43,745] {dagbag.py:507} INFO - Filling up the DagBag from /home/airflow/.local/lib/python3.7/site-packages/airflow/example_dags/example_xcom.py
[2023-10-17 13:04:43,771] {processor.py:651} INFO - DAG(s) dict_keys(['example_xcom']) retrieved from /home/airflow/.local/lib/python3.7/site-packages/airflow/example_dags/example_xcom.py
[2023-10-17 13:04:43,855] {logging_mixin.py:115} INFO - [2023-10-17 13:04:43,855] {dag.py:2371} INFO - Sync 1 DAGs
[2023-10-17 13:04:43,880] {logging_mixin.py:115} INFO - [2023-10-17 13:04:43,880] {dag.py:2919} INFO - Setting next_dagrun for example_xcom to 2021-01-01T00:00:00+00:00, run_after=2021-01-01T00:00:00+00:00
[2023-10-17 13:04:44,018] {processor.py:161} INFO - Processing /home/airflow/.local/lib/python3.7/site-packages/airflow/example_dags/example_xcom.py took 0.279 seconds
[2023-10-17 13:05:14,135] {processor.py:153} INFO - Started process (PID=525) to work on /home/airflow/.local/lib/python3.7/site-packages/airflow/example_dags/example_xcom.py
[2023-10-17 13:05:14,136] {processor.py:641} INFO - Processing file /home/airflow/.local/lib/python3.7/site-packages/airflow/example_dags/example_xcom.py for tasks to queue
[2023-10-17 13:05:14,137] {logging_mixin.py:115} INFO - [2023-10-17 13:05:14,137] {dagbag.py:507} INFO - Filling up the DagBag from /home/airflow/.local/lib/python3.7/site-packages/airflow/example_dags/example_xcom.py
[2023-10-17 13:05:14,163] {processor.py:651} INFO - DAG(s) dict_keys(['example_xcom']) retrieved from /home/airflow/.local/lib/python3.7/site-packages/airflow/example_dags/example_xcom.py
[2023-10-17 13:05:14,223] {logging_mixin.py:115} INFO - [2023-10-17 13:05:14,223] {dag.py:2371} INFO - Sync 1 DAGs
[2023-10-17 13:05:14,245] {logging_mixin.py:115} INFO - [2023-10-17 13:05:14,245] {dag.py:2919} INFO - Setting next_dagrun for example_xcom to 2021-01-01T00:00:00+00:00, run_after=2021-01-01T00:00:00+00:00
[2023-10-17 13:05:14,366] {processor.py:161} INFO - Processing /home/airflow/.local/lib/python3.7/site-packages/airflow/example_dags/example_xcom.py took 0.235 seconds
