[2023-10-17 13:01:10,935] {processor.py:153} INFO - Started process (PID=74) to work on /home/airflow/.local/lib/python3.7/site-packages/airflow/example_dags/example_nested_branch_dag.py
[2023-10-17 13:01:10,939] {processor.py:641} INFO - Processing file /home/airflow/.local/lib/python3.7/site-packages/airflow/example_dags/example_nested_branch_dag.py for tasks to queue
[2023-10-17 13:01:10,940] {logging_mixin.py:115} INFO - [2023-10-17 13:01:10,940] {dagbag.py:507} INFO - Filling up the DagBag from /home/airflow/.local/lib/python3.7/site-packages/airflow/example_dags/example_nested_branch_dag.py
[2023-10-17 13:01:10,965] {processor.py:651} INFO - DAG(s) dict_keys(['example_nested_branch_dag']) retrieved from /home/airflow/.local/lib/python3.7/site-packages/airflow/example_dags/example_nested_branch_dag.py
[2023-10-17 13:01:11,015] {logging_mixin.py:115} INFO - [2023-10-17 13:01:11,015] {dag.py:2371} INFO - Sync 1 DAGs
[2023-10-17 13:01:11,046] {logging_mixin.py:115} INFO - [2023-10-17 13:01:11,046] {dag.py:2919} INFO - Setting next_dagrun for example_nested_branch_dag to 2023-10-16T00:00:00+00:00, run_after=2023-10-17T00:00:00+00:00
[2023-10-17 13:01:11,061] {processor.py:161} INFO - Processing /home/airflow/.local/lib/python3.7/site-packages/airflow/example_dags/example_nested_branch_dag.py took 0.130 seconds
[2023-10-17 13:01:42,134] {processor.py:153} INFO - Started process (PID=129) to work on /home/airflow/.local/lib/python3.7/site-packages/airflow/example_dags/example_nested_branch_dag.py
[2023-10-17 13:01:42,137] {processor.py:641} INFO - Processing file /home/airflow/.local/lib/python3.7/site-packages/airflow/example_dags/example_nested_branch_dag.py for tasks to queue
[2023-10-17 13:01:42,139] {logging_mixin.py:115} INFO - [2023-10-17 13:01:42,139] {dagbag.py:507} INFO - Filling up the DagBag from /home/airflow/.local/lib/python3.7/site-packages/airflow/example_dags/example_nested_branch_dag.py
[2023-10-17 13:01:42,155] {processor.py:651} INFO - DAG(s) dict_keys(['example_nested_branch_dag']) retrieved from /home/airflow/.local/lib/python3.7/site-packages/airflow/example_dags/example_nested_branch_dag.py
[2023-10-17 13:01:42,181] {logging_mixin.py:115} INFO - [2023-10-17 13:01:42,181] {dag.py:2371} INFO - Sync 1 DAGs
[2023-10-17 13:01:42,217] {logging_mixin.py:115} INFO - [2023-10-17 13:01:42,217] {dag.py:2919} INFO - Setting next_dagrun for example_nested_branch_dag to 2023-10-16T00:00:00+00:00, run_after=2023-10-17T00:00:00+00:00
[2023-10-17 13:01:42,231] {processor.py:161} INFO - Processing /home/airflow/.local/lib/python3.7/site-packages/airflow/example_dags/example_nested_branch_dag.py took 0.101 seconds
[2023-10-17 13:02:12,323] {processor.py:153} INFO - Started process (PID=192) to work on /home/airflow/.local/lib/python3.7/site-packages/airflow/example_dags/example_nested_branch_dag.py
[2023-10-17 13:02:12,324] {processor.py:641} INFO - Processing file /home/airflow/.local/lib/python3.7/site-packages/airflow/example_dags/example_nested_branch_dag.py for tasks to queue
[2023-10-17 13:02:12,326] {logging_mixin.py:115} INFO - [2023-10-17 13:02:12,326] {dagbag.py:507} INFO - Filling up the DagBag from /home/airflow/.local/lib/python3.7/site-packages/airflow/example_dags/example_nested_branch_dag.py
[2023-10-17 13:02:12,344] {processor.py:651} INFO - DAG(s) dict_keys(['example_nested_branch_dag']) retrieved from /home/airflow/.local/lib/python3.7/site-packages/airflow/example_dags/example_nested_branch_dag.py
[2023-10-17 13:02:12,370] {logging_mixin.py:115} INFO - [2023-10-17 13:02:12,370] {dag.py:2371} INFO - Sync 1 DAGs
[2023-10-17 13:02:12,391] {logging_mixin.py:115} INFO - [2023-10-17 13:02:12,391] {dag.py:2919} INFO - Setting next_dagrun for example_nested_branch_dag to 2023-10-16T00:00:00+00:00, run_after=2023-10-17T00:00:00+00:00
[2023-10-17 13:02:12,404] {processor.py:161} INFO - Processing /home/airflow/.local/lib/python3.7/site-packages/airflow/example_dags/example_nested_branch_dag.py took 0.087 seconds
[2023-10-17 13:02:42,950] {processor.py:153} INFO - Started process (PID=255) to work on /home/airflow/.local/lib/python3.7/site-packages/airflow/example_dags/example_nested_branch_dag.py
[2023-10-17 13:02:42,952] {processor.py:641} INFO - Processing file /home/airflow/.local/lib/python3.7/site-packages/airflow/example_dags/example_nested_branch_dag.py for tasks to queue
[2023-10-17 13:02:42,952] {logging_mixin.py:115} INFO - [2023-10-17 13:02:42,952] {dagbag.py:507} INFO - Filling up the DagBag from /home/airflow/.local/lib/python3.7/site-packages/airflow/example_dags/example_nested_branch_dag.py
[2023-10-17 13:02:42,968] {processor.py:651} INFO - DAG(s) dict_keys(['example_nested_branch_dag']) retrieved from /home/airflow/.local/lib/python3.7/site-packages/airflow/example_dags/example_nested_branch_dag.py
[2023-10-17 13:02:42,997] {logging_mixin.py:115} INFO - [2023-10-17 13:02:42,997] {dag.py:2371} INFO - Sync 1 DAGs
[2023-10-17 13:02:43,019] {logging_mixin.py:115} INFO - [2023-10-17 13:02:43,019] {dag.py:2919} INFO - Setting next_dagrun for example_nested_branch_dag to 2023-10-16T00:00:00+00:00, run_after=2023-10-17T00:00:00+00:00
[2023-10-17 13:02:43,033] {processor.py:161} INFO - Processing /home/airflow/.local/lib/python3.7/site-packages/airflow/example_dags/example_nested_branch_dag.py took 0.085 seconds
[2023-10-17 13:03:13,543] {processor.py:153} INFO - Started process (PID=310) to work on /home/airflow/.local/lib/python3.7/site-packages/airflow/example_dags/example_nested_branch_dag.py
[2023-10-17 13:03:13,544] {processor.py:641} INFO - Processing file /home/airflow/.local/lib/python3.7/site-packages/airflow/example_dags/example_nested_branch_dag.py for tasks to queue
[2023-10-17 13:03:13,546] {logging_mixin.py:115} INFO - [2023-10-17 13:03:13,546] {dagbag.py:507} INFO - Filling up the DagBag from /home/airflow/.local/lib/python3.7/site-packages/airflow/example_dags/example_nested_branch_dag.py
[2023-10-17 13:03:13,561] {processor.py:651} INFO - DAG(s) dict_keys(['example_nested_branch_dag']) retrieved from /home/airflow/.local/lib/python3.7/site-packages/airflow/example_dags/example_nested_branch_dag.py
[2023-10-17 13:03:13,587] {logging_mixin.py:115} INFO - [2023-10-17 13:03:13,587] {dag.py:2371} INFO - Sync 1 DAGs
[2023-10-17 13:03:13,609] {logging_mixin.py:115} INFO - [2023-10-17 13:03:13,609] {dag.py:2919} INFO - Setting next_dagrun for example_nested_branch_dag to 2023-10-16T00:00:00+00:00, run_after=2023-10-17T00:00:00+00:00
[2023-10-17 13:03:13,621] {processor.py:161} INFO - Processing /home/airflow/.local/lib/python3.7/site-packages/airflow/example_dags/example_nested_branch_dag.py took 0.081 seconds
[2023-10-17 13:03:44,185] {processor.py:153} INFO - Started process (PID=374) to work on /home/airflow/.local/lib/python3.7/site-packages/airflow/example_dags/example_nested_branch_dag.py
[2023-10-17 13:03:44,186] {processor.py:641} INFO - Processing file /home/airflow/.local/lib/python3.7/site-packages/airflow/example_dags/example_nested_branch_dag.py for tasks to queue
[2023-10-17 13:03:44,187] {logging_mixin.py:115} INFO - [2023-10-17 13:03:44,187] {dagbag.py:507} INFO - Filling up the DagBag from /home/airflow/.local/lib/python3.7/site-packages/airflow/example_dags/example_nested_branch_dag.py
[2023-10-17 13:03:44,200] {processor.py:651} INFO - DAG(s) dict_keys(['example_nested_branch_dag']) retrieved from /home/airflow/.local/lib/python3.7/site-packages/airflow/example_dags/example_nested_branch_dag.py
[2023-10-17 13:03:44,226] {logging_mixin.py:115} INFO - [2023-10-17 13:03:44,226] {dag.py:2371} INFO - Sync 1 DAGs
[2023-10-17 13:03:44,253] {logging_mixin.py:115} INFO - [2023-10-17 13:03:44,253] {dag.py:2919} INFO - Setting next_dagrun for example_nested_branch_dag to 2023-10-16T00:00:00+00:00, run_after=2023-10-17T00:00:00+00:00
[2023-10-17 13:03:44,267] {processor.py:161} INFO - Processing /home/airflow/.local/lib/python3.7/site-packages/airflow/example_dags/example_nested_branch_dag.py took 0.085 seconds
[2023-10-17 13:04:15,240] {processor.py:153} INFO - Started process (PID=428) to work on /home/airflow/.local/lib/python3.7/site-packages/airflow/example_dags/example_nested_branch_dag.py
[2023-10-17 13:04:15,242] {processor.py:641} INFO - Processing file /home/airflow/.local/lib/python3.7/site-packages/airflow/example_dags/example_nested_branch_dag.py for tasks to queue
[2023-10-17 13:04:15,243] {logging_mixin.py:115} INFO - [2023-10-17 13:04:15,243] {dagbag.py:507} INFO - Filling up the DagBag from /home/airflow/.local/lib/python3.7/site-packages/airflow/example_dags/example_nested_branch_dag.py
[2023-10-17 13:04:15,262] {processor.py:651} INFO - DAG(s) dict_keys(['example_nested_branch_dag']) retrieved from /home/airflow/.local/lib/python3.7/site-packages/airflow/example_dags/example_nested_branch_dag.py
[2023-10-17 13:04:15,293] {logging_mixin.py:115} INFO - [2023-10-17 13:04:15,293] {dag.py:2371} INFO - Sync 1 DAGs
[2023-10-17 13:04:15,329] {logging_mixin.py:115} INFO - [2023-10-17 13:04:15,328] {dag.py:2919} INFO - Setting next_dagrun for example_nested_branch_dag to 2023-10-16T00:00:00+00:00, run_after=2023-10-17T00:00:00+00:00
[2023-10-17 13:04:15,344] {processor.py:161} INFO - Processing /home/airflow/.local/lib/python3.7/site-packages/airflow/example_dags/example_nested_branch_dag.py took 0.108 seconds
[2023-10-17 13:04:45,798] {processor.py:153} INFO - Started process (PID=491) to work on /home/airflow/.local/lib/python3.7/site-packages/airflow/example_dags/example_nested_branch_dag.py
[2023-10-17 13:04:45,800] {processor.py:641} INFO - Processing file /home/airflow/.local/lib/python3.7/site-packages/airflow/example_dags/example_nested_branch_dag.py for tasks to queue
[2023-10-17 13:04:45,801] {logging_mixin.py:115} INFO - [2023-10-17 13:04:45,801] {dagbag.py:507} INFO - Filling up the DagBag from /home/airflow/.local/lib/python3.7/site-packages/airflow/example_dags/example_nested_branch_dag.py
[2023-10-17 13:04:45,817] {processor.py:651} INFO - DAG(s) dict_keys(['example_nested_branch_dag']) retrieved from /home/airflow/.local/lib/python3.7/site-packages/airflow/example_dags/example_nested_branch_dag.py
[2023-10-17 13:04:45,852] {logging_mixin.py:115} INFO - [2023-10-17 13:04:45,852] {dag.py:2371} INFO - Sync 1 DAGs
[2023-10-17 13:04:45,889] {logging_mixin.py:115} INFO - [2023-10-17 13:04:45,888] {dag.py:2919} INFO - Setting next_dagrun for example_nested_branch_dag to 2023-10-16T00:00:00+00:00, run_after=2023-10-17T00:00:00+00:00
[2023-10-17 13:04:45,903] {processor.py:161} INFO - Processing /home/airflow/.local/lib/python3.7/site-packages/airflow/example_dags/example_nested_branch_dag.py took 0.108 seconds
[2023-10-17 13:05:16,707] {processor.py:153} INFO - Started process (PID=554) to work on /home/airflow/.local/lib/python3.7/site-packages/airflow/example_dags/example_nested_branch_dag.py
[2023-10-17 13:05:16,709] {processor.py:641} INFO - Processing file /home/airflow/.local/lib/python3.7/site-packages/airflow/example_dags/example_nested_branch_dag.py for tasks to queue
[2023-10-17 13:05:16,711] {logging_mixin.py:115} INFO - [2023-10-17 13:05:16,711] {dagbag.py:507} INFO - Filling up the DagBag from /home/airflow/.local/lib/python3.7/site-packages/airflow/example_dags/example_nested_branch_dag.py
[2023-10-17 13:05:16,727] {processor.py:651} INFO - DAG(s) dict_keys(['example_nested_branch_dag']) retrieved from /home/airflow/.local/lib/python3.7/site-packages/airflow/example_dags/example_nested_branch_dag.py
[2023-10-17 13:05:16,764] {logging_mixin.py:115} INFO - [2023-10-17 13:05:16,764] {dag.py:2371} INFO - Sync 1 DAGs
[2023-10-17 13:05:16,789] {logging_mixin.py:115} INFO - [2023-10-17 13:05:16,789] {dag.py:2919} INFO - Setting next_dagrun for example_nested_branch_dag to 2023-10-16T00:00:00+00:00, run_after=2023-10-17T00:00:00+00:00
[2023-10-17 13:05:16,802] {processor.py:161} INFO - Processing /home/airflow/.local/lib/python3.7/site-packages/airflow/example_dags/example_nested_branch_dag.py took 0.101 seconds
