[2023-10-17 13:01:10,144] {processor.py:153} INFO - Started process (PID=64) to work on /home/airflow/.local/lib/python3.7/site-packages/airflow/example_dags/example_branch_day_of_week_operator.py
[2023-10-17 13:01:10,145] {processor.py:641} INFO - Processing file /home/airflow/.local/lib/python3.7/site-packages/airflow/example_dags/example_branch_day_of_week_operator.py for tasks to queue
[2023-10-17 13:01:10,146] {logging_mixin.py:115} INFO - [2023-10-17 13:01:10,146] {dagbag.py:507} INFO - Filling up the DagBag from /home/airflow/.local/lib/python3.7/site-packages/airflow/example_dags/example_branch_day_of_week_operator.py
[2023-10-17 13:01:10,159] {processor.py:651} INFO - DAG(s) dict_keys(['example_weekday_branch_operator']) retrieved from /home/airflow/.local/lib/python3.7/site-packages/airflow/example_dags/example_branch_day_of_week_operator.py
[2023-10-17 13:01:10,200] {logging_mixin.py:115} INFO - [2023-10-17 13:01:10,200] {dag.py:2371} INFO - Sync 1 DAGs
[2023-10-17 13:01:10,241] {logging_mixin.py:115} INFO - [2023-10-17 13:01:10,241] {dag.py:2919} INFO - Setting next_dagrun for example_weekday_branch_operator to 2023-10-16T00:00:00+00:00, run_after=2023-10-17T00:00:00+00:00
[2023-10-17 13:01:10,254] {processor.py:161} INFO - Processing /home/airflow/.local/lib/python3.7/site-packages/airflow/example_dags/example_branch_day_of_week_operator.py took 0.114 seconds
[2023-10-17 13:01:40,746] {processor.py:153} INFO - Started process (PID=119) to work on /home/airflow/.local/lib/python3.7/site-packages/airflow/example_dags/example_branch_day_of_week_operator.py
[2023-10-17 13:01:40,747] {processor.py:641} INFO - Processing file /home/airflow/.local/lib/python3.7/site-packages/airflow/example_dags/example_branch_day_of_week_operator.py for tasks to queue
[2023-10-17 13:01:40,748] {logging_mixin.py:115} INFO - [2023-10-17 13:01:40,748] {dagbag.py:507} INFO - Filling up the DagBag from /home/airflow/.local/lib/python3.7/site-packages/airflow/example_dags/example_branch_day_of_week_operator.py
[2023-10-17 13:01:40,759] {processor.py:651} INFO - DAG(s) dict_keys(['example_weekday_branch_operator']) retrieved from /home/airflow/.local/lib/python3.7/site-packages/airflow/example_dags/example_branch_day_of_week_operator.py
[2023-10-17 13:01:40,794] {logging_mixin.py:115} INFO - [2023-10-17 13:01:40,794] {dag.py:2371} INFO - Sync 1 DAGs
[2023-10-17 13:01:40,825] {logging_mixin.py:115} INFO - [2023-10-17 13:01:40,824] {dag.py:2919} INFO - Setting next_dagrun for example_weekday_branch_operator to 2023-10-16T00:00:00+00:00, run_after=2023-10-17T00:00:00+00:00
[2023-10-17 13:01:40,839] {processor.py:161} INFO - Processing /home/airflow/.local/lib/python3.7/site-packages/airflow/example_dags/example_branch_day_of_week_operator.py took 0.096 seconds
[2023-10-17 13:02:11,098] {processor.py:153} INFO - Started process (PID=182) to work on /home/airflow/.local/lib/python3.7/site-packages/airflow/example_dags/example_branch_day_of_week_operator.py
[2023-10-17 13:02:11,099] {processor.py:641} INFO - Processing file /home/airflow/.local/lib/python3.7/site-packages/airflow/example_dags/example_branch_day_of_week_operator.py for tasks to queue
[2023-10-17 13:02:11,100] {logging_mixin.py:115} INFO - [2023-10-17 13:02:11,100] {dagbag.py:507} INFO - Filling up the DagBag from /home/airflow/.local/lib/python3.7/site-packages/airflow/example_dags/example_branch_day_of_week_operator.py
[2023-10-17 13:02:11,111] {processor.py:651} INFO - DAG(s) dict_keys(['example_weekday_branch_operator']) retrieved from /home/airflow/.local/lib/python3.7/site-packages/airflow/example_dags/example_branch_day_of_week_operator.py
[2023-10-17 13:02:11,136] {logging_mixin.py:115} INFO - [2023-10-17 13:02:11,136] {dag.py:2371} INFO - Sync 1 DAGs
[2023-10-17 13:02:11,160] {logging_mixin.py:115} INFO - [2023-10-17 13:02:11,160] {dag.py:2919} INFO - Setting next_dagrun for example_weekday_branch_operator to 2023-10-16T00:00:00+00:00, run_after=2023-10-17T00:00:00+00:00
[2023-10-17 13:02:11,180] {processor.py:161} INFO - Processing /home/airflow/.local/lib/python3.7/site-packages/airflow/example_dags/example_branch_day_of_week_operator.py took 0.085 seconds
[2023-10-17 13:02:41,971] {processor.py:153} INFO - Started process (PID=236) to work on /home/airflow/.local/lib/python3.7/site-packages/airflow/example_dags/example_branch_day_of_week_operator.py
[2023-10-17 13:02:41,972] {processor.py:641} INFO - Processing file /home/airflow/.local/lib/python3.7/site-packages/airflow/example_dags/example_branch_day_of_week_operator.py for tasks to queue
[2023-10-17 13:02:41,973] {logging_mixin.py:115} INFO - [2023-10-17 13:02:41,973] {dagbag.py:507} INFO - Filling up the DagBag from /home/airflow/.local/lib/python3.7/site-packages/airflow/example_dags/example_branch_day_of_week_operator.py
[2023-10-17 13:02:41,986] {processor.py:651} INFO - DAG(s) dict_keys(['example_weekday_branch_operator']) retrieved from /home/airflow/.local/lib/python3.7/site-packages/airflow/example_dags/example_branch_day_of_week_operator.py
[2023-10-17 13:02:42,008] {logging_mixin.py:115} INFO - [2023-10-17 13:02:42,008] {dag.py:2371} INFO - Sync 1 DAGs
[2023-10-17 13:02:42,033] {logging_mixin.py:115} INFO - [2023-10-17 13:02:42,033] {dag.py:2919} INFO - Setting next_dagrun for example_weekday_branch_operator to 2023-10-16T00:00:00+00:00, run_after=2023-10-17T00:00:00+00:00
[2023-10-17 13:02:42,048] {processor.py:161} INFO - Processing /home/airflow/.local/lib/python3.7/site-packages/airflow/example_dags/example_branch_day_of_week_operator.py took 0.081 seconds
[2023-10-17 13:03:12,478] {processor.py:153} INFO - Started process (PID=300) to work on /home/airflow/.local/lib/python3.7/site-packages/airflow/example_dags/example_branch_day_of_week_operator.py
[2023-10-17 13:03:12,478] {processor.py:641} INFO - Processing file /home/airflow/.local/lib/python3.7/site-packages/airflow/example_dags/example_branch_day_of_week_operator.py for tasks to queue
[2023-10-17 13:03:12,480] {logging_mixin.py:115} INFO - [2023-10-17 13:03:12,480] {dagbag.py:507} INFO - Filling up the DagBag from /home/airflow/.local/lib/python3.7/site-packages/airflow/example_dags/example_branch_day_of_week_operator.py
[2023-10-17 13:03:12,492] {processor.py:651} INFO - DAG(s) dict_keys(['example_weekday_branch_operator']) retrieved from /home/airflow/.local/lib/python3.7/site-packages/airflow/example_dags/example_branch_day_of_week_operator.py
[2023-10-17 13:03:12,521] {logging_mixin.py:115} INFO - [2023-10-17 13:03:12,521] {dag.py:2371} INFO - Sync 1 DAGs
[2023-10-17 13:03:12,549] {logging_mixin.py:115} INFO - [2023-10-17 13:03:12,549] {dag.py:2919} INFO - Setting next_dagrun for example_weekday_branch_operator to 2023-10-16T00:00:00+00:00, run_after=2023-10-17T00:00:00+00:00
[2023-10-17 13:03:12,564] {processor.py:161} INFO - Processing /home/airflow/.local/lib/python3.7/site-packages/airflow/example_dags/example_branch_day_of_week_operator.py took 0.089 seconds
[2023-10-17 13:03:43,347] {processor.py:153} INFO - Started process (PID=364) to work on /home/airflow/.local/lib/python3.7/site-packages/airflow/example_dags/example_branch_day_of_week_operator.py
[2023-10-17 13:03:43,348] {processor.py:641} INFO - Processing file /home/airflow/.local/lib/python3.7/site-packages/airflow/example_dags/example_branch_day_of_week_operator.py for tasks to queue
[2023-10-17 13:03:43,349] {logging_mixin.py:115} INFO - [2023-10-17 13:03:43,349] {dagbag.py:507} INFO - Filling up the DagBag from /home/airflow/.local/lib/python3.7/site-packages/airflow/example_dags/example_branch_day_of_week_operator.py
[2023-10-17 13:03:43,362] {processor.py:651} INFO - DAG(s) dict_keys(['example_weekday_branch_operator']) retrieved from /home/airflow/.local/lib/python3.7/site-packages/airflow/example_dags/example_branch_day_of_week_operator.py
[2023-10-17 13:03:43,387] {logging_mixin.py:115} INFO - [2023-10-17 13:03:43,387] {dag.py:2371} INFO - Sync 1 DAGs
[2023-10-17 13:03:43,410] {logging_mixin.py:115} INFO - [2023-10-17 13:03:43,410] {dag.py:2919} INFO - Setting next_dagrun for example_weekday_branch_operator to 2023-10-16T00:00:00+00:00, run_after=2023-10-17T00:00:00+00:00
[2023-10-17 13:03:43,425] {processor.py:161} INFO - Processing /home/airflow/.local/lib/python3.7/site-packages/airflow/example_dags/example_branch_day_of_week_operator.py took 0.082 seconds
[2023-10-17 13:04:14,472] {processor.py:153} INFO - Started process (PID=418) to work on /home/airflow/.local/lib/python3.7/site-packages/airflow/example_dags/example_branch_day_of_week_operator.py
[2023-10-17 13:04:14,473] {processor.py:641} INFO - Processing file /home/airflow/.local/lib/python3.7/site-packages/airflow/example_dags/example_branch_day_of_week_operator.py for tasks to queue
[2023-10-17 13:04:14,475] {logging_mixin.py:115} INFO - [2023-10-17 13:04:14,475] {dagbag.py:507} INFO - Filling up the DagBag from /home/airflow/.local/lib/python3.7/site-packages/airflow/example_dags/example_branch_day_of_week_operator.py
[2023-10-17 13:04:14,487] {processor.py:651} INFO - DAG(s) dict_keys(['example_weekday_branch_operator']) retrieved from /home/airflow/.local/lib/python3.7/site-packages/airflow/example_dags/example_branch_day_of_week_operator.py
[2023-10-17 13:04:14,512] {logging_mixin.py:115} INFO - [2023-10-17 13:04:14,512] {dag.py:2371} INFO - Sync 1 DAGs
[2023-10-17 13:04:14,535] {logging_mixin.py:115} INFO - [2023-10-17 13:04:14,535] {dag.py:2919} INFO - Setting next_dagrun for example_weekday_branch_operator to 2023-10-16T00:00:00+00:00, run_after=2023-10-17T00:00:00+00:00
[2023-10-17 13:04:14,550] {processor.py:161} INFO - Processing /home/airflow/.local/lib/python3.7/site-packages/airflow/example_dags/example_branch_day_of_week_operator.py took 0.082 seconds
[2023-10-17 13:04:45,007] {processor.py:153} INFO - Started process (PID=481) to work on /home/airflow/.local/lib/python3.7/site-packages/airflow/example_dags/example_branch_day_of_week_operator.py
[2023-10-17 13:04:45,009] {processor.py:641} INFO - Processing file /home/airflow/.local/lib/python3.7/site-packages/airflow/example_dags/example_branch_day_of_week_operator.py for tasks to queue
[2023-10-17 13:04:45,010] {logging_mixin.py:115} INFO - [2023-10-17 13:04:45,010] {dagbag.py:507} INFO - Filling up the DagBag from /home/airflow/.local/lib/python3.7/site-packages/airflow/example_dags/example_branch_day_of_week_operator.py
[2023-10-17 13:04:45,028] {processor.py:651} INFO - DAG(s) dict_keys(['example_weekday_branch_operator']) retrieved from /home/airflow/.local/lib/python3.7/site-packages/airflow/example_dags/example_branch_day_of_week_operator.py
[2023-10-17 13:04:45,072] {logging_mixin.py:115} INFO - [2023-10-17 13:04:45,072] {dag.py:2371} INFO - Sync 1 DAGs
[2023-10-17 13:04:45,112] {logging_mixin.py:115} INFO - [2023-10-17 13:04:45,111] {dag.py:2919} INFO - Setting next_dagrun for example_weekday_branch_operator to 2023-10-16T00:00:00+00:00, run_after=2023-10-17T00:00:00+00:00
[2023-10-17 13:04:45,128] {processor.py:161} INFO - Processing /home/airflow/.local/lib/python3.7/site-packages/airflow/example_dags/example_branch_day_of_week_operator.py took 0.125 seconds
[2023-10-17 13:05:16,106] {processor.py:153} INFO - Started process (PID=544) to work on /home/airflow/.local/lib/python3.7/site-packages/airflow/example_dags/example_branch_day_of_week_operator.py
[2023-10-17 13:05:16,107] {processor.py:641} INFO - Processing file /home/airflow/.local/lib/python3.7/site-packages/airflow/example_dags/example_branch_day_of_week_operator.py for tasks to queue
[2023-10-17 13:05:16,108] {logging_mixin.py:115} INFO - [2023-10-17 13:05:16,108] {dagbag.py:507} INFO - Filling up the DagBag from /home/airflow/.local/lib/python3.7/site-packages/airflow/example_dags/example_branch_day_of_week_operator.py
[2023-10-17 13:05:16,122] {processor.py:651} INFO - DAG(s) dict_keys(['example_weekday_branch_operator']) retrieved from /home/airflow/.local/lib/python3.7/site-packages/airflow/example_dags/example_branch_day_of_week_operator.py
[2023-10-17 13:05:16,147] {logging_mixin.py:115} INFO - [2023-10-17 13:05:16,147] {dag.py:2371} INFO - Sync 1 DAGs
[2023-10-17 13:05:16,176] {logging_mixin.py:115} INFO - [2023-10-17 13:05:16,176] {dag.py:2919} INFO - Setting next_dagrun for example_weekday_branch_operator to 2023-10-16T00:00:00+00:00, run_after=2023-10-17T00:00:00+00:00
[2023-10-17 13:05:16,190] {processor.py:161} INFO - Processing /home/airflow/.local/lib/python3.7/site-packages/airflow/example_dags/example_branch_day_of_week_operator.py took 0.088 seconds
