[2023-10-17 13:01:10,111] {processor.py:153} INFO - Started process (PID=63) to work on /home/airflow/.local/lib/python3.7/site-packages/airflow/example_dags/example_short_circuit_operator.py
[2023-10-17 13:01:10,112] {processor.py:641} INFO - Processing file /home/airflow/.local/lib/python3.7/site-packages/airflow/example_dags/example_short_circuit_operator.py for tasks to queue
[2023-10-17 13:01:10,113] {logging_mixin.py:115} INFO - [2023-10-17 13:01:10,113] {dagbag.py:507} INFO - Filling up the DagBag from /home/airflow/.local/lib/python3.7/site-packages/airflow/example_dags/example_short_circuit_operator.py
[2023-10-17 13:01:10,124] {processor.py:651} INFO - DAG(s) dict_keys(['example_short_circuit_operator']) retrieved from /home/airflow/.local/lib/python3.7/site-packages/airflow/example_dags/example_short_circuit_operator.py
[2023-10-17 13:01:10,164] {logging_mixin.py:115} INFO - [2023-10-17 13:01:10,164] {dag.py:2371} INFO - Sync 1 DAGs
[2023-10-17 13:01:10,190] {logging_mixin.py:115} INFO - [2023-10-17 13:01:10,190] {dag.py:2919} INFO - Setting next_dagrun for example_short_circuit_operator to 2023-10-16T13:01:10.190133+00:00, run_after=2023-10-17T13:01:10.190133+00:00
[2023-10-17 13:01:10,208] {processor.py:161} INFO - Processing /home/airflow/.local/lib/python3.7/site-packages/airflow/example_dags/example_short_circuit_operator.py took 0.101 seconds
[2023-10-17 13:01:40,743] {processor.py:153} INFO - Started process (PID=118) to work on /home/airflow/.local/lib/python3.7/site-packages/airflow/example_dags/example_short_circuit_operator.py
[2023-10-17 13:01:40,745] {processor.py:641} INFO - Processing file /home/airflow/.local/lib/python3.7/site-packages/airflow/example_dags/example_short_circuit_operator.py for tasks to queue
[2023-10-17 13:01:40,746] {logging_mixin.py:115} INFO - [2023-10-17 13:01:40,746] {dagbag.py:507} INFO - Filling up the DagBag from /home/airflow/.local/lib/python3.7/site-packages/airflow/example_dags/example_short_circuit_operator.py
[2023-10-17 13:01:40,758] {processor.py:651} INFO - DAG(s) dict_keys(['example_short_circuit_operator']) retrieved from /home/airflow/.local/lib/python3.7/site-packages/airflow/example_dags/example_short_circuit_operator.py
[2023-10-17 13:01:40,796] {logging_mixin.py:115} INFO - [2023-10-17 13:01:40,796] {dag.py:2371} INFO - Sync 1 DAGs
[2023-10-17 13:01:40,826] {logging_mixin.py:115} INFO - [2023-10-17 13:01:40,826] {dag.py:2919} INFO - Setting next_dagrun for example_short_circuit_operator to 2023-10-16T13:01:40.825800+00:00, run_after=2023-10-17T13:01:40.825800+00:00
[2023-10-17 13:01:40,840] {processor.py:161} INFO - Processing /home/airflow/.local/lib/python3.7/site-packages/airflow/example_dags/example_short_circuit_operator.py took 0.100 seconds
[2023-10-17 13:02:11,077] {processor.py:153} INFO - Started process (PID=181) to work on /home/airflow/.local/lib/python3.7/site-packages/airflow/example_dags/example_short_circuit_operator.py
[2023-10-17 13:02:11,078] {processor.py:641} INFO - Processing file /home/airflow/.local/lib/python3.7/site-packages/airflow/example_dags/example_short_circuit_operator.py for tasks to queue
[2023-10-17 13:02:11,079] {logging_mixin.py:115} INFO - [2023-10-17 13:02:11,079] {dagbag.py:507} INFO - Filling up the DagBag from /home/airflow/.local/lib/python3.7/site-packages/airflow/example_dags/example_short_circuit_operator.py
[2023-10-17 13:02:11,092] {processor.py:651} INFO - DAG(s) dict_keys(['example_short_circuit_operator']) retrieved from /home/airflow/.local/lib/python3.7/site-packages/airflow/example_dags/example_short_circuit_operator.py
[2023-10-17 13:02:11,119] {logging_mixin.py:115} INFO - [2023-10-17 13:02:11,119] {dag.py:2371} INFO - Sync 1 DAGs
[2023-10-17 13:02:11,140] {logging_mixin.py:115} INFO - [2023-10-17 13:02:11,140] {dag.py:2919} INFO - Setting next_dagrun for example_short_circuit_operator to 2023-10-16T13:02:11.140133+00:00, run_after=2023-10-17T13:02:11.140133+00:00
[2023-10-17 13:02:11,155] {processor.py:161} INFO - Processing /home/airflow/.local/lib/python3.7/site-packages/airflow/example_dags/example_short_circuit_operator.py took 0.082 seconds
[2023-10-17 13:02:41,946] {processor.py:153} INFO - Started process (PID=235) to work on /home/airflow/.local/lib/python3.7/site-packages/airflow/example_dags/example_short_circuit_operator.py
[2023-10-17 13:02:41,947] {processor.py:641} INFO - Processing file /home/airflow/.local/lib/python3.7/site-packages/airflow/example_dags/example_short_circuit_operator.py for tasks to queue
[2023-10-17 13:02:41,948] {logging_mixin.py:115} INFO - [2023-10-17 13:02:41,948] {dagbag.py:507} INFO - Filling up the DagBag from /home/airflow/.local/lib/python3.7/site-packages/airflow/example_dags/example_short_circuit_operator.py
[2023-10-17 13:02:41,964] {processor.py:651} INFO - DAG(s) dict_keys(['example_short_circuit_operator']) retrieved from /home/airflow/.local/lib/python3.7/site-packages/airflow/example_dags/example_short_circuit_operator.py
[2023-10-17 13:02:41,992] {logging_mixin.py:115} INFO - [2023-10-17 13:02:41,992] {dag.py:2371} INFO - Sync 1 DAGs
[2023-10-17 13:02:42,012] {logging_mixin.py:115} INFO - [2023-10-17 13:02:42,012] {dag.py:2919} INFO - Setting next_dagrun for example_short_circuit_operator to 2023-10-16T13:02:42.012622+00:00, run_after=2023-10-17T13:02:42.012622+00:00
[2023-10-17 13:02:42,025] {processor.py:161} INFO - Processing /home/airflow/.local/lib/python3.7/site-packages/airflow/example_dags/example_short_circuit_operator.py took 0.082 seconds
[2023-10-17 13:03:12,462] {processor.py:153} INFO - Started process (PID=299) to work on /home/airflow/.local/lib/python3.7/site-packages/airflow/example_dags/example_short_circuit_operator.py
[2023-10-17 13:03:12,463] {processor.py:641} INFO - Processing file /home/airflow/.local/lib/python3.7/site-packages/airflow/example_dags/example_short_circuit_operator.py for tasks to queue
[2023-10-17 13:03:12,464] {logging_mixin.py:115} INFO - [2023-10-17 13:03:12,464] {dagbag.py:507} INFO - Filling up the DagBag from /home/airflow/.local/lib/python3.7/site-packages/airflow/example_dags/example_short_circuit_operator.py
[2023-10-17 13:03:12,478] {processor.py:651} INFO - DAG(s) dict_keys(['example_short_circuit_operator']) retrieved from /home/airflow/.local/lib/python3.7/site-packages/airflow/example_dags/example_short_circuit_operator.py
[2023-10-17 13:03:12,511] {logging_mixin.py:115} INFO - [2023-10-17 13:03:12,511] {dag.py:2371} INFO - Sync 1 DAGs
[2023-10-17 13:03:12,536] {logging_mixin.py:115} INFO - [2023-10-17 13:03:12,536] {dag.py:2919} INFO - Setting next_dagrun for example_short_circuit_operator to 2023-10-16T13:03:12.535964+00:00, run_after=2023-10-17T13:03:12.535964+00:00
[2023-10-17 13:03:12,550] {processor.py:161} INFO - Processing /home/airflow/.local/lib/python3.7/site-packages/airflow/example_dags/example_short_circuit_operator.py took 0.092 seconds
[2023-10-17 13:03:43,333] {processor.py:153} INFO - Started process (PID=363) to work on /home/airflow/.local/lib/python3.7/site-packages/airflow/example_dags/example_short_circuit_operator.py
[2023-10-17 13:03:43,334] {processor.py:641} INFO - Processing file /home/airflow/.local/lib/python3.7/site-packages/airflow/example_dags/example_short_circuit_operator.py for tasks to queue
[2023-10-17 13:03:43,335] {logging_mixin.py:115} INFO - [2023-10-17 13:03:43,335] {dagbag.py:507} INFO - Filling up the DagBag from /home/airflow/.local/lib/python3.7/site-packages/airflow/example_dags/example_short_circuit_operator.py
[2023-10-17 13:03:43,348] {processor.py:651} INFO - DAG(s) dict_keys(['example_short_circuit_operator']) retrieved from /home/airflow/.local/lib/python3.7/site-packages/airflow/example_dags/example_short_circuit_operator.py
[2023-10-17 13:03:43,380] {logging_mixin.py:115} INFO - [2023-10-17 13:03:43,380] {dag.py:2371} INFO - Sync 1 DAGs
[2023-10-17 13:03:43,407] {logging_mixin.py:115} INFO - [2023-10-17 13:03:43,407] {dag.py:2919} INFO - Setting next_dagrun for example_short_circuit_operator to 2023-10-16T13:03:43.407197+00:00, run_after=2023-10-17T13:03:43.407197+00:00
[2023-10-17 13:03:43,425] {processor.py:161} INFO - Processing /home/airflow/.local/lib/python3.7/site-packages/airflow/example_dags/example_short_circuit_operator.py took 0.096 seconds
[2023-10-17 13:04:14,284] {processor.py:153} INFO - Started process (PID=417) to work on /home/airflow/.local/lib/python3.7/site-packages/airflow/example_dags/example_short_circuit_operator.py
[2023-10-17 13:04:14,286] {processor.py:641} INFO - Processing file /home/airflow/.local/lib/python3.7/site-packages/airflow/example_dags/example_short_circuit_operator.py for tasks to queue
[2023-10-17 13:04:14,288] {logging_mixin.py:115} INFO - [2023-10-17 13:04:14,287] {dagbag.py:507} INFO - Filling up the DagBag from /home/airflow/.local/lib/python3.7/site-packages/airflow/example_dags/example_short_circuit_operator.py
[2023-10-17 13:04:14,312] {processor.py:651} INFO - DAG(s) dict_keys(['example_short_circuit_operator']) retrieved from /home/airflow/.local/lib/python3.7/site-packages/airflow/example_dags/example_short_circuit_operator.py
[2023-10-17 13:04:14,369] {logging_mixin.py:115} INFO - [2023-10-17 13:04:14,369] {dag.py:2371} INFO - Sync 1 DAGs
[2023-10-17 13:04:14,412] {logging_mixin.py:115} INFO - [2023-10-17 13:04:14,411] {dag.py:2919} INFO - Setting next_dagrun for example_short_circuit_operator to 2023-10-16T13:04:14.411635+00:00, run_after=2023-10-17T13:04:14.411635+00:00
[2023-10-17 13:04:14,426] {processor.py:161} INFO - Processing /home/airflow/.local/lib/python3.7/site-packages/airflow/example_dags/example_short_circuit_operator.py took 0.147 seconds
[2023-10-17 13:04:44,940] {processor.py:153} INFO - Started process (PID=480) to work on /home/airflow/.local/lib/python3.7/site-packages/airflow/example_dags/example_short_circuit_operator.py
[2023-10-17 13:04:44,941] {processor.py:641} INFO - Processing file /home/airflow/.local/lib/python3.7/site-packages/airflow/example_dags/example_short_circuit_operator.py for tasks to queue
[2023-10-17 13:04:44,943] {logging_mixin.py:115} INFO - [2023-10-17 13:04:44,943] {dagbag.py:507} INFO - Filling up the DagBag from /home/airflow/.local/lib/python3.7/site-packages/airflow/example_dags/example_short_circuit_operator.py
[2023-10-17 13:04:44,958] {processor.py:651} INFO - DAG(s) dict_keys(['example_short_circuit_operator']) retrieved from /home/airflow/.local/lib/python3.7/site-packages/airflow/example_dags/example_short_circuit_operator.py
[2023-10-17 13:04:44,996] {logging_mixin.py:115} INFO - [2023-10-17 13:04:44,995] {dag.py:2371} INFO - Sync 1 DAGs
[2023-10-17 13:04:45,033] {logging_mixin.py:115} INFO - [2023-10-17 13:04:45,033] {dag.py:2919} INFO - Setting next_dagrun for example_short_circuit_operator to 2023-10-16T13:04:45.032541+00:00, run_after=2023-10-17T13:04:45.032541+00:00
[2023-10-17 13:04:45,055] {processor.py:161} INFO - Processing /home/airflow/.local/lib/python3.7/site-packages/airflow/example_dags/example_short_circuit_operator.py took 0.118 seconds
[2023-10-17 13:05:16,015] {processor.py:153} INFO - Started process (PID=543) to work on /home/airflow/.local/lib/python3.7/site-packages/airflow/example_dags/example_short_circuit_operator.py
[2023-10-17 13:05:16,016] {processor.py:641} INFO - Processing file /home/airflow/.local/lib/python3.7/site-packages/airflow/example_dags/example_short_circuit_operator.py for tasks to queue
[2023-10-17 13:05:16,017] {logging_mixin.py:115} INFO - [2023-10-17 13:05:16,017] {dagbag.py:507} INFO - Filling up the DagBag from /home/airflow/.local/lib/python3.7/site-packages/airflow/example_dags/example_short_circuit_operator.py
[2023-10-17 13:05:16,032] {processor.py:651} INFO - DAG(s) dict_keys(['example_short_circuit_operator']) retrieved from /home/airflow/.local/lib/python3.7/site-packages/airflow/example_dags/example_short_circuit_operator.py
[2023-10-17 13:05:16,061] {logging_mixin.py:115} INFO - [2023-10-17 13:05:16,061] {dag.py:2371} INFO - Sync 1 DAGs
[2023-10-17 13:05:16,088] {logging_mixin.py:115} INFO - [2023-10-17 13:05:16,088] {dag.py:2919} INFO - Setting next_dagrun for example_short_circuit_operator to 2023-10-16T13:05:16.088044+00:00, run_after=2023-10-17T13:05:16.088044+00:00
[2023-10-17 13:05:16,105] {processor.py:161} INFO - Processing /home/airflow/.local/lib/python3.7/site-packages/airflow/example_dags/example_short_circuit_operator.py took 0.094 seconds
