[2023-10-17 13:01:08,763] {processor.py:153} INFO - Started process (PID=53) to work on /home/airflow/.local/lib/python3.7/site-packages/airflow/example_dags/example_trigger_controller_dag.py
[2023-10-17 13:01:08,764] {processor.py:641} INFO - Processing file /home/airflow/.local/lib/python3.7/site-packages/airflow/example_dags/example_trigger_controller_dag.py for tasks to queue
[2023-10-17 13:01:08,765] {logging_mixin.py:115} INFO - [2023-10-17 13:01:08,765] {dagbag.py:507} INFO - Filling up the DagBag from /home/airflow/.local/lib/python3.7/site-packages/airflow/example_dags/example_trigger_controller_dag.py
[2023-10-17 13:01:08,770] {processor.py:651} INFO - DAG(s) dict_keys(['example_trigger_controller_dag']) retrieved from /home/airflow/.local/lib/python3.7/site-packages/airflow/example_dags/example_trigger_controller_dag.py
[2023-10-17 13:01:08,808] {logging_mixin.py:115} INFO - [2023-10-17 13:01:08,808] {dag.py:2371} INFO - Sync 1 DAGs
[2023-10-17 13:01:08,834] {logging_mixin.py:115} INFO - [2023-10-17 13:01:08,834] {dag.py:2919} INFO - Setting next_dagrun for example_trigger_controller_dag to 2021-01-01T00:00:00+00:00, run_after=2021-01-01T00:00:00+00:00
[2023-10-17 13:01:08,850] {processor.py:161} INFO - Processing /home/airflow/.local/lib/python3.7/site-packages/airflow/example_dags/example_trigger_controller_dag.py took 0.091 seconds
[2023-10-17 13:01:39,530] {processor.py:153} INFO - Started process (PID=108) to work on /home/airflow/.local/lib/python3.7/site-packages/airflow/example_dags/example_trigger_controller_dag.py
[2023-10-17 13:01:39,533] {processor.py:641} INFO - Processing file /home/airflow/.local/lib/python3.7/site-packages/airflow/example_dags/example_trigger_controller_dag.py for tasks to queue
[2023-10-17 13:01:39,535] {logging_mixin.py:115} INFO - [2023-10-17 13:01:39,534] {dagbag.py:507} INFO - Filling up the DagBag from /home/airflow/.local/lib/python3.7/site-packages/airflow/example_dags/example_trigger_controller_dag.py
[2023-10-17 13:01:39,542] {processor.py:651} INFO - DAG(s) dict_keys(['example_trigger_controller_dag']) retrieved from /home/airflow/.local/lib/python3.7/site-packages/airflow/example_dags/example_trigger_controller_dag.py
[2023-10-17 13:01:39,609] {logging_mixin.py:115} INFO - [2023-10-17 13:01:39,608] {dag.py:2371} INFO - Sync 1 DAGs
[2023-10-17 13:01:39,639] {logging_mixin.py:115} INFO - [2023-10-17 13:01:39,639] {dag.py:2919} INFO - Setting next_dagrun for example_trigger_controller_dag to 2021-01-01T00:00:00+00:00, run_after=2021-01-01T00:00:00+00:00
[2023-10-17 13:01:39,656] {processor.py:161} INFO - Processing /home/airflow/.local/lib/python3.7/site-packages/airflow/example_dags/example_trigger_controller_dag.py took 0.134 seconds
[2023-10-17 13:02:09,943] {processor.py:153} INFO - Started process (PID=171) to work on /home/airflow/.local/lib/python3.7/site-packages/airflow/example_dags/example_trigger_controller_dag.py
[2023-10-17 13:02:09,945] {processor.py:641} INFO - Processing file /home/airflow/.local/lib/python3.7/site-packages/airflow/example_dags/example_trigger_controller_dag.py for tasks to queue
[2023-10-17 13:02:09,947] {logging_mixin.py:115} INFO - [2023-10-17 13:02:09,947] {dagbag.py:507} INFO - Filling up the DagBag from /home/airflow/.local/lib/python3.7/site-packages/airflow/example_dags/example_trigger_controller_dag.py
[2023-10-17 13:02:09,955] {processor.py:651} INFO - DAG(s) dict_keys(['example_trigger_controller_dag']) retrieved from /home/airflow/.local/lib/python3.7/site-packages/airflow/example_dags/example_trigger_controller_dag.py
[2023-10-17 13:02:09,994] {logging_mixin.py:115} INFO - [2023-10-17 13:02:09,994] {dag.py:2371} INFO - Sync 1 DAGs
[2023-10-17 13:02:10,030] {logging_mixin.py:115} INFO - [2023-10-17 13:02:10,030] {dag.py:2919} INFO - Setting next_dagrun for example_trigger_controller_dag to 2021-01-01T00:00:00+00:00, run_after=2021-01-01T00:00:00+00:00
[2023-10-17 13:02:10,059] {processor.py:161} INFO - Processing /home/airflow/.local/lib/python3.7/site-packages/airflow/example_dags/example_trigger_controller_dag.py took 0.120 seconds
[2023-10-17 13:02:40,962] {processor.py:153} INFO - Started process (PID=225) to work on /home/airflow/.local/lib/python3.7/site-packages/airflow/example_dags/example_trigger_controller_dag.py
[2023-10-17 13:02:40,964] {processor.py:641} INFO - Processing file /home/airflow/.local/lib/python3.7/site-packages/airflow/example_dags/example_trigger_controller_dag.py for tasks to queue
[2023-10-17 13:02:40,965] {logging_mixin.py:115} INFO - [2023-10-17 13:02:40,965] {dagbag.py:507} INFO - Filling up the DagBag from /home/airflow/.local/lib/python3.7/site-packages/airflow/example_dags/example_trigger_controller_dag.py
[2023-10-17 13:02:40,970] {processor.py:651} INFO - DAG(s) dict_keys(['example_trigger_controller_dag']) retrieved from /home/airflow/.local/lib/python3.7/site-packages/airflow/example_dags/example_trigger_controller_dag.py
[2023-10-17 13:02:41,001] {logging_mixin.py:115} INFO - [2023-10-17 13:02:41,001] {dag.py:2371} INFO - Sync 1 DAGs
[2023-10-17 13:02:41,022] {logging_mixin.py:115} INFO - [2023-10-17 13:02:41,022] {dag.py:2919} INFO - Setting next_dagrun for example_trigger_controller_dag to 2021-01-01T00:00:00+00:00, run_after=2021-01-01T00:00:00+00:00
[2023-10-17 13:02:41,038] {processor.py:161} INFO - Processing /home/airflow/.local/lib/python3.7/site-packages/airflow/example_dags/example_trigger_controller_dag.py took 0.080 seconds
[2023-10-17 13:03:11,294] {processor.py:153} INFO - Started process (PID=289) to work on /home/airflow/.local/lib/python3.7/site-packages/airflow/example_dags/example_trigger_controller_dag.py
[2023-10-17 13:03:11,295] {processor.py:641} INFO - Processing file /home/airflow/.local/lib/python3.7/site-packages/airflow/example_dags/example_trigger_controller_dag.py for tasks to queue
[2023-10-17 13:03:11,296] {logging_mixin.py:115} INFO - [2023-10-17 13:03:11,296] {dagbag.py:507} INFO - Filling up the DagBag from /home/airflow/.local/lib/python3.7/site-packages/airflow/example_dags/example_trigger_controller_dag.py
[2023-10-17 13:03:11,300] {processor.py:651} INFO - DAG(s) dict_keys(['example_trigger_controller_dag']) retrieved from /home/airflow/.local/lib/python3.7/site-packages/airflow/example_dags/example_trigger_controller_dag.py
[2023-10-17 13:03:11,332] {logging_mixin.py:115} INFO - [2023-10-17 13:03:11,331] {dag.py:2371} INFO - Sync 1 DAGs
[2023-10-17 13:03:11,353] {logging_mixin.py:115} INFO - [2023-10-17 13:03:11,353] {dag.py:2919} INFO - Setting next_dagrun for example_trigger_controller_dag to 2021-01-01T00:00:00+00:00, run_after=2021-01-01T00:00:00+00:00
[2023-10-17 13:03:11,369] {processor.py:161} INFO - Processing /home/airflow/.local/lib/python3.7/site-packages/airflow/example_dags/example_trigger_controller_dag.py took 0.080 seconds
[2023-10-17 13:03:41,987] {processor.py:153} INFO - Started process (PID=353) to work on /home/airflow/.local/lib/python3.7/site-packages/airflow/example_dags/example_trigger_controller_dag.py
[2023-10-17 13:03:41,988] {processor.py:641} INFO - Processing file /home/airflow/.local/lib/python3.7/site-packages/airflow/example_dags/example_trigger_controller_dag.py for tasks to queue
[2023-10-17 13:03:41,990] {logging_mixin.py:115} INFO - [2023-10-17 13:03:41,989] {dagbag.py:507} INFO - Filling up the DagBag from /home/airflow/.local/lib/python3.7/site-packages/airflow/example_dags/example_trigger_controller_dag.py
[2023-10-17 13:03:41,994] {processor.py:651} INFO - DAG(s) dict_keys(['example_trigger_controller_dag']) retrieved from /home/airflow/.local/lib/python3.7/site-packages/airflow/example_dags/example_trigger_controller_dag.py
[2023-10-17 13:03:42,027] {logging_mixin.py:115} INFO - [2023-10-17 13:03:42,027] {dag.py:2371} INFO - Sync 1 DAGs
[2023-10-17 13:03:42,055] {logging_mixin.py:115} INFO - [2023-10-17 13:03:42,055] {dag.py:2919} INFO - Setting next_dagrun for example_trigger_controller_dag to 2021-01-01T00:00:00+00:00, run_after=2021-01-01T00:00:00+00:00
[2023-10-17 13:03:42,079] {processor.py:161} INFO - Processing /home/airflow/.local/lib/python3.7/site-packages/airflow/example_dags/example_trigger_controller_dag.py took 0.095 seconds
[2023-10-17 13:04:12,595] {processor.py:153} INFO - Started process (PID=407) to work on /home/airflow/.local/lib/python3.7/site-packages/airflow/example_dags/example_trigger_controller_dag.py
[2023-10-17 13:04:12,597] {processor.py:641} INFO - Processing file /home/airflow/.local/lib/python3.7/site-packages/airflow/example_dags/example_trigger_controller_dag.py for tasks to queue
[2023-10-17 13:04:12,598] {logging_mixin.py:115} INFO - [2023-10-17 13:04:12,598] {dagbag.py:507} INFO - Filling up the DagBag from /home/airflow/.local/lib/python3.7/site-packages/airflow/example_dags/example_trigger_controller_dag.py
[2023-10-17 13:04:12,603] {processor.py:651} INFO - DAG(s) dict_keys(['example_trigger_controller_dag']) retrieved from /home/airflow/.local/lib/python3.7/site-packages/airflow/example_dags/example_trigger_controller_dag.py
[2023-10-17 13:04:12,652] {logging_mixin.py:115} INFO - [2023-10-17 13:04:12,651] {dag.py:2371} INFO - Sync 1 DAGs
[2023-10-17 13:04:12,691] {logging_mixin.py:115} INFO - [2023-10-17 13:04:12,690] {dag.py:2919} INFO - Setting next_dagrun for example_trigger_controller_dag to 2021-01-01T00:00:00+00:00, run_after=2021-01-01T00:00:00+00:00
[2023-10-17 13:04:12,707] {processor.py:161} INFO - Processing /home/airflow/.local/lib/python3.7/site-packages/airflow/example_dags/example_trigger_controller_dag.py took 0.117 seconds
[2023-10-17 13:04:43,572] {processor.py:153} INFO - Started process (PID=470) to work on /home/airflow/.local/lib/python3.7/site-packages/airflow/example_dags/example_trigger_controller_dag.py
[2023-10-17 13:04:43,574] {processor.py:641} INFO - Processing file /home/airflow/.local/lib/python3.7/site-packages/airflow/example_dags/example_trigger_controller_dag.py for tasks to queue
[2023-10-17 13:04:43,575] {logging_mixin.py:115} INFO - [2023-10-17 13:04:43,575] {dagbag.py:507} INFO - Filling up the DagBag from /home/airflow/.local/lib/python3.7/site-packages/airflow/example_dags/example_trigger_controller_dag.py
[2023-10-17 13:04:43,580] {processor.py:651} INFO - DAG(s) dict_keys(['example_trigger_controller_dag']) retrieved from /home/airflow/.local/lib/python3.7/site-packages/airflow/example_dags/example_trigger_controller_dag.py
[2023-10-17 13:04:43,622] {logging_mixin.py:115} INFO - [2023-10-17 13:04:43,622] {dag.py:2371} INFO - Sync 1 DAGs
[2023-10-17 13:04:43,648] {logging_mixin.py:115} INFO - [2023-10-17 13:04:43,647] {dag.py:2919} INFO - Setting next_dagrun for example_trigger_controller_dag to 2021-01-01T00:00:00+00:00, run_after=2021-01-01T00:00:00+00:00
[2023-10-17 13:04:43,663] {processor.py:161} INFO - Processing /home/airflow/.local/lib/python3.7/site-packages/airflow/example_dags/example_trigger_controller_dag.py took 0.096 seconds
[2023-10-17 13:05:14,030] {processor.py:153} INFO - Started process (PID=524) to work on /home/airflow/.local/lib/python3.7/site-packages/airflow/example_dags/example_trigger_controller_dag.py
[2023-10-17 13:05:14,031] {processor.py:641} INFO - Processing file /home/airflow/.local/lib/python3.7/site-packages/airflow/example_dags/example_trigger_controller_dag.py for tasks to queue
[2023-10-17 13:05:14,032] {logging_mixin.py:115} INFO - [2023-10-17 13:05:14,032] {dagbag.py:507} INFO - Filling up the DagBag from /home/airflow/.local/lib/python3.7/site-packages/airflow/example_dags/example_trigger_controller_dag.py
[2023-10-17 13:05:14,036] {processor.py:651} INFO - DAG(s) dict_keys(['example_trigger_controller_dag']) retrieved from /home/airflow/.local/lib/python3.7/site-packages/airflow/example_dags/example_trigger_controller_dag.py
[2023-10-17 13:05:14,065] {logging_mixin.py:115} INFO - [2023-10-17 13:05:14,065] {dag.py:2371} INFO - Sync 1 DAGs
[2023-10-17 13:05:14,086] {logging_mixin.py:115} INFO - [2023-10-17 13:05:14,085] {dag.py:2919} INFO - Setting next_dagrun for example_trigger_controller_dag to 2021-01-01T00:00:00+00:00, run_after=2021-01-01T00:00:00+00:00
[2023-10-17 13:05:14,101] {processor.py:161} INFO - Processing /home/airflow/.local/lib/python3.7/site-packages/airflow/example_dags/example_trigger_controller_dag.py took 0.076 seconds
