[2023-10-17 13:01:10,364] {processor.py:153} INFO - Started process (PID=67) to work on /home/airflow/.local/lib/python3.7/site-packages/airflow/example_dags/example_branch_datetime_operator.py
[2023-10-17 13:01:10,366] {processor.py:641} INFO - Processing file /home/airflow/.local/lib/python3.7/site-packages/airflow/example_dags/example_branch_datetime_operator.py for tasks to queue
[2023-10-17 13:01:10,367] {logging_mixin.py:115} INFO - [2023-10-17 13:01:10,367] {dagbag.py:507} INFO - Filling up the DagBag from /home/airflow/.local/lib/python3.7/site-packages/airflow/example_dags/example_branch_datetime_operator.py
[2023-10-17 13:01:10,379] {processor.py:651} INFO - DAG(s) dict_keys(['example_branch_datetime_operator_2']) retrieved from /home/airflow/.local/lib/python3.7/site-packages/airflow/example_dags/example_branch_datetime_operator.py
[2023-10-17 13:01:10,416] {logging_mixin.py:115} INFO - [2023-10-17 13:01:10,416] {dag.py:2371} INFO - Sync 1 DAGs
[2023-10-17 13:01:10,446] {logging_mixin.py:115} INFO - [2023-10-17 13:01:10,446] {dag.py:2919} INFO - Setting next_dagrun for example_branch_datetime_operator_2 to 2023-10-16T00:00:00+00:00, run_after=2023-10-17T00:00:00+00:00
[2023-10-17 13:01:10,463] {processor.py:161} INFO - Processing /home/airflow/.local/lib/python3.7/site-packages/airflow/example_dags/example_branch_datetime_operator.py took 0.104 seconds
[2023-10-17 13:01:41,173] {processor.py:153} INFO - Started process (PID=122) to work on /home/airflow/.local/lib/python3.7/site-packages/airflow/example_dags/example_branch_datetime_operator.py
[2023-10-17 13:01:41,175] {processor.py:641} INFO - Processing file /home/airflow/.local/lib/python3.7/site-packages/airflow/example_dags/example_branch_datetime_operator.py for tasks to queue
[2023-10-17 13:01:41,177] {logging_mixin.py:115} INFO - [2023-10-17 13:01:41,177] {dagbag.py:507} INFO - Filling up the DagBag from /home/airflow/.local/lib/python3.7/site-packages/airflow/example_dags/example_branch_datetime_operator.py
[2023-10-17 13:01:41,204] {processor.py:651} INFO - DAG(s) dict_keys(['example_branch_datetime_operator_2']) retrieved from /home/airflow/.local/lib/python3.7/site-packages/airflow/example_dags/example_branch_datetime_operator.py
[2023-10-17 13:01:41,245] {logging_mixin.py:115} INFO - [2023-10-17 13:01:41,245] {dag.py:2371} INFO - Sync 1 DAGs
[2023-10-17 13:01:41,279] {logging_mixin.py:115} INFO - [2023-10-17 13:01:41,279] {dag.py:2919} INFO - Setting next_dagrun for example_branch_datetime_operator_2 to 2023-10-16T00:00:00+00:00, run_after=2023-10-17T00:00:00+00:00
[2023-10-17 13:01:41,295] {processor.py:161} INFO - Processing /home/airflow/.local/lib/python3.7/site-packages/airflow/example_dags/example_branch_datetime_operator.py took 0.127 seconds
[2023-10-17 13:02:11,416] {processor.py:153} INFO - Started process (PID=185) to work on /home/airflow/.local/lib/python3.7/site-packages/airflow/example_dags/example_branch_datetime_operator.py
[2023-10-17 13:02:11,417] {processor.py:641} INFO - Processing file /home/airflow/.local/lib/python3.7/site-packages/airflow/example_dags/example_branch_datetime_operator.py for tasks to queue
[2023-10-17 13:02:11,419] {logging_mixin.py:115} INFO - [2023-10-17 13:02:11,419] {dagbag.py:507} INFO - Filling up the DagBag from /home/airflow/.local/lib/python3.7/site-packages/airflow/example_dags/example_branch_datetime_operator.py
[2023-10-17 13:02:11,445] {processor.py:651} INFO - DAG(s) dict_keys(['example_branch_datetime_operator_2']) retrieved from /home/airflow/.local/lib/python3.7/site-packages/airflow/example_dags/example_branch_datetime_operator.py
[2023-10-17 13:02:11,499] {logging_mixin.py:115} INFO - [2023-10-17 13:02:11,499] {dag.py:2371} INFO - Sync 1 DAGs
[2023-10-17 13:02:11,549] {logging_mixin.py:115} INFO - [2023-10-17 13:02:11,549] {dag.py:2919} INFO - Setting next_dagrun for example_branch_datetime_operator_2 to 2023-10-16T00:00:00+00:00, run_after=2023-10-17T00:00:00+00:00
[2023-10-17 13:02:11,574] {processor.py:161} INFO - Processing /home/airflow/.local/lib/python3.7/site-packages/airflow/example_dags/example_branch_datetime_operator.py took 0.165 seconds
[2023-10-17 13:02:42,214] {processor.py:153} INFO - Started process (PID=239) to work on /home/airflow/.local/lib/python3.7/site-packages/airflow/example_dags/example_branch_datetime_operator.py
[2023-10-17 13:02:42,215] {processor.py:641} INFO - Processing file /home/airflow/.local/lib/python3.7/site-packages/airflow/example_dags/example_branch_datetime_operator.py for tasks to queue
[2023-10-17 13:02:42,217] {logging_mixin.py:115} INFO - [2023-10-17 13:02:42,217] {dagbag.py:507} INFO - Filling up the DagBag from /home/airflow/.local/lib/python3.7/site-packages/airflow/example_dags/example_branch_datetime_operator.py
[2023-10-17 13:02:42,229] {processor.py:651} INFO - DAG(s) dict_keys(['example_branch_datetime_operator_2']) retrieved from /home/airflow/.local/lib/python3.7/site-packages/airflow/example_dags/example_branch_datetime_operator.py
[2023-10-17 13:02:42,257] {logging_mixin.py:115} INFO - [2023-10-17 13:02:42,257] {dag.py:2371} INFO - Sync 1 DAGs
[2023-10-17 13:02:42,285] {logging_mixin.py:115} INFO - [2023-10-17 13:02:42,284] {dag.py:2919} INFO - Setting next_dagrun for example_branch_datetime_operator_2 to 2023-10-16T00:00:00+00:00, run_after=2023-10-17T00:00:00+00:00
[2023-10-17 13:02:42,299] {processor.py:161} INFO - Processing /home/airflow/.local/lib/python3.7/site-packages/airflow/example_dags/example_branch_datetime_operator.py took 0.090 seconds
[2023-10-17 13:03:12,740] {processor.py:153} INFO - Started process (PID=303) to work on /home/airflow/.local/lib/python3.7/site-packages/airflow/example_dags/example_branch_datetime_operator.py
[2023-10-17 13:03:12,742] {processor.py:641} INFO - Processing file /home/airflow/.local/lib/python3.7/site-packages/airflow/example_dags/example_branch_datetime_operator.py for tasks to queue
[2023-10-17 13:03:12,744] {logging_mixin.py:115} INFO - [2023-10-17 13:03:12,743] {dagbag.py:507} INFO - Filling up the DagBag from /home/airflow/.local/lib/python3.7/site-packages/airflow/example_dags/example_branch_datetime_operator.py
[2023-10-17 13:03:12,767] {processor.py:651} INFO - DAG(s) dict_keys(['example_branch_datetime_operator_2']) retrieved from /home/airflow/.local/lib/python3.7/site-packages/airflow/example_dags/example_branch_datetime_operator.py
[2023-10-17 13:03:12,816] {logging_mixin.py:115} INFO - [2023-10-17 13:03:12,816] {dag.py:2371} INFO - Sync 1 DAGs
[2023-10-17 13:03:12,850] {logging_mixin.py:115} INFO - [2023-10-17 13:03:12,850] {dag.py:2919} INFO - Setting next_dagrun for example_branch_datetime_operator_2 to 2023-10-16T00:00:00+00:00, run_after=2023-10-17T00:00:00+00:00
[2023-10-17 13:03:12,865] {processor.py:161} INFO - Processing /home/airflow/.local/lib/python3.7/site-packages/airflow/example_dags/example_branch_datetime_operator.py took 0.131 seconds
[2023-10-17 13:03:43,650] {processor.py:153} INFO - Started process (PID=367) to work on /home/airflow/.local/lib/python3.7/site-packages/airflow/example_dags/example_branch_datetime_operator.py
[2023-10-17 13:03:43,651] {processor.py:641} INFO - Processing file /home/airflow/.local/lib/python3.7/site-packages/airflow/example_dags/example_branch_datetime_operator.py for tasks to queue
[2023-10-17 13:03:43,653] {logging_mixin.py:115} INFO - [2023-10-17 13:03:43,652] {dagbag.py:507} INFO - Filling up the DagBag from /home/airflow/.local/lib/python3.7/site-packages/airflow/example_dags/example_branch_datetime_operator.py
[2023-10-17 13:03:43,663] {processor.py:651} INFO - DAG(s) dict_keys(['example_branch_datetime_operator_2']) retrieved from /home/airflow/.local/lib/python3.7/site-packages/airflow/example_dags/example_branch_datetime_operator.py
[2023-10-17 13:03:43,688] {logging_mixin.py:115} INFO - [2023-10-17 13:03:43,688] {dag.py:2371} INFO - Sync 1 DAGs
[2023-10-17 13:03:43,712] {logging_mixin.py:115} INFO - [2023-10-17 13:03:43,712] {dag.py:2919} INFO - Setting next_dagrun for example_branch_datetime_operator_2 to 2023-10-16T00:00:00+00:00, run_after=2023-10-17T00:00:00+00:00
[2023-10-17 13:03:43,728] {processor.py:161} INFO - Processing /home/airflow/.local/lib/python3.7/site-packages/airflow/example_dags/example_branch_datetime_operator.py took 0.081 seconds
[2023-10-17 13:04:14,780] {processor.py:153} INFO - Started process (PID=421) to work on /home/airflow/.local/lib/python3.7/site-packages/airflow/example_dags/example_branch_datetime_operator.py
[2023-10-17 13:04:14,781] {processor.py:641} INFO - Processing file /home/airflow/.local/lib/python3.7/site-packages/airflow/example_dags/example_branch_datetime_operator.py for tasks to queue
[2023-10-17 13:04:14,786] {logging_mixin.py:115} INFO - [2023-10-17 13:04:14,786] {dagbag.py:507} INFO - Filling up the DagBag from /home/airflow/.local/lib/python3.7/site-packages/airflow/example_dags/example_branch_datetime_operator.py
[2023-10-17 13:04:14,798] {processor.py:651} INFO - DAG(s) dict_keys(['example_branch_datetime_operator_2']) retrieved from /home/airflow/.local/lib/python3.7/site-packages/airflow/example_dags/example_branch_datetime_operator.py
[2023-10-17 13:04:14,827] {logging_mixin.py:115} INFO - [2023-10-17 13:04:14,826] {dag.py:2371} INFO - Sync 1 DAGs
[2023-10-17 13:04:14,854] {logging_mixin.py:115} INFO - [2023-10-17 13:04:14,853] {dag.py:2919} INFO - Setting next_dagrun for example_branch_datetime_operator_2 to 2023-10-16T00:00:00+00:00, run_after=2023-10-17T00:00:00+00:00
[2023-10-17 13:04:14,869] {processor.py:161} INFO - Processing /home/airflow/.local/lib/python3.7/site-packages/airflow/example_dags/example_branch_datetime_operator.py took 0.092 seconds
[2023-10-17 13:04:45,265] {processor.py:153} INFO - Started process (PID=484) to work on /home/airflow/.local/lib/python3.7/site-packages/airflow/example_dags/example_branch_datetime_operator.py
[2023-10-17 13:04:45,268] {processor.py:641} INFO - Processing file /home/airflow/.local/lib/python3.7/site-packages/airflow/example_dags/example_branch_datetime_operator.py for tasks to queue
[2023-10-17 13:04:45,270] {logging_mixin.py:115} INFO - [2023-10-17 13:04:45,270] {dagbag.py:507} INFO - Filling up the DagBag from /home/airflow/.local/lib/python3.7/site-packages/airflow/example_dags/example_branch_datetime_operator.py
[2023-10-17 13:04:45,294] {processor.py:651} INFO - DAG(s) dict_keys(['example_branch_datetime_operator_2']) retrieved from /home/airflow/.local/lib/python3.7/site-packages/airflow/example_dags/example_branch_datetime_operator.py
[2023-10-17 13:04:45,344] {logging_mixin.py:115} INFO - [2023-10-17 13:04:45,344] {dag.py:2371} INFO - Sync 1 DAGs
[2023-10-17 13:04:45,379] {logging_mixin.py:115} INFO - [2023-10-17 13:04:45,379] {dag.py:2919} INFO - Setting next_dagrun for example_branch_datetime_operator_2 to 2023-10-16T00:00:00+00:00, run_after=2023-10-17T00:00:00+00:00
[2023-10-17 13:04:45,395] {processor.py:161} INFO - Processing /home/airflow/.local/lib/python3.7/site-packages/airflow/example_dags/example_branch_datetime_operator.py took 0.135 seconds
[2023-10-17 13:05:16,242] {processor.py:153} INFO - Started process (PID=547) to work on /home/airflow/.local/lib/python3.7/site-packages/airflow/example_dags/example_branch_datetime_operator.py
[2023-10-17 13:05:16,243] {processor.py:641} INFO - Processing file /home/airflow/.local/lib/python3.7/site-packages/airflow/example_dags/example_branch_datetime_operator.py for tasks to queue
[2023-10-17 13:05:16,245] {logging_mixin.py:115} INFO - [2023-10-17 13:05:16,244] {dagbag.py:507} INFO - Filling up the DagBag from /home/airflow/.local/lib/python3.7/site-packages/airflow/example_dags/example_branch_datetime_operator.py
[2023-10-17 13:05:16,258] {processor.py:651} INFO - DAG(s) dict_keys(['example_branch_datetime_operator_2']) retrieved from /home/airflow/.local/lib/python3.7/site-packages/airflow/example_dags/example_branch_datetime_operator.py
[2023-10-17 13:05:16,284] {logging_mixin.py:115} INFO - [2023-10-17 13:05:16,284] {dag.py:2371} INFO - Sync 1 DAGs
[2023-10-17 13:05:16,312] {logging_mixin.py:115} INFO - [2023-10-17 13:05:16,312] {dag.py:2919} INFO - Setting next_dagrun for example_branch_datetime_operator_2 to 2023-10-16T00:00:00+00:00, run_after=2023-10-17T00:00:00+00:00
[2023-10-17 13:05:16,329] {processor.py:161} INFO - Processing /home/airflow/.local/lib/python3.7/site-packages/airflow/example_dags/example_branch_datetime_operator.py took 0.090 seconds
