[2023-10-11 10:21:20,440] {taskinstance.py:1159} INFO - Dependencies all met for <TaskInstance: 1_init_once_seed_data.load_seed_data_once manual__2023-10-11T10:21:19.875515+00:00 [queued]>
[2023-10-11 10:21:20,451] {taskinstance.py:1159} INFO - Dependencies all met for <TaskInstance: 1_init_once_seed_data.load_seed_data_once manual__2023-10-11T10:21:19.875515+00:00 [queued]>
[2023-10-11 10:21:20,452] {taskinstance.py:1356} INFO - 
--------------------------------------------------------------------------------
[2023-10-11 10:21:20,452] {taskinstance.py:1357} INFO - Starting attempt 1 of 1
[2023-10-11 10:21:20,453] {taskinstance.py:1358} INFO - 
--------------------------------------------------------------------------------
[2023-10-11 10:21:20,467] {taskinstance.py:1377} INFO - Executing <Task(BashOperator): load_seed_data_once> on 2023-10-11 10:21:19.875515+00:00
[2023-10-11 10:21:20,472] {standard_task_runner.py:52} INFO - Started process 315 to run task
[2023-10-11 10:21:20,475] {standard_task_runner.py:79} INFO - Running: ['***', 'tasks', 'run', '1_init_once_seed_data', 'load_seed_data_once', 'manual__2023-10-11T10:21:19.875515+00:00', '--job-id', '26', '--raw', '--subdir', 'DAGS_FOLDER/init.py', '--cfg-path', '/tmp/tmp5bgytneg', '--error-file', '/tmp/tmp3kh4m0xp']
[2023-10-11 10:21:20,476] {standard_task_runner.py:80} INFO - Job 26: Subtask load_seed_data_once
[2023-10-11 10:21:20,531] {task_command.py:369} INFO - Running <TaskInstance: 1_init_once_seed_data.load_seed_data_once manual__2023-10-11T10:21:19.875515+00:00 [running]> on host c2e542998ec2
[2023-10-11 10:21:20,636] {taskinstance.py:1571} INFO - Exporting the following env vars:
AIRFLOW_CTX_DAG_OWNER=***
AIRFLOW_CTX_DAG_ID=1_init_once_seed_data
AIRFLOW_CTX_TASK_ID=load_seed_data_once
AIRFLOW_CTX_EXECUTION_DATE=2023-10-11T10:21:19.875515+00:00
AIRFLOW_CTX_TRY_NUMBER=1
AIRFLOW_CTX_DAG_RUN_ID=manual__2023-10-11T10:21:19.875515+00:00
[2023-10-11 10:21:20,638] {subprocess.py:62} INFO - Tmp dir root location: 
 /tmp
[2023-10-11 10:21:20,639] {subprocess.py:74} INFO - Running command: ['bash', '-c', 'pwd']
[2023-10-11 10:21:20,649] {subprocess.py:85} INFO - Output:
[2023-10-11 10:21:20,651] {subprocess.py:92} INFO - /tmp/***tmpq78e2mgd
[2023-10-11 10:21:20,651] {subprocess.py:96} INFO - Command exited with return code 0
[2023-10-11 10:21:20,685] {taskinstance.py:1400} INFO - Marking task as SUCCESS. dag_id=1_init_once_seed_data, task_id=load_seed_data_once, execution_date=20231011T102119, start_date=20231011T102120, end_date=20231011T102120
[2023-10-11 10:21:20,728] {local_task_job.py:156} INFO - Task exited with return code 0
[2023-10-11 10:21:20,761] {local_task_job.py:273} INFO - 0 downstream tasks scheduled from follow-on schedule check
