[2023-10-04 07:03:39,351] {processor.py:153} INFO - Started process (PID=6779) to work on /home/airflow/.local/lib/python3.7/site-packages/airflow/example_dags/example_complex.py
[2023-10-04 07:03:39,352] {processor.py:641} INFO - Processing file /home/airflow/.local/lib/python3.7/site-packages/airflow/example_dags/example_complex.py for tasks to queue
[2023-10-04 07:03:39,354] {logging_mixin.py:115} INFO - [2023-10-04 07:03:39,354] {dagbag.py:507} INFO - Filling up the DagBag from /home/airflow/.local/lib/python3.7/site-packages/airflow/example_dags/example_complex.py
[2023-10-04 07:03:39,374] {processor.py:651} INFO - DAG(s) dict_keys(['example_complex']) retrieved from /home/airflow/.local/lib/python3.7/site-packages/airflow/example_dags/example_complex.py
[2023-10-04 07:03:39,428] {logging_mixin.py:115} INFO - [2023-10-04 07:03:39,428] {dag.py:2371} INFO - Sync 1 DAGs
[2023-10-04 07:03:39,465] {logging_mixin.py:115} INFO - [2023-10-04 07:03:39,465] {dag.py:2919} INFO - Setting next_dagrun for example_complex to None, run_after=None
[2023-10-04 07:03:39,497] {processor.py:161} INFO - Processing /home/airflow/.local/lib/python3.7/site-packages/airflow/example_dags/example_complex.py took 0.149 seconds
[2023-10-04 07:04:10,091] {processor.py:153} INFO - Started process (PID=6843) to work on /home/airflow/.local/lib/python3.7/site-packages/airflow/example_dags/example_complex.py
[2023-10-04 07:04:10,092] {processor.py:641} INFO - Processing file /home/airflow/.local/lib/python3.7/site-packages/airflow/example_dags/example_complex.py for tasks to queue
[2023-10-04 07:04:10,092] {logging_mixin.py:115} INFO - [2023-10-04 07:04:10,092] {dagbag.py:507} INFO - Filling up the DagBag from /home/airflow/.local/lib/python3.7/site-packages/airflow/example_dags/example_complex.py
[2023-10-04 07:04:10,103] {processor.py:651} INFO - DAG(s) dict_keys(['example_complex']) retrieved from /home/airflow/.local/lib/python3.7/site-packages/airflow/example_dags/example_complex.py
[2023-10-04 07:04:10,130] {logging_mixin.py:115} INFO - [2023-10-04 07:04:10,130] {dag.py:2371} INFO - Sync 1 DAGs
[2023-10-04 07:04:10,147] {logging_mixin.py:115} INFO - [2023-10-04 07:04:10,147] {dag.py:2919} INFO - Setting next_dagrun for example_complex to None, run_after=None
[2023-10-04 07:04:10,161] {processor.py:161} INFO - Processing /home/airflow/.local/lib/python3.7/site-packages/airflow/example_dags/example_complex.py took 0.072 seconds
[2023-10-04 07:04:40,942] {processor.py:153} INFO - Started process (PID=6897) to work on /home/airflow/.local/lib/python3.7/site-packages/airflow/example_dags/example_complex.py
[2023-10-04 07:04:40,943] {processor.py:641} INFO - Processing file /home/airflow/.local/lib/python3.7/site-packages/airflow/example_dags/example_complex.py for tasks to queue
[2023-10-04 07:04:40,943] {logging_mixin.py:115} INFO - [2023-10-04 07:04:40,943] {dagbag.py:507} INFO - Filling up the DagBag from /home/airflow/.local/lib/python3.7/site-packages/airflow/example_dags/example_complex.py
[2023-10-04 07:04:40,956] {processor.py:651} INFO - DAG(s) dict_keys(['example_complex']) retrieved from /home/airflow/.local/lib/python3.7/site-packages/airflow/example_dags/example_complex.py
[2023-10-04 07:04:40,985] {logging_mixin.py:115} INFO - [2023-10-04 07:04:40,985] {dag.py:2371} INFO - Sync 1 DAGs
[2023-10-04 07:04:41,003] {logging_mixin.py:115} INFO - [2023-10-04 07:04:41,002] {dag.py:2919} INFO - Setting next_dagrun for example_complex to None, run_after=None
[2023-10-04 07:04:41,016] {processor.py:161} INFO - Processing /home/airflow/.local/lib/python3.7/site-packages/airflow/example_dags/example_complex.py took 0.076 seconds
[2023-10-04 07:30:28,345] {processor.py:153} INFO - Started process (PID=6960) to work on /home/airflow/.local/lib/python3.7/site-packages/airflow/example_dags/example_complex.py
[2023-10-04 07:30:28,346] {processor.py:641} INFO - Processing file /home/airflow/.local/lib/python3.7/site-packages/airflow/example_dags/example_complex.py for tasks to queue
[2023-10-04 07:30:28,348] {logging_mixin.py:115} INFO - [2023-10-04 07:30:28,348] {dagbag.py:507} INFO - Filling up the DagBag from /home/airflow/.local/lib/python3.7/site-packages/airflow/example_dags/example_complex.py
[2023-10-04 07:30:28,366] {processor.py:651} INFO - DAG(s) dict_keys(['example_complex']) retrieved from /home/airflow/.local/lib/python3.7/site-packages/airflow/example_dags/example_complex.py
[2023-10-04 07:30:28,414] {logging_mixin.py:115} INFO - [2023-10-04 07:30:28,414] {dag.py:2371} INFO - Sync 1 DAGs
[2023-10-04 07:30:28,443] {logging_mixin.py:115} INFO - [2023-10-04 07:30:28,443] {dag.py:2919} INFO - Setting next_dagrun for example_complex to None, run_after=None
[2023-10-04 07:30:28,463] {processor.py:161} INFO - Processing /home/airflow/.local/lib/python3.7/site-packages/airflow/example_dags/example_complex.py took 0.124 seconds
[2023-10-04 07:31:06,236] {processor.py:153} INFO - Started process (PID=7015) to work on /home/airflow/.local/lib/python3.7/site-packages/airflow/example_dags/example_complex.py
[2023-10-04 07:31:06,237] {processor.py:641} INFO - Processing file /home/airflow/.local/lib/python3.7/site-packages/airflow/example_dags/example_complex.py for tasks to queue
[2023-10-04 07:31:06,238] {logging_mixin.py:115} INFO - [2023-10-04 07:31:06,238] {dagbag.py:507} INFO - Filling up the DagBag from /home/airflow/.local/lib/python3.7/site-packages/airflow/example_dags/example_complex.py
[2023-10-04 07:31:06,250] {processor.py:651} INFO - DAG(s) dict_keys(['example_complex']) retrieved from /home/airflow/.local/lib/python3.7/site-packages/airflow/example_dags/example_complex.py
[2023-10-04 07:31:06,279] {logging_mixin.py:115} INFO - [2023-10-04 07:31:06,279] {dag.py:2371} INFO - Sync 1 DAGs
[2023-10-04 07:31:06,297] {logging_mixin.py:115} INFO - [2023-10-04 07:31:06,297] {dag.py:2919} INFO - Setting next_dagrun for example_complex to None, run_after=None
[2023-10-04 07:31:06,313] {processor.py:161} INFO - Processing /home/airflow/.local/lib/python3.7/site-packages/airflow/example_dags/example_complex.py took 0.081 seconds
