[2023-10-04 07:03:35,269] {processor.py:153} INFO - Started process (PID=6752) to work on /home/airflow/.local/lib/python3.7/site-packages/airflow/example_dags/example_branch_labels.py
[2023-10-04 07:03:35,271] {processor.py:641} INFO - Processing file /home/airflow/.local/lib/python3.7/site-packages/airflow/example_dags/example_branch_labels.py for tasks to queue
[2023-10-04 07:03:35,273] {logging_mixin.py:115} INFO - [2023-10-04 07:03:35,272] {dagbag.py:507} INFO - Filling up the DagBag from /home/airflow/.local/lib/python3.7/site-packages/airflow/example_dags/example_branch_labels.py
[2023-10-04 07:03:35,280] {processor.py:651} INFO - DAG(s) dict_keys(['example_branch_labels']) retrieved from /home/airflow/.local/lib/python3.7/site-packages/airflow/example_dags/example_branch_labels.py
[2023-10-04 07:03:35,344] {logging_mixin.py:115} INFO - [2023-10-04 07:03:35,343] {dag.py:2371} INFO - Sync 1 DAGs
[2023-10-04 07:03:35,404] {logging_mixin.py:115} INFO - [2023-10-04 07:03:35,404] {dag.py:2919} INFO - Setting next_dagrun for example_branch_labels to 2023-10-03T00:00:00+00:00, run_after=2023-10-04T00:00:00+00:00
[2023-10-04 07:03:35,452] {processor.py:161} INFO - Processing /home/airflow/.local/lib/python3.7/site-packages/airflow/example_dags/example_branch_labels.py took 0.192 seconds
[2023-10-04 07:04:06,478] {processor.py:153} INFO - Started process (PID=6806) to work on /home/airflow/.local/lib/python3.7/site-packages/airflow/example_dags/example_branch_labels.py
[2023-10-04 07:04:06,479] {processor.py:641} INFO - Processing file /home/airflow/.local/lib/python3.7/site-packages/airflow/example_dags/example_branch_labels.py for tasks to queue
[2023-10-04 07:04:06,480] {logging_mixin.py:115} INFO - [2023-10-04 07:04:06,479] {dagbag.py:507} INFO - Filling up the DagBag from /home/airflow/.local/lib/python3.7/site-packages/airflow/example_dags/example_branch_labels.py
[2023-10-04 07:04:06,485] {processor.py:651} INFO - DAG(s) dict_keys(['example_branch_labels']) retrieved from /home/airflow/.local/lib/python3.7/site-packages/airflow/example_dags/example_branch_labels.py
[2023-10-04 07:04:06,509] {logging_mixin.py:115} INFO - [2023-10-04 07:04:06,509] {dag.py:2371} INFO - Sync 1 DAGs
[2023-10-04 07:04:06,528] {logging_mixin.py:115} INFO - [2023-10-04 07:04:06,528] {dag.py:2919} INFO - Setting next_dagrun for example_branch_labels to 2023-10-03T00:00:00+00:00, run_after=2023-10-04T00:00:00+00:00
[2023-10-04 07:04:06,542] {processor.py:161} INFO - Processing /home/airflow/.local/lib/python3.7/site-packages/airflow/example_dags/example_branch_labels.py took 0.067 seconds
[2023-10-04 07:04:36,603] {processor.py:153} INFO - Started process (PID=6870) to work on /home/airflow/.local/lib/python3.7/site-packages/airflow/example_dags/example_branch_labels.py
[2023-10-04 07:04:36,605] {processor.py:641} INFO - Processing file /home/airflow/.local/lib/python3.7/site-packages/airflow/example_dags/example_branch_labels.py for tasks to queue
[2023-10-04 07:04:36,606] {logging_mixin.py:115} INFO - [2023-10-04 07:04:36,606] {dagbag.py:507} INFO - Filling up the DagBag from /home/airflow/.local/lib/python3.7/site-packages/airflow/example_dags/example_branch_labels.py
[2023-10-04 07:04:36,612] {processor.py:651} INFO - DAG(s) dict_keys(['example_branch_labels']) retrieved from /home/airflow/.local/lib/python3.7/site-packages/airflow/example_dags/example_branch_labels.py
[2023-10-04 07:04:36,636] {logging_mixin.py:115} INFO - [2023-10-04 07:04:36,635] {dag.py:2371} INFO - Sync 1 DAGs
[2023-10-04 07:04:36,654] {logging_mixin.py:115} INFO - [2023-10-04 07:04:36,654] {dag.py:2919} INFO - Setting next_dagrun for example_branch_labels to 2023-10-03T00:00:00+00:00, run_after=2023-10-04T00:00:00+00:00
[2023-10-04 07:04:36,670] {processor.py:161} INFO - Processing /home/airflow/.local/lib/python3.7/site-packages/airflow/example_dags/example_branch_labels.py took 0.069 seconds
[2023-10-04 07:30:26,181] {processor.py:153} INFO - Started process (PID=6933) to work on /home/airflow/.local/lib/python3.7/site-packages/airflow/example_dags/example_branch_labels.py
[2023-10-04 07:30:26,182] {processor.py:641} INFO - Processing file /home/airflow/.local/lib/python3.7/site-packages/airflow/example_dags/example_branch_labels.py for tasks to queue
[2023-10-04 07:30:26,183] {logging_mixin.py:115} INFO - [2023-10-04 07:30:26,183] {dagbag.py:507} INFO - Filling up the DagBag from /home/airflow/.local/lib/python3.7/site-packages/airflow/example_dags/example_branch_labels.py
[2023-10-04 07:30:26,190] {processor.py:651} INFO - DAG(s) dict_keys(['example_branch_labels']) retrieved from /home/airflow/.local/lib/python3.7/site-packages/airflow/example_dags/example_branch_labels.py
[2023-10-04 07:30:26,225] {logging_mixin.py:115} INFO - [2023-10-04 07:30:26,225] {dag.py:2371} INFO - Sync 1 DAGs
[2023-10-04 07:30:26,263] {logging_mixin.py:115} INFO - [2023-10-04 07:30:26,263] {dag.py:2919} INFO - Setting next_dagrun for example_branch_labels to 2023-10-03T00:00:00+00:00, run_after=2023-10-04T00:00:00+00:00
[2023-10-04 07:30:26,297] {processor.py:161} INFO - Processing /home/airflow/.local/lib/python3.7/site-packages/airflow/example_dags/example_branch_labels.py took 0.120 seconds
[2023-10-04 07:31:04,612] {processor.py:153} INFO - Started process (PID=6988) to work on /home/airflow/.local/lib/python3.7/site-packages/airflow/example_dags/example_branch_labels.py
[2023-10-04 07:31:04,613] {processor.py:641} INFO - Processing file /home/airflow/.local/lib/python3.7/site-packages/airflow/example_dags/example_branch_labels.py for tasks to queue
[2023-10-04 07:31:04,614] {logging_mixin.py:115} INFO - [2023-10-04 07:31:04,614] {dagbag.py:507} INFO - Filling up the DagBag from /home/airflow/.local/lib/python3.7/site-packages/airflow/example_dags/example_branch_labels.py
[2023-10-04 07:31:04,618] {processor.py:651} INFO - DAG(s) dict_keys(['example_branch_labels']) retrieved from /home/airflow/.local/lib/python3.7/site-packages/airflow/example_dags/example_branch_labels.py
[2023-10-04 07:31:04,639] {logging_mixin.py:115} INFO - [2023-10-04 07:31:04,639] {dag.py:2371} INFO - Sync 1 DAGs
[2023-10-04 07:31:04,655] {logging_mixin.py:115} INFO - [2023-10-04 07:31:04,655] {dag.py:2919} INFO - Setting next_dagrun for example_branch_labels to 2023-10-03T00:00:00+00:00, run_after=2023-10-04T00:00:00+00:00
[2023-10-04 07:31:04,668] {processor.py:161} INFO - Processing /home/airflow/.local/lib/python3.7/site-packages/airflow/example_dags/example_branch_labels.py took 0.059 seconds
