[2023-10-04 07:03:39,205] {processor.py:153} INFO - Started process (PID=6777) to work on /home/airflow/.local/lib/python3.7/site-packages/airflow/example_dags/example_python_operator.py
[2023-10-04 07:03:39,206] {processor.py:641} INFO - Processing file /home/airflow/.local/lib/python3.7/site-packages/airflow/example_dags/example_python_operator.py for tasks to queue
[2023-10-04 07:03:39,207] {logging_mixin.py:115} INFO - [2023-10-04 07:03:39,207] {dagbag.py:507} INFO - Filling up the DagBag from /home/airflow/.local/lib/python3.7/site-packages/airflow/example_dags/example_python_operator.py
[2023-10-04 07:03:39,233] {processor.py:651} INFO - DAG(s) dict_keys(['example_python_operator']) retrieved from /home/airflow/.local/lib/python3.7/site-packages/airflow/example_dags/example_python_operator.py
[2023-10-04 07:03:39,268] {logging_mixin.py:115} INFO - [2023-10-04 07:03:39,267] {dag.py:2371} INFO - Sync 1 DAGs
[2023-10-04 07:03:39,300] {logging_mixin.py:115} INFO - [2023-10-04 07:03:39,300] {dag.py:2919} INFO - Setting next_dagrun for example_python_operator to None, run_after=None
[2023-10-04 07:03:39,318] {processor.py:161} INFO - Processing /home/airflow/.local/lib/python3.7/site-packages/airflow/example_dags/example_python_operator.py took 0.117 seconds
[2023-10-04 07:04:09,995] {processor.py:153} INFO - Started process (PID=6841) to work on /home/airflow/.local/lib/python3.7/site-packages/airflow/example_dags/example_python_operator.py
[2023-10-04 07:04:09,996] {processor.py:641} INFO - Processing file /home/airflow/.local/lib/python3.7/site-packages/airflow/example_dags/example_python_operator.py for tasks to queue
[2023-10-04 07:04:09,997] {logging_mixin.py:115} INFO - [2023-10-04 07:04:09,997] {dagbag.py:507} INFO - Filling up the DagBag from /home/airflow/.local/lib/python3.7/site-packages/airflow/example_dags/example_python_operator.py
[2023-10-04 07:04:10,010] {processor.py:651} INFO - DAG(s) dict_keys(['example_python_operator']) retrieved from /home/airflow/.local/lib/python3.7/site-packages/airflow/example_dags/example_python_operator.py
[2023-10-04 07:04:10,033] {logging_mixin.py:115} INFO - [2023-10-04 07:04:10,033] {dag.py:2371} INFO - Sync 1 DAGs
[2023-10-04 07:04:10,052] {logging_mixin.py:115} INFO - [2023-10-04 07:04:10,052] {dag.py:2919} INFO - Setting next_dagrun for example_python_operator to None, run_after=None
[2023-10-04 07:04:10,064] {processor.py:161} INFO - Processing /home/airflow/.local/lib/python3.7/site-packages/airflow/example_dags/example_python_operator.py took 0.072 seconds
[2023-10-04 07:04:40,854] {processor.py:153} INFO - Started process (PID=6895) to work on /home/airflow/.local/lib/python3.7/site-packages/airflow/example_dags/example_python_operator.py
[2023-10-04 07:04:40,855] {processor.py:641} INFO - Processing file /home/airflow/.local/lib/python3.7/site-packages/airflow/example_dags/example_python_operator.py for tasks to queue
[2023-10-04 07:04:40,856] {logging_mixin.py:115} INFO - [2023-10-04 07:04:40,856] {dagbag.py:507} INFO - Filling up the DagBag from /home/airflow/.local/lib/python3.7/site-packages/airflow/example_dags/example_python_operator.py
[2023-10-04 07:04:40,873] {processor.py:651} INFO - DAG(s) dict_keys(['example_python_operator']) retrieved from /home/airflow/.local/lib/python3.7/site-packages/airflow/example_dags/example_python_operator.py
[2023-10-04 07:04:40,894] {logging_mixin.py:115} INFO - [2023-10-04 07:04:40,894] {dag.py:2371} INFO - Sync 1 DAGs
[2023-10-04 07:04:40,911] {logging_mixin.py:115} INFO - [2023-10-04 07:04:40,910] {dag.py:2919} INFO - Setting next_dagrun for example_python_operator to None, run_after=None
[2023-10-04 07:04:40,922] {processor.py:161} INFO - Processing /home/airflow/.local/lib/python3.7/site-packages/airflow/example_dags/example_python_operator.py took 0.070 seconds
[2023-10-04 07:30:28,188] {processor.py:153} INFO - Started process (PID=6958) to work on /home/airflow/.local/lib/python3.7/site-packages/airflow/example_dags/example_python_operator.py
[2023-10-04 07:30:28,192] {processor.py:641} INFO - Processing file /home/airflow/.local/lib/python3.7/site-packages/airflow/example_dags/example_python_operator.py for tasks to queue
[2023-10-04 07:30:28,193] {logging_mixin.py:115} INFO - [2023-10-04 07:30:28,193] {dagbag.py:507} INFO - Filling up the DagBag from /home/airflow/.local/lib/python3.7/site-packages/airflow/example_dags/example_python_operator.py
[2023-10-04 07:30:28,214] {processor.py:651} INFO - DAG(s) dict_keys(['example_python_operator']) retrieved from /home/airflow/.local/lib/python3.7/site-packages/airflow/example_dags/example_python_operator.py
[2023-10-04 07:30:28,261] {logging_mixin.py:115} INFO - [2023-10-04 07:30:28,261] {dag.py:2371} INFO - Sync 1 DAGs
[2023-10-04 07:30:28,289] {logging_mixin.py:115} INFO - [2023-10-04 07:30:28,289] {dag.py:2919} INFO - Setting next_dagrun for example_python_operator to None, run_after=None
[2023-10-04 07:30:28,313] {processor.py:161} INFO - Processing /home/airflow/.local/lib/python3.7/site-packages/airflow/example_dags/example_python_operator.py took 0.129 seconds
[2023-10-04 07:31:06,137] {processor.py:153} INFO - Started process (PID=7013) to work on /home/airflow/.local/lib/python3.7/site-packages/airflow/example_dags/example_python_operator.py
[2023-10-04 07:31:06,138] {processor.py:641} INFO - Processing file /home/airflow/.local/lib/python3.7/site-packages/airflow/example_dags/example_python_operator.py for tasks to queue
[2023-10-04 07:31:06,139] {logging_mixin.py:115} INFO - [2023-10-04 07:31:06,139] {dagbag.py:507} INFO - Filling up the DagBag from /home/airflow/.local/lib/python3.7/site-packages/airflow/example_dags/example_python_operator.py
[2023-10-04 07:31:06,154] {processor.py:651} INFO - DAG(s) dict_keys(['example_python_operator']) retrieved from /home/airflow/.local/lib/python3.7/site-packages/airflow/example_dags/example_python_operator.py
[2023-10-04 07:31:06,179] {logging_mixin.py:115} INFO - [2023-10-04 07:31:06,178] {dag.py:2371} INFO - Sync 1 DAGs
[2023-10-04 07:31:06,196] {logging_mixin.py:115} INFO - [2023-10-04 07:31:06,196] {dag.py:2919} INFO - Setting next_dagrun for example_python_operator to None, run_after=None
[2023-10-04 07:31:06,210] {processor.py:161} INFO - Processing /home/airflow/.local/lib/python3.7/site-packages/airflow/example_dags/example_python_operator.py took 0.076 seconds
