[2023-10-04 07:03:38,076] {processor.py:153} INFO - Started process (PID=6769) to work on /home/airflow/.local/lib/python3.7/site-packages/airflow/example_dags/example_branch_datetime_operator.py
[2023-10-04 07:03:38,077] {processor.py:641} INFO - Processing file /home/airflow/.local/lib/python3.7/site-packages/airflow/example_dags/example_branch_datetime_operator.py for tasks to queue
[2023-10-04 07:03:38,078] {logging_mixin.py:115} INFO - [2023-10-04 07:03:38,078] {dagbag.py:507} INFO - Filling up the DagBag from /home/airflow/.local/lib/python3.7/site-packages/airflow/example_dags/example_branch_datetime_operator.py
[2023-10-04 07:03:38,096] {processor.py:651} INFO - DAG(s) dict_keys(['example_branch_datetime_operator_2']) retrieved from /home/airflow/.local/lib/python3.7/site-packages/airflow/example_dags/example_branch_datetime_operator.py
[2023-10-04 07:03:38,141] {logging_mixin.py:115} INFO - [2023-10-04 07:03:38,141] {dag.py:2371} INFO - Sync 1 DAGs
[2023-10-04 07:03:38,193] {logging_mixin.py:115} INFO - [2023-10-04 07:03:38,193] {dag.py:2919} INFO - Setting next_dagrun for example_branch_datetime_operator_2 to 2023-10-03T00:00:00+00:00, run_after=2023-10-04T00:00:00+00:00
[2023-10-04 07:03:38,228] {processor.py:161} INFO - Processing /home/airflow/.local/lib/python3.7/site-packages/airflow/example_dags/example_branch_datetime_operator.py took 0.155 seconds
[2023-10-04 07:04:08,412] {processor.py:153} INFO - Started process (PID=6823) to work on /home/airflow/.local/lib/python3.7/site-packages/airflow/example_dags/example_branch_datetime_operator.py
[2023-10-04 07:04:08,413] {processor.py:641} INFO - Processing file /home/airflow/.local/lib/python3.7/site-packages/airflow/example_dags/example_branch_datetime_operator.py for tasks to queue
[2023-10-04 07:04:08,415] {logging_mixin.py:115} INFO - [2023-10-04 07:04:08,415] {dagbag.py:507} INFO - Filling up the DagBag from /home/airflow/.local/lib/python3.7/site-packages/airflow/example_dags/example_branch_datetime_operator.py
[2023-10-04 07:04:08,421] {processor.py:651} INFO - DAG(s) dict_keys(['example_branch_datetime_operator_2']) retrieved from /home/airflow/.local/lib/python3.7/site-packages/airflow/example_dags/example_branch_datetime_operator.py
[2023-10-04 07:04:08,445] {logging_mixin.py:115} INFO - [2023-10-04 07:04:08,444] {dag.py:2371} INFO - Sync 1 DAGs
[2023-10-04 07:04:08,468] {logging_mixin.py:115} INFO - [2023-10-04 07:04:08,467] {dag.py:2919} INFO - Setting next_dagrun for example_branch_datetime_operator_2 to 2023-10-03T00:00:00+00:00, run_after=2023-10-04T00:00:00+00:00
[2023-10-04 07:04:08,484] {processor.py:161} INFO - Processing /home/airflow/.local/lib/python3.7/site-packages/airflow/example_dags/example_branch_datetime_operator.py took 0.074 seconds
[2023-10-04 07:04:38,553] {processor.py:153} INFO - Started process (PID=6887) to work on /home/airflow/.local/lib/python3.7/site-packages/airflow/example_dags/example_branch_datetime_operator.py
[2023-10-04 07:04:38,554] {processor.py:641} INFO - Processing file /home/airflow/.local/lib/python3.7/site-packages/airflow/example_dags/example_branch_datetime_operator.py for tasks to queue
[2023-10-04 07:04:38,555] {logging_mixin.py:115} INFO - [2023-10-04 07:04:38,554] {dagbag.py:507} INFO - Filling up the DagBag from /home/airflow/.local/lib/python3.7/site-packages/airflow/example_dags/example_branch_datetime_operator.py
[2023-10-04 07:04:38,561] {processor.py:651} INFO - DAG(s) dict_keys(['example_branch_datetime_operator_2']) retrieved from /home/airflow/.local/lib/python3.7/site-packages/airflow/example_dags/example_branch_datetime_operator.py
[2023-10-04 07:04:38,583] {logging_mixin.py:115} INFO - [2023-10-04 07:04:38,583] {dag.py:2371} INFO - Sync 1 DAGs
[2023-10-04 07:04:38,608] {logging_mixin.py:115} INFO - [2023-10-04 07:04:38,608] {dag.py:2919} INFO - Setting next_dagrun for example_branch_datetime_operator_2 to 2023-10-03T00:00:00+00:00, run_after=2023-10-04T00:00:00+00:00
[2023-10-04 07:04:38,619] {processor.py:161} INFO - Processing /home/airflow/.local/lib/python3.7/site-packages/airflow/example_dags/example_branch_datetime_operator.py took 0.070 seconds
[2023-10-04 07:30:27,515] {processor.py:153} INFO - Started process (PID=6950) to work on /home/airflow/.local/lib/python3.7/site-packages/airflow/example_dags/example_branch_datetime_operator.py
[2023-10-04 07:30:27,516] {processor.py:641} INFO - Processing file /home/airflow/.local/lib/python3.7/site-packages/airflow/example_dags/example_branch_datetime_operator.py for tasks to queue
[2023-10-04 07:30:27,518] {logging_mixin.py:115} INFO - [2023-10-04 07:30:27,518] {dagbag.py:507} INFO - Filling up the DagBag from /home/airflow/.local/lib/python3.7/site-packages/airflow/example_dags/example_branch_datetime_operator.py
[2023-10-04 07:30:27,528] {processor.py:651} INFO - DAG(s) dict_keys(['example_branch_datetime_operator_2']) retrieved from /home/airflow/.local/lib/python3.7/site-packages/airflow/example_dags/example_branch_datetime_operator.py
[2023-10-04 07:30:27,565] {logging_mixin.py:115} INFO - [2023-10-04 07:30:27,564] {dag.py:2371} INFO - Sync 1 DAGs
[2023-10-04 07:30:27,604] {logging_mixin.py:115} INFO - [2023-10-04 07:30:27,604] {dag.py:2919} INFO - Setting next_dagrun for example_branch_datetime_operator_2 to 2023-10-03T00:00:00+00:00, run_after=2023-10-04T00:00:00+00:00
[2023-10-04 07:30:27,624] {processor.py:161} INFO - Processing /home/airflow/.local/lib/python3.7/site-packages/airflow/example_dags/example_branch_datetime_operator.py took 0.112 seconds
[2023-10-04 07:31:05,738] {processor.py:153} INFO - Started process (PID=7005) to work on /home/airflow/.local/lib/python3.7/site-packages/airflow/example_dags/example_branch_datetime_operator.py
[2023-10-04 07:31:05,740] {processor.py:641} INFO - Processing file /home/airflow/.local/lib/python3.7/site-packages/airflow/example_dags/example_branch_datetime_operator.py for tasks to queue
[2023-10-04 07:31:05,741] {logging_mixin.py:115} INFO - [2023-10-04 07:31:05,741] {dagbag.py:507} INFO - Filling up the DagBag from /home/airflow/.local/lib/python3.7/site-packages/airflow/example_dags/example_branch_datetime_operator.py
[2023-10-04 07:31:05,747] {processor.py:651} INFO - DAG(s) dict_keys(['example_branch_datetime_operator_2']) retrieved from /home/airflow/.local/lib/python3.7/site-packages/airflow/example_dags/example_branch_datetime_operator.py
[2023-10-04 07:31:05,774] {logging_mixin.py:115} INFO - [2023-10-04 07:31:05,774] {dag.py:2371} INFO - Sync 1 DAGs
[2023-10-04 07:31:05,793] {logging_mixin.py:115} INFO - [2023-10-04 07:31:05,793] {dag.py:2919} INFO - Setting next_dagrun for example_branch_datetime_operator_2 to 2023-10-03T00:00:00+00:00, run_after=2023-10-04T00:00:00+00:00
[2023-10-04 07:31:05,805] {processor.py:161} INFO - Processing /home/airflow/.local/lib/python3.7/site-packages/airflow/example_dags/example_branch_datetime_operator.py took 0.069 seconds
