[2023-10-04 07:03:37,227] {processor.py:153} INFO - Started process (PID=6766) to work on /home/airflow/.local/lib/python3.7/site-packages/airflow/example_dags/example_branch_day_of_week_operator.py
[2023-10-04 07:03:37,228] {processor.py:641} INFO - Processing file /home/airflow/.local/lib/python3.7/site-packages/airflow/example_dags/example_branch_day_of_week_operator.py for tasks to queue
[2023-10-04 07:03:37,229] {logging_mixin.py:115} INFO - [2023-10-04 07:03:37,229] {dagbag.py:507} INFO - Filling up the DagBag from /home/airflow/.local/lib/python3.7/site-packages/airflow/example_dags/example_branch_day_of_week_operator.py
[2023-10-04 07:03:37,238] {processor.py:651} INFO - DAG(s) dict_keys(['example_weekday_branch_operator']) retrieved from /home/airflow/.local/lib/python3.7/site-packages/airflow/example_dags/example_branch_day_of_week_operator.py
[2023-10-04 07:03:37,272] {logging_mixin.py:115} INFO - [2023-10-04 07:03:37,271] {dag.py:2371} INFO - Sync 1 DAGs
[2023-10-04 07:03:37,300] {logging_mixin.py:115} INFO - [2023-10-04 07:03:37,300] {dag.py:2919} INFO - Setting next_dagrun for example_weekday_branch_operator to 2023-10-03T00:00:00+00:00, run_after=2023-10-04T00:00:00+00:00
[2023-10-04 07:03:37,331] {processor.py:161} INFO - Processing /home/airflow/.local/lib/python3.7/site-packages/airflow/example_dags/example_branch_day_of_week_operator.py took 0.106 seconds
[2023-10-04 07:04:07,402] {processor.py:153} INFO - Started process (PID=6820) to work on /home/airflow/.local/lib/python3.7/site-packages/airflow/example_dags/example_branch_day_of_week_operator.py
[2023-10-04 07:04:07,404] {processor.py:641} INFO - Processing file /home/airflow/.local/lib/python3.7/site-packages/airflow/example_dags/example_branch_day_of_week_operator.py for tasks to queue
[2023-10-04 07:04:07,405] {logging_mixin.py:115} INFO - [2023-10-04 07:04:07,405] {dagbag.py:507} INFO - Filling up the DagBag from /home/airflow/.local/lib/python3.7/site-packages/airflow/example_dags/example_branch_day_of_week_operator.py
[2023-10-04 07:04:07,411] {processor.py:651} INFO - DAG(s) dict_keys(['example_weekday_branch_operator']) retrieved from /home/airflow/.local/lib/python3.7/site-packages/airflow/example_dags/example_branch_day_of_week_operator.py
[2023-10-04 07:04:07,437] {logging_mixin.py:115} INFO - [2023-10-04 07:04:07,437] {dag.py:2371} INFO - Sync 1 DAGs
[2023-10-04 07:04:07,456] {logging_mixin.py:115} INFO - [2023-10-04 07:04:07,455] {dag.py:2919} INFO - Setting next_dagrun for example_weekday_branch_operator to 2023-10-03T00:00:00+00:00, run_after=2023-10-04T00:00:00+00:00
[2023-10-04 07:04:07,469] {processor.py:161} INFO - Processing /home/airflow/.local/lib/python3.7/site-packages/airflow/example_dags/example_branch_day_of_week_operator.py took 0.069 seconds
[2023-10-04 07:04:38,438] {processor.py:153} INFO - Started process (PID=6884) to work on /home/airflow/.local/lib/python3.7/site-packages/airflow/example_dags/example_branch_day_of_week_operator.py
[2023-10-04 07:04:38,439] {processor.py:641} INFO - Processing file /home/airflow/.local/lib/python3.7/site-packages/airflow/example_dags/example_branch_day_of_week_operator.py for tasks to queue
[2023-10-04 07:04:38,440] {logging_mixin.py:115} INFO - [2023-10-04 07:04:38,440] {dagbag.py:507} INFO - Filling up the DagBag from /home/airflow/.local/lib/python3.7/site-packages/airflow/example_dags/example_branch_day_of_week_operator.py
[2023-10-04 07:04:38,447] {processor.py:651} INFO - DAG(s) dict_keys(['example_weekday_branch_operator']) retrieved from /home/airflow/.local/lib/python3.7/site-packages/airflow/example_dags/example_branch_day_of_week_operator.py
[2023-10-04 07:04:38,469] {logging_mixin.py:115} INFO - [2023-10-04 07:04:38,469] {dag.py:2371} INFO - Sync 1 DAGs
[2023-10-04 07:04:38,487] {logging_mixin.py:115} INFO - [2023-10-04 07:04:38,487] {dag.py:2919} INFO - Setting next_dagrun for example_weekday_branch_operator to 2023-10-03T00:00:00+00:00, run_after=2023-10-04T00:00:00+00:00
[2023-10-04 07:04:38,499] {processor.py:161} INFO - Processing /home/airflow/.local/lib/python3.7/site-packages/airflow/example_dags/example_branch_day_of_week_operator.py took 0.063 seconds
[2023-10-04 07:30:27,297] {processor.py:153} INFO - Started process (PID=6947) to work on /home/airflow/.local/lib/python3.7/site-packages/airflow/example_dags/example_branch_day_of_week_operator.py
[2023-10-04 07:30:27,298] {processor.py:641} INFO - Processing file /home/airflow/.local/lib/python3.7/site-packages/airflow/example_dags/example_branch_day_of_week_operator.py for tasks to queue
[2023-10-04 07:30:27,299] {logging_mixin.py:115} INFO - [2023-10-04 07:30:27,299] {dagbag.py:507} INFO - Filling up the DagBag from /home/airflow/.local/lib/python3.7/site-packages/airflow/example_dags/example_branch_day_of_week_operator.py
[2023-10-04 07:30:27,308] {processor.py:651} INFO - DAG(s) dict_keys(['example_weekday_branch_operator']) retrieved from /home/airflow/.local/lib/python3.7/site-packages/airflow/example_dags/example_branch_day_of_week_operator.py
[2023-10-04 07:30:27,338] {logging_mixin.py:115} INFO - [2023-10-04 07:30:27,338] {dag.py:2371} INFO - Sync 1 DAGs
[2023-10-04 07:30:27,368] {logging_mixin.py:115} INFO - [2023-10-04 07:30:27,367] {dag.py:2919} INFO - Setting next_dagrun for example_weekday_branch_operator to 2023-10-03T00:00:00+00:00, run_after=2023-10-04T00:00:00+00:00
[2023-10-04 07:30:27,383] {processor.py:161} INFO - Processing /home/airflow/.local/lib/python3.7/site-packages/airflow/example_dags/example_branch_day_of_week_operator.py took 0.088 seconds
[2023-10-04 07:31:05,543] {processor.py:153} INFO - Started process (PID=7002) to work on /home/airflow/.local/lib/python3.7/site-packages/airflow/example_dags/example_branch_day_of_week_operator.py
[2023-10-04 07:31:05,544] {processor.py:641} INFO - Processing file /home/airflow/.local/lib/python3.7/site-packages/airflow/example_dags/example_branch_day_of_week_operator.py for tasks to queue
[2023-10-04 07:31:05,545] {logging_mixin.py:115} INFO - [2023-10-04 07:31:05,545] {dagbag.py:507} INFO - Filling up the DagBag from /home/airflow/.local/lib/python3.7/site-packages/airflow/example_dags/example_branch_day_of_week_operator.py
[2023-10-04 07:31:05,552] {processor.py:651} INFO - DAG(s) dict_keys(['example_weekday_branch_operator']) retrieved from /home/airflow/.local/lib/python3.7/site-packages/airflow/example_dags/example_branch_day_of_week_operator.py
[2023-10-04 07:31:05,577] {logging_mixin.py:115} INFO - [2023-10-04 07:31:05,577] {dag.py:2371} INFO - Sync 1 DAGs
[2023-10-04 07:31:05,596] {logging_mixin.py:115} INFO - [2023-10-04 07:31:05,595] {dag.py:2919} INFO - Setting next_dagrun for example_weekday_branch_operator to 2023-10-03T00:00:00+00:00, run_after=2023-10-04T00:00:00+00:00
[2023-10-04 07:31:05,611] {processor.py:161} INFO - Processing /home/airflow/.local/lib/python3.7/site-packages/airflow/example_dags/example_branch_day_of_week_operator.py took 0.070 seconds
