[2023-10-04 07:03:35,983] {processor.py:153} INFO - Started process (PID=6757) to work on /home/airflow/.local/lib/python3.7/site-packages/airflow/example_dags/example_dag_decorator.py
[2023-10-04 07:03:35,997] {processor.py:641} INFO - Processing file /home/airflow/.local/lib/python3.7/site-packages/airflow/example_dags/example_dag_decorator.py for tasks to queue
[2023-10-04 07:03:36,000] {logging_mixin.py:115} INFO - [2023-10-04 07:03:36,000] {dagbag.py:507} INFO - Filling up the DagBag from /home/airflow/.local/lib/python3.7/site-packages/airflow/example_dags/example_dag_decorator.py
[2023-10-04 07:03:36,032] {processor.py:651} INFO - DAG(s) dict_keys(['example_dag_decorator']) retrieved from /home/airflow/.local/lib/python3.7/site-packages/airflow/example_dags/example_dag_decorator.py
[2023-10-04 07:03:36,120] {logging_mixin.py:115} INFO - [2023-10-04 07:03:36,120] {dag.py:2371} INFO - Sync 1 DAGs
[2023-10-04 07:03:36,144] {logging_mixin.py:115} INFO - [2023-10-04 07:03:36,144] {dag.py:2919} INFO - Setting next_dagrun for example_dag_decorator to None, run_after=None
[2023-10-04 07:03:36,170] {processor.py:161} INFO - Processing /home/airflow/.local/lib/python3.7/site-packages/airflow/example_dags/example_dag_decorator.py took 0.193 seconds
[2023-10-04 07:04:06,788] {processor.py:153} INFO - Started process (PID=6811) to work on /home/airflow/.local/lib/python3.7/site-packages/airflow/example_dags/example_dag_decorator.py
[2023-10-04 07:04:06,789] {processor.py:641} INFO - Processing file /home/airflow/.local/lib/python3.7/site-packages/airflow/example_dags/example_dag_decorator.py for tasks to queue
[2023-10-04 07:04:06,790] {logging_mixin.py:115} INFO - [2023-10-04 07:04:06,790] {dagbag.py:507} INFO - Filling up the DagBag from /home/airflow/.local/lib/python3.7/site-packages/airflow/example_dags/example_dag_decorator.py
[2023-10-04 07:04:06,810] {processor.py:651} INFO - DAG(s) dict_keys(['example_dag_decorator']) retrieved from /home/airflow/.local/lib/python3.7/site-packages/airflow/example_dags/example_dag_decorator.py
[2023-10-04 07:04:06,865] {logging_mixin.py:115} INFO - [2023-10-04 07:04:06,865] {dag.py:2371} INFO - Sync 1 DAGs
[2023-10-04 07:04:06,882] {logging_mixin.py:115} INFO - [2023-10-04 07:04:06,881] {dag.py:2919} INFO - Setting next_dagrun for example_dag_decorator to None, run_after=None
[2023-10-04 07:04:06,896] {processor.py:161} INFO - Processing /home/airflow/.local/lib/python3.7/site-packages/airflow/example_dags/example_dag_decorator.py took 0.112 seconds
[2023-10-04 07:04:37,842] {processor.py:153} INFO - Started process (PID=6875) to work on /home/airflow/.local/lib/python3.7/site-packages/airflow/example_dags/example_dag_decorator.py
[2023-10-04 07:04:37,843] {processor.py:641} INFO - Processing file /home/airflow/.local/lib/python3.7/site-packages/airflow/example_dags/example_dag_decorator.py for tasks to queue
[2023-10-04 07:04:37,844] {logging_mixin.py:115} INFO - [2023-10-04 07:04:37,844] {dagbag.py:507} INFO - Filling up the DagBag from /home/airflow/.local/lib/python3.7/site-packages/airflow/example_dags/example_dag_decorator.py
[2023-10-04 07:04:37,877] {processor.py:651} INFO - DAG(s) dict_keys(['example_dag_decorator']) retrieved from /home/airflow/.local/lib/python3.7/site-packages/airflow/example_dags/example_dag_decorator.py
[2023-10-04 07:04:37,940] {logging_mixin.py:115} INFO - [2023-10-04 07:04:37,940] {dag.py:2371} INFO - Sync 1 DAGs
[2023-10-04 07:04:37,959] {logging_mixin.py:115} INFO - [2023-10-04 07:04:37,959] {dag.py:2919} INFO - Setting next_dagrun for example_dag_decorator to None, run_after=None
[2023-10-04 07:04:37,971] {processor.py:161} INFO - Processing /home/airflow/.local/lib/python3.7/site-packages/airflow/example_dags/example_dag_decorator.py took 0.132 seconds
[2023-10-04 07:30:26,503] {processor.py:153} INFO - Started process (PID=6938) to work on /home/airflow/.local/lib/python3.7/site-packages/airflow/example_dags/example_dag_decorator.py
[2023-10-04 07:30:26,504] {processor.py:641} INFO - Processing file /home/airflow/.local/lib/python3.7/site-packages/airflow/example_dags/example_dag_decorator.py for tasks to queue
[2023-10-04 07:30:26,505] {logging_mixin.py:115} INFO - [2023-10-04 07:30:26,504] {dagbag.py:507} INFO - Filling up the DagBag from /home/airflow/.local/lib/python3.7/site-packages/airflow/example_dags/example_dag_decorator.py
[2023-10-04 07:30:26,531] {processor.py:651} INFO - DAG(s) dict_keys(['example_dag_decorator']) retrieved from /home/airflow/.local/lib/python3.7/site-packages/airflow/example_dags/example_dag_decorator.py
[2023-10-04 07:30:26,595] {logging_mixin.py:115} INFO - [2023-10-04 07:30:26,595] {dag.py:2371} INFO - Sync 1 DAGs
[2023-10-04 07:30:26,621] {logging_mixin.py:115} INFO - [2023-10-04 07:30:26,621] {dag.py:2919} INFO - Setting next_dagrun for example_dag_decorator to None, run_after=None
[2023-10-04 07:30:26,638] {processor.py:161} INFO - Processing /home/airflow/.local/lib/python3.7/site-packages/airflow/example_dags/example_dag_decorator.py took 0.140 seconds
[2023-10-04 07:31:04,876] {processor.py:153} INFO - Started process (PID=6993) to work on /home/airflow/.local/lib/python3.7/site-packages/airflow/example_dags/example_dag_decorator.py
[2023-10-04 07:31:04,877] {processor.py:641} INFO - Processing file /home/airflow/.local/lib/python3.7/site-packages/airflow/example_dags/example_dag_decorator.py for tasks to queue
[2023-10-04 07:31:04,878] {logging_mixin.py:115} INFO - [2023-10-04 07:31:04,878] {dagbag.py:507} INFO - Filling up the DagBag from /home/airflow/.local/lib/python3.7/site-packages/airflow/example_dags/example_dag_decorator.py
[2023-10-04 07:31:04,896] {processor.py:651} INFO - DAG(s) dict_keys(['example_dag_decorator']) retrieved from /home/airflow/.local/lib/python3.7/site-packages/airflow/example_dags/example_dag_decorator.py
[2023-10-04 07:31:04,951] {logging_mixin.py:115} INFO - [2023-10-04 07:31:04,951] {dag.py:2371} INFO - Sync 1 DAGs
[2023-10-04 07:31:04,967] {logging_mixin.py:115} INFO - [2023-10-04 07:31:04,967] {dag.py:2919} INFO - Setting next_dagrun for example_dag_decorator to None, run_after=None
[2023-10-04 07:31:04,983] {processor.py:161} INFO - Processing /home/airflow/.local/lib/python3.7/site-packages/airflow/example_dags/example_dag_decorator.py took 0.109 seconds
