[2023-10-04 07:03:37,227] {processor.py:153} INFO - Started process (PID=6767) to work on /home/airflow/.local/lib/python3.7/site-packages/airflow/example_dags/example_trigger_target_dag.py
[2023-10-04 07:03:37,228] {processor.py:641} INFO - Processing file /home/airflow/.local/lib/python3.7/site-packages/airflow/example_dags/example_trigger_target_dag.py for tasks to queue
[2023-10-04 07:03:37,229] {logging_mixin.py:115} INFO - [2023-10-04 07:03:37,229] {dagbag.py:507} INFO - Filling up the DagBag from /home/airflow/.local/lib/python3.7/site-packages/airflow/example_dags/example_trigger_target_dag.py
[2023-10-04 07:03:37,257] {processor.py:651} INFO - DAG(s) dict_keys(['example_trigger_target_dag']) retrieved from /home/airflow/.local/lib/python3.7/site-packages/airflow/example_dags/example_trigger_target_dag.py
[2023-10-04 07:03:37,283] {logging_mixin.py:115} INFO - [2023-10-04 07:03:37,283] {dag.py:2371} INFO - Sync 1 DAGs
[2023-10-04 07:03:37,317] {logging_mixin.py:115} INFO - [2023-10-04 07:03:37,317] {dag.py:2919} INFO - Setting next_dagrun for example_trigger_target_dag to None, run_after=None
[2023-10-04 07:03:37,336] {processor.py:161} INFO - Processing /home/airflow/.local/lib/python3.7/site-packages/airflow/example_dags/example_trigger_target_dag.py took 0.113 seconds
[2023-10-04 07:04:07,403] {processor.py:153} INFO - Started process (PID=6821) to work on /home/airflow/.local/lib/python3.7/site-packages/airflow/example_dags/example_trigger_target_dag.py
[2023-10-04 07:04:07,404] {processor.py:641} INFO - Processing file /home/airflow/.local/lib/python3.7/site-packages/airflow/example_dags/example_trigger_target_dag.py for tasks to queue
[2023-10-04 07:04:07,405] {logging_mixin.py:115} INFO - [2023-10-04 07:04:07,405] {dagbag.py:507} INFO - Filling up the DagBag from /home/airflow/.local/lib/python3.7/site-packages/airflow/example_dags/example_trigger_target_dag.py
[2023-10-04 07:04:07,418] {processor.py:651} INFO - DAG(s) dict_keys(['example_trigger_target_dag']) retrieved from /home/airflow/.local/lib/python3.7/site-packages/airflow/example_dags/example_trigger_target_dag.py
[2023-10-04 07:04:07,440] {logging_mixin.py:115} INFO - [2023-10-04 07:04:07,440] {dag.py:2371} INFO - Sync 1 DAGs
[2023-10-04 07:04:07,458] {logging_mixin.py:115} INFO - [2023-10-04 07:04:07,458] {dag.py:2919} INFO - Setting next_dagrun for example_trigger_target_dag to None, run_after=None
[2023-10-04 07:04:07,470] {processor.py:161} INFO - Processing /home/airflow/.local/lib/python3.7/site-packages/airflow/example_dags/example_trigger_target_dag.py took 0.070 seconds
[2023-10-04 07:04:38,455] {processor.py:153} INFO - Started process (PID=6885) to work on /home/airflow/.local/lib/python3.7/site-packages/airflow/example_dags/example_trigger_target_dag.py
[2023-10-04 07:04:38,456] {processor.py:641} INFO - Processing file /home/airflow/.local/lib/python3.7/site-packages/airflow/example_dags/example_trigger_target_dag.py for tasks to queue
[2023-10-04 07:04:38,457] {logging_mixin.py:115} INFO - [2023-10-04 07:04:38,456] {dagbag.py:507} INFO - Filling up the DagBag from /home/airflow/.local/lib/python3.7/site-packages/airflow/example_dags/example_trigger_target_dag.py
[2023-10-04 07:04:38,469] {processor.py:651} INFO - DAG(s) dict_keys(['example_trigger_target_dag']) retrieved from /home/airflow/.local/lib/python3.7/site-packages/airflow/example_dags/example_trigger_target_dag.py
[2023-10-04 07:04:38,489] {logging_mixin.py:115} INFO - [2023-10-04 07:04:38,489] {dag.py:2371} INFO - Sync 1 DAGs
[2023-10-04 07:04:38,509] {logging_mixin.py:115} INFO - [2023-10-04 07:04:38,508] {dag.py:2919} INFO - Setting next_dagrun for example_trigger_target_dag to None, run_after=None
[2023-10-04 07:04:38,522] {processor.py:161} INFO - Processing /home/airflow/.local/lib/python3.7/site-packages/airflow/example_dags/example_trigger_target_dag.py took 0.070 seconds
[2023-10-04 07:30:27,351] {processor.py:153} INFO - Started process (PID=6948) to work on /home/airflow/.local/lib/python3.7/site-packages/airflow/example_dags/example_trigger_target_dag.py
[2023-10-04 07:30:27,352] {processor.py:641} INFO - Processing file /home/airflow/.local/lib/python3.7/site-packages/airflow/example_dags/example_trigger_target_dag.py for tasks to queue
[2023-10-04 07:30:27,353] {logging_mixin.py:115} INFO - [2023-10-04 07:30:27,353] {dagbag.py:507} INFO - Filling up the DagBag from /home/airflow/.local/lib/python3.7/site-packages/airflow/example_dags/example_trigger_target_dag.py
[2023-10-04 07:30:27,371] {processor.py:651} INFO - DAG(s) dict_keys(['example_trigger_target_dag']) retrieved from /home/airflow/.local/lib/python3.7/site-packages/airflow/example_dags/example_trigger_target_dag.py
[2023-10-04 07:30:27,403] {logging_mixin.py:115} INFO - [2023-10-04 07:30:27,403] {dag.py:2371} INFO - Sync 1 DAGs
[2023-10-04 07:30:27,433] {logging_mixin.py:115} INFO - [2023-10-04 07:30:27,433] {dag.py:2919} INFO - Setting next_dagrun for example_trigger_target_dag to None, run_after=None
[2023-10-04 07:30:27,457] {processor.py:161} INFO - Processing /home/airflow/.local/lib/python3.7/site-packages/airflow/example_dags/example_trigger_target_dag.py took 0.109 seconds
[2023-10-04 07:31:05,544] {processor.py:153} INFO - Started process (PID=7003) to work on /home/airflow/.local/lib/python3.7/site-packages/airflow/example_dags/example_trigger_target_dag.py
[2023-10-04 07:31:05,545] {processor.py:641} INFO - Processing file /home/airflow/.local/lib/python3.7/site-packages/airflow/example_dags/example_trigger_target_dag.py for tasks to queue
[2023-10-04 07:31:05,546] {logging_mixin.py:115} INFO - [2023-10-04 07:31:05,546] {dagbag.py:507} INFO - Filling up the DagBag from /home/airflow/.local/lib/python3.7/site-packages/airflow/example_dags/example_trigger_target_dag.py
[2023-10-04 07:31:05,559] {processor.py:651} INFO - DAG(s) dict_keys(['example_trigger_target_dag']) retrieved from /home/airflow/.local/lib/python3.7/site-packages/airflow/example_dags/example_trigger_target_dag.py
[2023-10-04 07:31:05,582] {logging_mixin.py:115} INFO - [2023-10-04 07:31:05,582] {dag.py:2371} INFO - Sync 1 DAGs
[2023-10-04 07:31:05,599] {logging_mixin.py:115} INFO - [2023-10-04 07:31:05,599] {dag.py:2919} INFO - Setting next_dagrun for example_trigger_target_dag to None, run_after=None
[2023-10-04 07:31:05,612] {processor.py:161} INFO - Processing /home/airflow/.local/lib/python3.7/site-packages/airflow/example_dags/example_trigger_target_dag.py took 0.071 seconds
