[2023-10-04 07:03:38,125] {processor.py:153} INFO - Started process (PID=6770) to work on /home/airflow/.local/lib/python3.7/site-packages/airflow/example_dags/example_sla_dag.py
[2023-10-04 07:03:38,126] {processor.py:641} INFO - Processing file /home/airflow/.local/lib/python3.7/site-packages/airflow/example_dags/example_sla_dag.py for tasks to queue
[2023-10-04 07:03:38,127] {logging_mixin.py:115} INFO - [2023-10-04 07:03:38,127] {dagbag.py:507} INFO - Filling up the DagBag from /home/airflow/.local/lib/python3.7/site-packages/airflow/example_dags/example_sla_dag.py
[2023-10-04 07:03:38,178] {processor.py:651} INFO - DAG(s) dict_keys(['example_sla_dag']) retrieved from /home/airflow/.local/lib/python3.7/site-packages/airflow/example_dags/example_sla_dag.py
[2023-10-04 07:03:38,258] {logging_mixin.py:115} INFO - [2023-10-04 07:03:38,258] {dag.py:2371} INFO - Sync 1 DAGs
[2023-10-04 07:03:38,342] {logging_mixin.py:115} INFO - [2023-10-04 07:03:38,341] {dag.py:2919} INFO - Setting next_dagrun for example_sla_dag to 2023-10-04T07:00:00+00:00, run_after=2023-10-04T07:02:00+00:00
[2023-10-04 07:03:38,391] {processor.py:161} INFO - Processing /home/airflow/.local/lib/python3.7/site-packages/airflow/example_dags/example_sla_dag.py took 0.278 seconds
[2023-10-04 07:04:08,554] {processor.py:153} INFO - Started process (PID=6832) to work on /home/airflow/.local/lib/python3.7/site-packages/airflow/example_dags/example_sla_dag.py
[2023-10-04 07:04:08,556] {processor.py:641} INFO - Processing file /home/airflow/.local/lib/python3.7/site-packages/airflow/example_dags/example_sla_dag.py for tasks to queue
[2023-10-04 07:04:08,557] {logging_mixin.py:115} INFO - [2023-10-04 07:04:08,557] {dagbag.py:507} INFO - Filling up the DagBag from /home/airflow/.local/lib/python3.7/site-packages/airflow/example_dags/example_sla_dag.py
[2023-10-04 07:04:08,570] {processor.py:651} INFO - DAG(s) dict_keys(['example_sla_dag']) retrieved from /home/airflow/.local/lib/python3.7/site-packages/airflow/example_dags/example_sla_dag.py
[2023-10-04 07:04:08,593] {logging_mixin.py:115} INFO - [2023-10-04 07:04:08,593] {dag.py:2371} INFO - Sync 1 DAGs
[2023-10-04 07:04:08,612] {logging_mixin.py:115} INFO - [2023-10-04 07:04:08,612] {dag.py:2919} INFO - Setting next_dagrun for example_sla_dag to 2023-10-04T07:02:00+00:00, run_after=2023-10-04T07:04:00+00:00
[2023-10-04 07:04:08,626] {processor.py:161} INFO - Processing /home/airflow/.local/lib/python3.7/site-packages/airflow/example_dags/example_sla_dag.py took 0.074 seconds
[2023-10-04 07:04:39,572] {processor.py:153} INFO - Started process (PID=6888) to work on /home/airflow/.local/lib/python3.7/site-packages/airflow/example_dags/example_sla_dag.py
[2023-10-04 07:04:39,574] {processor.py:641} INFO - Processing file /home/airflow/.local/lib/python3.7/site-packages/airflow/example_dags/example_sla_dag.py for tasks to queue
[2023-10-04 07:04:39,575] {logging_mixin.py:115} INFO - [2023-10-04 07:04:39,575] {dagbag.py:507} INFO - Filling up the DagBag from /home/airflow/.local/lib/python3.7/site-packages/airflow/example_dags/example_sla_dag.py
[2023-10-04 07:04:39,591] {processor.py:651} INFO - DAG(s) dict_keys(['example_sla_dag']) retrieved from /home/airflow/.local/lib/python3.7/site-packages/airflow/example_dags/example_sla_dag.py
[2023-10-04 07:04:39,622] {logging_mixin.py:115} INFO - [2023-10-04 07:04:39,622] {dag.py:2371} INFO - Sync 1 DAGs
[2023-10-04 07:04:39,646] {logging_mixin.py:115} INFO - [2023-10-04 07:04:39,646] {dag.py:2919} INFO - Setting next_dagrun for example_sla_dag to 2023-10-04T07:02:00+00:00, run_after=2023-10-04T07:04:00+00:00
[2023-10-04 07:04:39,658] {processor.py:161} INFO - Processing /home/airflow/.local/lib/python3.7/site-packages/airflow/example_dags/example_sla_dag.py took 0.088 seconds
[2023-10-04 07:30:27,575] {processor.py:153} INFO - Started process (PID=6951) to work on /home/airflow/.local/lib/python3.7/site-packages/airflow/example_dags/example_sla_dag.py
[2023-10-04 07:30:27,576] {processor.py:641} INFO - Processing file /home/airflow/.local/lib/python3.7/site-packages/airflow/example_dags/example_sla_dag.py for tasks to queue
[2023-10-04 07:30:27,577] {logging_mixin.py:115} INFO - [2023-10-04 07:30:27,577] {dagbag.py:507} INFO - Filling up the DagBag from /home/airflow/.local/lib/python3.7/site-packages/airflow/example_dags/example_sla_dag.py
[2023-10-04 07:30:27,604] {processor.py:651} INFO - DAG(s) dict_keys(['example_sla_dag']) retrieved from /home/airflow/.local/lib/python3.7/site-packages/airflow/example_dags/example_sla_dag.py
[2023-10-04 07:30:27,637] {logging_mixin.py:115} INFO - [2023-10-04 07:30:27,636] {dag.py:2371} INFO - Sync 1 DAGs
[2023-10-04 07:30:27,675] {logging_mixin.py:115} INFO - [2023-10-04 07:30:27,675] {dag.py:2919} INFO - Setting next_dagrun for example_sla_dag to 2023-10-04T07:28:00+00:00, run_after=2023-10-04T07:30:00+00:00
[2023-10-04 07:30:27,694] {processor.py:161} INFO - Processing /home/airflow/.local/lib/python3.7/site-packages/airflow/example_dags/example_sla_dag.py took 0.122 seconds
[2023-10-04 07:31:05,738] {processor.py:153} INFO - Started process (PID=7006) to work on /home/airflow/.local/lib/python3.7/site-packages/airflow/example_dags/example_sla_dag.py
[2023-10-04 07:31:05,740] {processor.py:641} INFO - Processing file /home/airflow/.local/lib/python3.7/site-packages/airflow/example_dags/example_sla_dag.py for tasks to queue
[2023-10-04 07:31:05,741] {logging_mixin.py:115} INFO - [2023-10-04 07:31:05,741] {dagbag.py:507} INFO - Filling up the DagBag from /home/airflow/.local/lib/python3.7/site-packages/airflow/example_dags/example_sla_dag.py
[2023-10-04 07:31:05,756] {processor.py:651} INFO - DAG(s) dict_keys(['example_sla_dag']) retrieved from /home/airflow/.local/lib/python3.7/site-packages/airflow/example_dags/example_sla_dag.py
[2023-10-04 07:31:05,780] {logging_mixin.py:115} INFO - [2023-10-04 07:31:05,780] {dag.py:2371} INFO - Sync 1 DAGs
[2023-10-04 07:31:05,800] {logging_mixin.py:115} INFO - [2023-10-04 07:31:05,800] {dag.py:2919} INFO - Setting next_dagrun for example_sla_dag to 2023-10-04T07:28:00+00:00, run_after=2023-10-04T07:30:00+00:00
[2023-10-04 07:31:05,812] {processor.py:161} INFO - Processing /home/airflow/.local/lib/python3.7/site-packages/airflow/example_dags/example_sla_dag.py took 0.077 seconds
