[2023-10-04 07:03:36,187] {processor.py:153} INFO - Started process (PID=6758) to work on /home/airflow/.local/lib/python3.7/site-packages/airflow/example_dags/example_kubernetes_executor.py
[2023-10-04 07:03:36,190] {processor.py:641} INFO - Processing file /home/airflow/.local/lib/python3.7/site-packages/airflow/example_dags/example_kubernetes_executor.py for tasks to queue
[2023-10-04 07:03:36,191] {logging_mixin.py:115} INFO - [2023-10-04 07:03:36,191] {dagbag.py:507} INFO - Filling up the DagBag from /home/airflow/.local/lib/python3.7/site-packages/airflow/example_dags/example_kubernetes_executor.py
[2023-10-04 07:03:36,237] {processor.py:651} INFO - DAG(s) dict_keys(['example_kubernetes_executor']) retrieved from /home/airflow/.local/lib/python3.7/site-packages/airflow/example_dags/example_kubernetes_executor.py
[2023-10-04 07:03:36,281] {logging_mixin.py:115} INFO - [2023-10-04 07:03:36,281] {dag.py:2371} INFO - Sync 1 DAGs
[2023-10-04 07:03:36,316] {logging_mixin.py:115} INFO - [2023-10-04 07:03:36,316] {dag.py:2919} INFO - Setting next_dagrun for example_kubernetes_executor to None, run_after=None
[2023-10-04 07:03:36,333] {processor.py:161} INFO - Processing /home/airflow/.local/lib/python3.7/site-packages/airflow/example_dags/example_kubernetes_executor.py took 0.160 seconds
[2023-10-04 07:04:06,840] {processor.py:153} INFO - Started process (PID=6812) to work on /home/airflow/.local/lib/python3.7/site-packages/airflow/example_dags/example_kubernetes_executor.py
[2023-10-04 07:04:06,841] {processor.py:641} INFO - Processing file /home/airflow/.local/lib/python3.7/site-packages/airflow/example_dags/example_kubernetes_executor.py for tasks to queue
[2023-10-04 07:04:06,843] {logging_mixin.py:115} INFO - [2023-10-04 07:04:06,842] {dagbag.py:507} INFO - Filling up the DagBag from /home/airflow/.local/lib/python3.7/site-packages/airflow/example_dags/example_kubernetes_executor.py
[2023-10-04 07:04:06,862] {processor.py:651} INFO - DAG(s) dict_keys(['example_kubernetes_executor']) retrieved from /home/airflow/.local/lib/python3.7/site-packages/airflow/example_dags/example_kubernetes_executor.py
[2023-10-04 07:04:06,886] {logging_mixin.py:115} INFO - [2023-10-04 07:04:06,886] {dag.py:2371} INFO - Sync 1 DAGs
[2023-10-04 07:04:06,905] {logging_mixin.py:115} INFO - [2023-10-04 07:04:06,905] {dag.py:2919} INFO - Setting next_dagrun for example_kubernetes_executor to None, run_after=None
[2023-10-04 07:04:06,918] {processor.py:161} INFO - Processing /home/airflow/.local/lib/python3.7/site-packages/airflow/example_dags/example_kubernetes_executor.py took 0.080 seconds
[2023-10-04 07:04:37,946] {processor.py:153} INFO - Started process (PID=6876) to work on /home/airflow/.local/lib/python3.7/site-packages/airflow/example_dags/example_kubernetes_executor.py
[2023-10-04 07:04:37,947] {processor.py:641} INFO - Processing file /home/airflow/.local/lib/python3.7/site-packages/airflow/example_dags/example_kubernetes_executor.py for tasks to queue
[2023-10-04 07:04:37,947] {logging_mixin.py:115} INFO - [2023-10-04 07:04:37,947] {dagbag.py:507} INFO - Filling up the DagBag from /home/airflow/.local/lib/python3.7/site-packages/airflow/example_dags/example_kubernetes_executor.py
[2023-10-04 07:04:37,966] {processor.py:651} INFO - DAG(s) dict_keys(['example_kubernetes_executor']) retrieved from /home/airflow/.local/lib/python3.7/site-packages/airflow/example_dags/example_kubernetes_executor.py
[2023-10-04 07:04:37,991] {logging_mixin.py:115} INFO - [2023-10-04 07:04:37,991] {dag.py:2371} INFO - Sync 1 DAGs
[2023-10-04 07:04:38,009] {logging_mixin.py:115} INFO - [2023-10-04 07:04:38,009] {dag.py:2919} INFO - Setting next_dagrun for example_kubernetes_executor to None, run_after=None
[2023-10-04 07:04:38,021] {processor.py:161} INFO - Processing /home/airflow/.local/lib/python3.7/site-packages/airflow/example_dags/example_kubernetes_executor.py took 0.078 seconds
[2023-10-04 07:30:26,647] {processor.py:153} INFO - Started process (PID=6939) to work on /home/airflow/.local/lib/python3.7/site-packages/airflow/example_dags/example_kubernetes_executor.py
[2023-10-04 07:30:26,648] {processor.py:641} INFO - Processing file /home/airflow/.local/lib/python3.7/site-packages/airflow/example_dags/example_kubernetes_executor.py for tasks to queue
[2023-10-04 07:30:26,653] {logging_mixin.py:115} INFO - [2023-10-04 07:30:26,653] {dagbag.py:507} INFO - Filling up the DagBag from /home/airflow/.local/lib/python3.7/site-packages/airflow/example_dags/example_kubernetes_executor.py
[2023-10-04 07:30:26,691] {processor.py:651} INFO - DAG(s) dict_keys(['example_kubernetes_executor']) retrieved from /home/airflow/.local/lib/python3.7/site-packages/airflow/example_dags/example_kubernetes_executor.py
[2023-10-04 07:30:26,801] {logging_mixin.py:115} INFO - [2023-10-04 07:30:26,801] {dag.py:2371} INFO - Sync 1 DAGs
[2023-10-04 07:30:26,834] {logging_mixin.py:115} INFO - [2023-10-04 07:30:26,834] {dag.py:2919} INFO - Setting next_dagrun for example_kubernetes_executor to None, run_after=None
[2023-10-04 07:30:26,847] {processor.py:161} INFO - Processing /home/airflow/.local/lib/python3.7/site-packages/airflow/example_dags/example_kubernetes_executor.py took 0.204 seconds
[2023-10-04 07:31:04,954] {processor.py:153} INFO - Started process (PID=6994) to work on /home/airflow/.local/lib/python3.7/site-packages/airflow/example_dags/example_kubernetes_executor.py
[2023-10-04 07:31:04,955] {processor.py:641} INFO - Processing file /home/airflow/.local/lib/python3.7/site-packages/airflow/example_dags/example_kubernetes_executor.py for tasks to queue
[2023-10-04 07:31:04,956] {logging_mixin.py:115} INFO - [2023-10-04 07:31:04,956] {dagbag.py:507} INFO - Filling up the DagBag from /home/airflow/.local/lib/python3.7/site-packages/airflow/example_dags/example_kubernetes_executor.py
[2023-10-04 07:31:04,973] {processor.py:651} INFO - DAG(s) dict_keys(['example_kubernetes_executor']) retrieved from /home/airflow/.local/lib/python3.7/site-packages/airflow/example_dags/example_kubernetes_executor.py
[2023-10-04 07:31:05,001] {logging_mixin.py:115} INFO - [2023-10-04 07:31:05,000] {dag.py:2371} INFO - Sync 1 DAGs
[2023-10-04 07:31:05,019] {logging_mixin.py:115} INFO - [2023-10-04 07:31:05,019] {dag.py:2919} INFO - Setting next_dagrun for example_kubernetes_executor to None, run_after=None
[2023-10-04 07:31:05,033] {processor.py:161} INFO - Processing /home/airflow/.local/lib/python3.7/site-packages/airflow/example_dags/example_kubernetes_executor.py took 0.082 seconds
