[2023-10-04 07:03:37,081] {processor.py:153} INFO - Started process (PID=6765) to work on /home/airflow/.local/lib/python3.7/site-packages/airflow/example_dags/example_short_circuit_operator.py
[2023-10-04 07:03:37,082] {processor.py:641} INFO - Processing file /home/airflow/.local/lib/python3.7/site-packages/airflow/example_dags/example_short_circuit_operator.py for tasks to queue
[2023-10-04 07:03:37,083] {logging_mixin.py:115} INFO - [2023-10-04 07:03:37,083] {dagbag.py:507} INFO - Filling up the DagBag from /home/airflow/.local/lib/python3.7/site-packages/airflow/example_dags/example_short_circuit_operator.py
[2023-10-04 07:03:37,095] {processor.py:651} INFO - DAG(s) dict_keys(['example_short_circuit_operator']) retrieved from /home/airflow/.local/lib/python3.7/site-packages/airflow/example_dags/example_short_circuit_operator.py
[2023-10-04 07:03:37,136] {logging_mixin.py:115} INFO - [2023-10-04 07:03:37,136] {dag.py:2371} INFO - Sync 1 DAGs
[2023-10-04 07:03:37,167] {logging_mixin.py:115} INFO - [2023-10-04 07:03:37,167] {dag.py:2919} INFO - Setting next_dagrun for example_short_circuit_operator to 2023-10-03T07:03:37.166771+00:00, run_after=2023-10-04T07:03:37.166771+00:00
[2023-10-04 07:03:37,184] {processor.py:161} INFO - Processing /home/airflow/.local/lib/python3.7/site-packages/airflow/example_dags/example_short_circuit_operator.py took 0.106 seconds
[2023-10-04 07:04:07,293] {processor.py:153} INFO - Started process (PID=6819) to work on /home/airflow/.local/lib/python3.7/site-packages/airflow/example_dags/example_short_circuit_operator.py
[2023-10-04 07:04:07,294] {processor.py:641} INFO - Processing file /home/airflow/.local/lib/python3.7/site-packages/airflow/example_dags/example_short_circuit_operator.py for tasks to queue
[2023-10-04 07:04:07,295] {logging_mixin.py:115} INFO - [2023-10-04 07:04:07,295] {dagbag.py:507} INFO - Filling up the DagBag from /home/airflow/.local/lib/python3.7/site-packages/airflow/example_dags/example_short_circuit_operator.py
[2023-10-04 07:04:07,303] {processor.py:651} INFO - DAG(s) dict_keys(['example_short_circuit_operator']) retrieved from /home/airflow/.local/lib/python3.7/site-packages/airflow/example_dags/example_short_circuit_operator.py
[2023-10-04 07:04:07,331] {logging_mixin.py:115} INFO - [2023-10-04 07:04:07,331] {dag.py:2371} INFO - Sync 1 DAGs
[2023-10-04 07:04:07,349] {logging_mixin.py:115} INFO - [2023-10-04 07:04:07,349] {dag.py:2919} INFO - Setting next_dagrun for example_short_circuit_operator to 2023-10-03T07:04:07.349568+00:00, run_after=2023-10-04T07:04:07.349568+00:00
[2023-10-04 07:04:07,363] {processor.py:161} INFO - Processing /home/airflow/.local/lib/python3.7/site-packages/airflow/example_dags/example_short_circuit_operator.py took 0.073 seconds
[2023-10-04 07:04:38,348] {processor.py:153} INFO - Started process (PID=6883) to work on /home/airflow/.local/lib/python3.7/site-packages/airflow/example_dags/example_short_circuit_operator.py
[2023-10-04 07:04:38,349] {processor.py:641} INFO - Processing file /home/airflow/.local/lib/python3.7/site-packages/airflow/example_dags/example_short_circuit_operator.py for tasks to queue
[2023-10-04 07:04:38,351] {logging_mixin.py:115} INFO - [2023-10-04 07:04:38,350] {dagbag.py:507} INFO - Filling up the DagBag from /home/airflow/.local/lib/python3.7/site-packages/airflow/example_dags/example_short_circuit_operator.py
[2023-10-04 07:04:38,361] {processor.py:651} INFO - DAG(s) dict_keys(['example_short_circuit_operator']) retrieved from /home/airflow/.local/lib/python3.7/site-packages/airflow/example_dags/example_short_circuit_operator.py
[2023-10-04 07:04:38,399] {logging_mixin.py:115} INFO - [2023-10-04 07:04:38,399] {dag.py:2371} INFO - Sync 1 DAGs
[2023-10-04 07:04:38,422] {logging_mixin.py:115} INFO - [2023-10-04 07:04:38,422] {dag.py:2919} INFO - Setting next_dagrun for example_short_circuit_operator to 2023-10-03T07:04:38.421911+00:00, run_after=2023-10-04T07:04:38.421911+00:00
[2023-10-04 07:04:38,434] {processor.py:161} INFO - Processing /home/airflow/.local/lib/python3.7/site-packages/airflow/example_dags/example_short_circuit_operator.py took 0.088 seconds
[2023-10-04 07:30:27,236] {processor.py:153} INFO - Started process (PID=6946) to work on /home/airflow/.local/lib/python3.7/site-packages/airflow/example_dags/example_short_circuit_operator.py
[2023-10-04 07:30:27,237] {processor.py:641} INFO - Processing file /home/airflow/.local/lib/python3.7/site-packages/airflow/example_dags/example_short_circuit_operator.py for tasks to queue
[2023-10-04 07:30:27,238] {logging_mixin.py:115} INFO - [2023-10-04 07:30:27,238] {dagbag.py:507} INFO - Filling up the DagBag from /home/airflow/.local/lib/python3.7/site-packages/airflow/example_dags/example_short_circuit_operator.py
[2023-10-04 07:30:27,249] {processor.py:651} INFO - DAG(s) dict_keys(['example_short_circuit_operator']) retrieved from /home/airflow/.local/lib/python3.7/site-packages/airflow/example_dags/example_short_circuit_operator.py
[2023-10-04 07:30:27,281] {logging_mixin.py:115} INFO - [2023-10-04 07:30:27,280] {dag.py:2371} INFO - Sync 1 DAGs
[2023-10-04 07:30:27,310] {logging_mixin.py:115} INFO - [2023-10-04 07:30:27,310] {dag.py:2919} INFO - Setting next_dagrun for example_short_circuit_operator to 2023-10-03T07:30:27.310333+00:00, run_after=2023-10-04T07:30:27.310333+00:00
[2023-10-04 07:30:27,326] {processor.py:161} INFO - Processing /home/airflow/.local/lib/python3.7/site-packages/airflow/example_dags/example_short_circuit_operator.py took 0.093 seconds
[2023-10-04 07:31:05,426] {processor.py:153} INFO - Started process (PID=7001) to work on /home/airflow/.local/lib/python3.7/site-packages/airflow/example_dags/example_short_circuit_operator.py
[2023-10-04 07:31:05,427] {processor.py:641} INFO - Processing file /home/airflow/.local/lib/python3.7/site-packages/airflow/example_dags/example_short_circuit_operator.py for tasks to queue
[2023-10-04 07:31:05,428] {logging_mixin.py:115} INFO - [2023-10-04 07:31:05,428] {dagbag.py:507} INFO - Filling up the DagBag from /home/airflow/.local/lib/python3.7/site-packages/airflow/example_dags/example_short_circuit_operator.py
[2023-10-04 07:31:05,437] {processor.py:651} INFO - DAG(s) dict_keys(['example_short_circuit_operator']) retrieved from /home/airflow/.local/lib/python3.7/site-packages/airflow/example_dags/example_short_circuit_operator.py
[2023-10-04 07:31:05,460] {logging_mixin.py:115} INFO - [2023-10-04 07:31:05,460] {dag.py:2371} INFO - Sync 1 DAGs
[2023-10-04 07:31:05,477] {logging_mixin.py:115} INFO - [2023-10-04 07:31:05,477] {dag.py:2919} INFO - Setting next_dagrun for example_short_circuit_operator to 2023-10-03T07:31:05.477360+00:00, run_after=2023-10-04T07:31:05.477360+00:00
[2023-10-04 07:31:05,490] {processor.py:161} INFO - Processing /home/airflow/.local/lib/python3.7/site-packages/airflow/example_dags/example_short_circuit_operator.py took 0.066 seconds
