[2023-10-04 07:03:36,363] {processor.py:153} INFO - Started process (PID=6760) to work on /home/airflow/.local/lib/python3.7/site-packages/airflow/example_dags/example_bash_operator.py
[2023-10-04 07:03:36,364] {processor.py:641} INFO - Processing file /home/airflow/.local/lib/python3.7/site-packages/airflow/example_dags/example_bash_operator.py for tasks to queue
[2023-10-04 07:03:36,365] {logging_mixin.py:115} INFO - [2023-10-04 07:03:36,365] {dagbag.py:507} INFO - Filling up the DagBag from /home/airflow/.local/lib/python3.7/site-packages/airflow/example_dags/example_bash_operator.py
[2023-10-04 07:03:36,387] {processor.py:651} INFO - DAG(s) dict_keys(['example_bash_operator']) retrieved from /home/airflow/.local/lib/python3.7/site-packages/airflow/example_dags/example_bash_operator.py
[2023-10-04 07:03:36,422] {logging_mixin.py:115} INFO - [2023-10-04 07:03:36,421] {dag.py:2371} INFO - Sync 1 DAGs
[2023-10-04 07:03:36,449] {logging_mixin.py:115} INFO - [2023-10-04 07:03:36,449] {dag.py:2919} INFO - Setting next_dagrun for example_bash_operator to 2023-10-03T00:00:00+00:00, run_after=2023-10-04T00:00:00+00:00
[2023-10-04 07:03:36,469] {processor.py:161} INFO - Processing /home/airflow/.local/lib/python3.7/site-packages/airflow/example_dags/example_bash_operator.py took 0.110 seconds
[2023-10-04 07:04:06,945] {processor.py:153} INFO - Started process (PID=6814) to work on /home/airflow/.local/lib/python3.7/site-packages/airflow/example_dags/example_bash_operator.py
[2023-10-04 07:04:06,946] {processor.py:641} INFO - Processing file /home/airflow/.local/lib/python3.7/site-packages/airflow/example_dags/example_bash_operator.py for tasks to queue
[2023-10-04 07:04:06,947] {logging_mixin.py:115} INFO - [2023-10-04 07:04:06,947] {dagbag.py:507} INFO - Filling up the DagBag from /home/airflow/.local/lib/python3.7/site-packages/airflow/example_dags/example_bash_operator.py
[2023-10-04 07:04:06,957] {processor.py:651} INFO - DAG(s) dict_keys(['example_bash_operator']) retrieved from /home/airflow/.local/lib/python3.7/site-packages/airflow/example_dags/example_bash_operator.py
[2023-10-04 07:04:06,979] {logging_mixin.py:115} INFO - [2023-10-04 07:04:06,979] {dag.py:2371} INFO - Sync 1 DAGs
[2023-10-04 07:04:06,999] {logging_mixin.py:115} INFO - [2023-10-04 07:04:06,999] {dag.py:2919} INFO - Setting next_dagrun for example_bash_operator to 2023-10-03T00:00:00+00:00, run_after=2023-10-04T00:00:00+00:00
[2023-10-04 07:04:07,010] {processor.py:161} INFO - Processing /home/airflow/.local/lib/python3.7/site-packages/airflow/example_dags/example_bash_operator.py took 0.068 seconds
[2023-10-04 07:04:38,041] {processor.py:153} INFO - Started process (PID=6878) to work on /home/airflow/.local/lib/python3.7/site-packages/airflow/example_dags/example_bash_operator.py
[2023-10-04 07:04:38,042] {processor.py:641} INFO - Processing file /home/airflow/.local/lib/python3.7/site-packages/airflow/example_dags/example_bash_operator.py for tasks to queue
[2023-10-04 07:04:38,042] {logging_mixin.py:115} INFO - [2023-10-04 07:04:38,042] {dagbag.py:507} INFO - Filling up the DagBag from /home/airflow/.local/lib/python3.7/site-packages/airflow/example_dags/example_bash_operator.py
[2023-10-04 07:04:38,054] {processor.py:651} INFO - DAG(s) dict_keys(['example_bash_operator']) retrieved from /home/airflow/.local/lib/python3.7/site-packages/airflow/example_dags/example_bash_operator.py
[2023-10-04 07:04:38,082] {logging_mixin.py:115} INFO - [2023-10-04 07:04:38,082] {dag.py:2371} INFO - Sync 1 DAGs
[2023-10-04 07:04:38,122] {logging_mixin.py:115} INFO - [2023-10-04 07:04:38,122] {dag.py:2919} INFO - Setting next_dagrun for example_bash_operator to 2023-10-03T00:00:00+00:00, run_after=2023-10-04T00:00:00+00:00
[2023-10-04 07:04:38,136] {processor.py:161} INFO - Processing /home/airflow/.local/lib/python3.7/site-packages/airflow/example_dags/example_bash_operator.py took 0.098 seconds
[2023-10-04 07:30:26,874] {processor.py:153} INFO - Started process (PID=6941) to work on /home/airflow/.local/lib/python3.7/site-packages/airflow/example_dags/example_bash_operator.py
[2023-10-04 07:30:26,875] {processor.py:641} INFO - Processing file /home/airflow/.local/lib/python3.7/site-packages/airflow/example_dags/example_bash_operator.py for tasks to queue
[2023-10-04 07:30:26,876] {logging_mixin.py:115} INFO - [2023-10-04 07:30:26,876] {dagbag.py:507} INFO - Filling up the DagBag from /home/airflow/.local/lib/python3.7/site-packages/airflow/example_dags/example_bash_operator.py
[2023-10-04 07:30:26,890] {processor.py:651} INFO - DAG(s) dict_keys(['example_bash_operator']) retrieved from /home/airflow/.local/lib/python3.7/site-packages/airflow/example_dags/example_bash_operator.py
[2023-10-04 07:30:26,920] {logging_mixin.py:115} INFO - [2023-10-04 07:30:26,920] {dag.py:2371} INFO - Sync 1 DAGs
[2023-10-04 07:30:26,948] {logging_mixin.py:115} INFO - [2023-10-04 07:30:26,948] {dag.py:2919} INFO - Setting next_dagrun for example_bash_operator to 2023-10-03T00:00:00+00:00, run_after=2023-10-04T00:00:00+00:00
[2023-10-04 07:30:26,962] {processor.py:161} INFO - Processing /home/airflow/.local/lib/python3.7/site-packages/airflow/example_dags/example_bash_operator.py took 0.091 seconds
[2023-10-04 07:31:05,055] {processor.py:153} INFO - Started process (PID=6996) to work on /home/airflow/.local/lib/python3.7/site-packages/airflow/example_dags/example_bash_operator.py
[2023-10-04 07:31:05,057] {processor.py:641} INFO - Processing file /home/airflow/.local/lib/python3.7/site-packages/airflow/example_dags/example_bash_operator.py for tasks to queue
[2023-10-04 07:31:05,058] {logging_mixin.py:115} INFO - [2023-10-04 07:31:05,058] {dagbag.py:507} INFO - Filling up the DagBag from /home/airflow/.local/lib/python3.7/site-packages/airflow/example_dags/example_bash_operator.py
[2023-10-04 07:31:05,068] {processor.py:651} INFO - DAG(s) dict_keys(['example_bash_operator']) retrieved from /home/airflow/.local/lib/python3.7/site-packages/airflow/example_dags/example_bash_operator.py
[2023-10-04 07:31:05,092] {logging_mixin.py:115} INFO - [2023-10-04 07:31:05,092] {dag.py:2371} INFO - Sync 1 DAGs
[2023-10-04 07:31:05,110] {logging_mixin.py:115} INFO - [2023-10-04 07:31:05,110] {dag.py:2919} INFO - Setting next_dagrun for example_bash_operator to 2023-10-03T00:00:00+00:00, run_after=2023-10-04T00:00:00+00:00
[2023-10-04 07:31:05,123] {processor.py:161} INFO - Processing /home/airflow/.local/lib/python3.7/site-packages/airflow/example_dags/example_bash_operator.py took 0.070 seconds
