[2023-10-04 07:03:36,794] {processor.py:153} INFO - Started process (PID=6764) to work on /home/airflow/.local/lib/python3.7/site-packages/airflow/example_dags/example_branch_python_dop_operator_3.py
[2023-10-04 07:03:36,796] {processor.py:641} INFO - Processing file /home/airflow/.local/lib/python3.7/site-packages/airflow/example_dags/example_branch_python_dop_operator_3.py for tasks to queue
[2023-10-04 07:03:36,797] {logging_mixin.py:115} INFO - [2023-10-04 07:03:36,797] {dagbag.py:507} INFO - Filling up the DagBag from /home/airflow/.local/lib/python3.7/site-packages/airflow/example_dags/example_branch_python_dop_operator_3.py
[2023-10-04 07:03:36,885] {processor.py:651} INFO - DAG(s) dict_keys(['example_branch_dop_operator_v3']) retrieved from /home/airflow/.local/lib/python3.7/site-packages/airflow/example_dags/example_branch_python_dop_operator_3.py
[2023-10-04 07:03:36,913] {logging_mixin.py:115} INFO - [2023-10-04 07:03:36,913] {dag.py:2371} INFO - Sync 1 DAGs
[2023-10-04 07:03:36,949] {logging_mixin.py:115} INFO - [2023-10-04 07:03:36,949] {dag.py:2919} INFO - Setting next_dagrun for example_branch_dop_operator_v3 to 2023-10-04T07:02:00+00:00, run_after=2023-10-04T07:03:00+00:00
[2023-10-04 07:03:36,972] {processor.py:161} INFO - Processing /home/airflow/.local/lib/python3.7/site-packages/airflow/example_dags/example_branch_python_dop_operator_3.py took 0.181 seconds
[2023-10-04 07:04:07,165] {processor.py:153} INFO - Started process (PID=6818) to work on /home/airflow/.local/lib/python3.7/site-packages/airflow/example_dags/example_branch_python_dop_operator_3.py
[2023-10-04 07:04:07,166] {processor.py:641} INFO - Processing file /home/airflow/.local/lib/python3.7/site-packages/airflow/example_dags/example_branch_python_dop_operator_3.py for tasks to queue
[2023-10-04 07:04:07,167] {logging_mixin.py:115} INFO - [2023-10-04 07:04:07,167] {dagbag.py:507} INFO - Filling up the DagBag from /home/airflow/.local/lib/python3.7/site-packages/airflow/example_dags/example_branch_python_dop_operator_3.py
[2023-10-04 07:04:07,176] {processor.py:651} INFO - DAG(s) dict_keys(['example_branch_dop_operator_v3']) retrieved from /home/airflow/.local/lib/python3.7/site-packages/airflow/example_dags/example_branch_python_dop_operator_3.py
[2023-10-04 07:04:07,199] {logging_mixin.py:115} INFO - [2023-10-04 07:04:07,199] {dag.py:2371} INFO - Sync 1 DAGs
[2023-10-04 07:04:07,221] {logging_mixin.py:115} INFO - [2023-10-04 07:04:07,221] {dag.py:2919} INFO - Setting next_dagrun for example_branch_dop_operator_v3 to 2023-10-04T07:03:00+00:00, run_after=2023-10-04T07:04:00+00:00
[2023-10-04 07:04:07,235] {processor.py:161} INFO - Processing /home/airflow/.local/lib/python3.7/site-packages/airflow/example_dags/example_branch_python_dop_operator_3.py took 0.073 seconds
[2023-10-04 07:04:38,331] {processor.py:153} INFO - Started process (PID=6882) to work on /home/airflow/.local/lib/python3.7/site-packages/airflow/example_dags/example_branch_python_dop_operator_3.py
[2023-10-04 07:04:38,332] {processor.py:641} INFO - Processing file /home/airflow/.local/lib/python3.7/site-packages/airflow/example_dags/example_branch_python_dop_operator_3.py for tasks to queue
[2023-10-04 07:04:38,333] {logging_mixin.py:115} INFO - [2023-10-04 07:04:38,333] {dagbag.py:507} INFO - Filling up the DagBag from /home/airflow/.local/lib/python3.7/site-packages/airflow/example_dags/example_branch_python_dop_operator_3.py
[2023-10-04 07:04:38,343] {processor.py:651} INFO - DAG(s) dict_keys(['example_branch_dop_operator_v3']) retrieved from /home/airflow/.local/lib/python3.7/site-packages/airflow/example_dags/example_branch_python_dop_operator_3.py
[2023-10-04 07:04:38,371] {logging_mixin.py:115} INFO - [2023-10-04 07:04:38,371] {dag.py:2371} INFO - Sync 1 DAGs
[2023-10-04 07:04:38,406] {logging_mixin.py:115} INFO - [2023-10-04 07:04:38,406] {dag.py:2919} INFO - Setting next_dagrun for example_branch_dop_operator_v3 to 2023-10-04T07:03:00+00:00, run_after=2023-10-04T07:04:00+00:00
[2023-10-04 07:04:38,418] {processor.py:161} INFO - Processing /home/airflow/.local/lib/python3.7/site-packages/airflow/example_dags/example_branch_python_dop_operator_3.py took 0.091 seconds
[2023-10-04 07:30:27,178] {processor.py:153} INFO - Started process (PID=6945) to work on /home/airflow/.local/lib/python3.7/site-packages/airflow/example_dags/example_branch_python_dop_operator_3.py
[2023-10-04 07:30:27,178] {processor.py:641} INFO - Processing file /home/airflow/.local/lib/python3.7/site-packages/airflow/example_dags/example_branch_python_dop_operator_3.py for tasks to queue
[2023-10-04 07:30:27,180] {logging_mixin.py:115} INFO - [2023-10-04 07:30:27,179] {dagbag.py:507} INFO - Filling up the DagBag from /home/airflow/.local/lib/python3.7/site-packages/airflow/example_dags/example_branch_python_dop_operator_3.py
[2023-10-04 07:30:27,191] {processor.py:651} INFO - DAG(s) dict_keys(['example_branch_dop_operator_v3']) retrieved from /home/airflow/.local/lib/python3.7/site-packages/airflow/example_dags/example_branch_python_dop_operator_3.py
[2023-10-04 07:30:27,223] {logging_mixin.py:115} INFO - [2023-10-04 07:30:27,222] {dag.py:2371} INFO - Sync 1 DAGs
[2023-10-04 07:30:27,256] {logging_mixin.py:115} INFO - [2023-10-04 07:30:27,255] {dag.py:2919} INFO - Setting next_dagrun for example_branch_dop_operator_v3 to 2023-10-04T07:29:00+00:00, run_after=2023-10-04T07:30:00+00:00
[2023-10-04 07:30:27,269] {processor.py:161} INFO - Processing /home/airflow/.local/lib/python3.7/site-packages/airflow/example_dags/example_branch_python_dop_operator_3.py took 0.095 seconds
[2023-10-04 07:31:05,380] {processor.py:153} INFO - Started process (PID=7000) to work on /home/airflow/.local/lib/python3.7/site-packages/airflow/example_dags/example_branch_python_dop_operator_3.py
[2023-10-04 07:31:05,381] {processor.py:641} INFO - Processing file /home/airflow/.local/lib/python3.7/site-packages/airflow/example_dags/example_branch_python_dop_operator_3.py for tasks to queue
[2023-10-04 07:31:05,381] {logging_mixin.py:115} INFO - [2023-10-04 07:31:05,381] {dagbag.py:507} INFO - Filling up the DagBag from /home/airflow/.local/lib/python3.7/site-packages/airflow/example_dags/example_branch_python_dop_operator_3.py
[2023-10-04 07:31:05,390] {processor.py:651} INFO - DAG(s) dict_keys(['example_branch_dop_operator_v3']) retrieved from /home/airflow/.local/lib/python3.7/site-packages/airflow/example_dags/example_branch_python_dop_operator_3.py
[2023-10-04 07:31:05,412] {logging_mixin.py:115} INFO - [2023-10-04 07:31:05,412] {dag.py:2371} INFO - Sync 1 DAGs
[2023-10-04 07:31:05,436] {logging_mixin.py:115} INFO - [2023-10-04 07:31:05,436] {dag.py:2919} INFO - Setting next_dagrun for example_branch_dop_operator_v3 to 2023-10-04T07:30:00+00:00, run_after=2023-10-04T07:31:00+00:00
[2023-10-04 07:31:05,448] {processor.py:161} INFO - Processing /home/airflow/.local/lib/python3.7/site-packages/airflow/example_dags/example_branch_python_dop_operator_3.py took 0.071 seconds
