[2023-10-04 07:03:38,657] {processor.py:153} INFO - Started process (PID=6773) to work on /home/airflow/.local/lib/python3.7/site-packages/airflow/example_dags/tutorial_etl_dag.py
[2023-10-04 07:03:38,659] {processor.py:641} INFO - Processing file /home/airflow/.local/lib/python3.7/site-packages/airflow/example_dags/tutorial_etl_dag.py for tasks to queue
[2023-10-04 07:03:38,670] {logging_mixin.py:115} INFO - [2023-10-04 07:03:38,670] {dagbag.py:507} INFO - Filling up the DagBag from /home/airflow/.local/lib/python3.7/site-packages/airflow/example_dags/tutorial_etl_dag.py
[2023-10-04 07:03:38,678] {processor.py:651} INFO - DAG(s) dict_keys(['tutorial_etl_dag']) retrieved from /home/airflow/.local/lib/python3.7/site-packages/airflow/example_dags/tutorial_etl_dag.py
[2023-10-04 07:03:38,761] {logging_mixin.py:115} INFO - [2023-10-04 07:03:38,752] {dag.py:2371} INFO - Sync 1 DAGs
[2023-10-04 07:03:38,819] {logging_mixin.py:115} INFO - [2023-10-04 07:03:38,819] {dag.py:2919} INFO - Setting next_dagrun for tutorial_etl_dag to None, run_after=None
[2023-10-04 07:03:38,856] {processor.py:161} INFO - Processing /home/airflow/.local/lib/python3.7/site-packages/airflow/example_dags/tutorial_etl_dag.py took 0.202 seconds
[2023-10-04 07:04:09,675] {processor.py:153} INFO - Started process (PID=6837) to work on /home/airflow/.local/lib/python3.7/site-packages/airflow/example_dags/tutorial_etl_dag.py
[2023-10-04 07:04:09,676] {processor.py:641} INFO - Processing file /home/airflow/.local/lib/python3.7/site-packages/airflow/example_dags/tutorial_etl_dag.py for tasks to queue
[2023-10-04 07:04:09,677] {logging_mixin.py:115} INFO - [2023-10-04 07:04:09,677] {dagbag.py:507} INFO - Filling up the DagBag from /home/airflow/.local/lib/python3.7/site-packages/airflow/example_dags/tutorial_etl_dag.py
[2023-10-04 07:04:09,683] {processor.py:651} INFO - DAG(s) dict_keys(['tutorial_etl_dag']) retrieved from /home/airflow/.local/lib/python3.7/site-packages/airflow/example_dags/tutorial_etl_dag.py
[2023-10-04 07:04:09,707] {logging_mixin.py:115} INFO - [2023-10-04 07:04:09,707] {dag.py:2371} INFO - Sync 1 DAGs
[2023-10-04 07:04:09,724] {logging_mixin.py:115} INFO - [2023-10-04 07:04:09,724] {dag.py:2919} INFO - Setting next_dagrun for tutorial_etl_dag to None, run_after=None
[2023-10-04 07:04:09,739] {processor.py:161} INFO - Processing /home/airflow/.local/lib/python3.7/site-packages/airflow/example_dags/tutorial_etl_dag.py took 0.066 seconds
[2023-10-04 07:04:40,669] {processor.py:153} INFO - Started process (PID=6891) to work on /home/airflow/.local/lib/python3.7/site-packages/airflow/example_dags/tutorial_etl_dag.py
[2023-10-04 07:04:40,670] {processor.py:641} INFO - Processing file /home/airflow/.local/lib/python3.7/site-packages/airflow/example_dags/tutorial_etl_dag.py for tasks to queue
[2023-10-04 07:04:40,671] {logging_mixin.py:115} INFO - [2023-10-04 07:04:40,671] {dagbag.py:507} INFO - Filling up the DagBag from /home/airflow/.local/lib/python3.7/site-packages/airflow/example_dags/tutorial_etl_dag.py
[2023-10-04 07:04:40,677] {processor.py:651} INFO - DAG(s) dict_keys(['tutorial_etl_dag']) retrieved from /home/airflow/.local/lib/python3.7/site-packages/airflow/example_dags/tutorial_etl_dag.py
[2023-10-04 07:04:40,702] {logging_mixin.py:115} INFO - [2023-10-04 07:04:40,702] {dag.py:2371} INFO - Sync 1 DAGs
[2023-10-04 07:04:40,721] {logging_mixin.py:115} INFO - [2023-10-04 07:04:40,721] {dag.py:2919} INFO - Setting next_dagrun for tutorial_etl_dag to None, run_after=None
[2023-10-04 07:04:40,735] {processor.py:161} INFO - Processing /home/airflow/.local/lib/python3.7/site-packages/airflow/example_dags/tutorial_etl_dag.py took 0.069 seconds
[2023-10-04 07:30:27,841] {processor.py:153} INFO - Started process (PID=6954) to work on /home/airflow/.local/lib/python3.7/site-packages/airflow/example_dags/tutorial_etl_dag.py
[2023-10-04 07:30:27,869] {processor.py:641} INFO - Processing file /home/airflow/.local/lib/python3.7/site-packages/airflow/example_dags/tutorial_etl_dag.py for tasks to queue
[2023-10-04 07:30:27,871] {logging_mixin.py:115} INFO - [2023-10-04 07:30:27,871] {dagbag.py:507} INFO - Filling up the DagBag from /home/airflow/.local/lib/python3.7/site-packages/airflow/example_dags/tutorial_etl_dag.py
[2023-10-04 07:30:27,886] {processor.py:651} INFO - DAG(s) dict_keys(['tutorial_etl_dag']) retrieved from /home/airflow/.local/lib/python3.7/site-packages/airflow/example_dags/tutorial_etl_dag.py
[2023-10-04 07:30:27,922] {logging_mixin.py:115} INFO - [2023-10-04 07:30:27,921] {dag.py:2371} INFO - Sync 1 DAGs
[2023-10-04 07:30:27,958] {logging_mixin.py:115} INFO - [2023-10-04 07:30:27,958] {dag.py:2919} INFO - Setting next_dagrun for tutorial_etl_dag to None, run_after=None
[2023-10-04 07:30:27,985] {processor.py:161} INFO - Processing /home/airflow/.local/lib/python3.7/site-packages/airflow/example_dags/tutorial_etl_dag.py took 0.148 seconds
[2023-10-04 07:31:05,943] {processor.py:153} INFO - Started process (PID=7009) to work on /home/airflow/.local/lib/python3.7/site-packages/airflow/example_dags/tutorial_etl_dag.py
[2023-10-04 07:31:05,944] {processor.py:641} INFO - Processing file /home/airflow/.local/lib/python3.7/site-packages/airflow/example_dags/tutorial_etl_dag.py for tasks to queue
[2023-10-04 07:31:05,945] {logging_mixin.py:115} INFO - [2023-10-04 07:31:05,945] {dagbag.py:507} INFO - Filling up the DagBag from /home/airflow/.local/lib/python3.7/site-packages/airflow/example_dags/tutorial_etl_dag.py
[2023-10-04 07:31:05,952] {processor.py:651} INFO - DAG(s) dict_keys(['tutorial_etl_dag']) retrieved from /home/airflow/.local/lib/python3.7/site-packages/airflow/example_dags/tutorial_etl_dag.py
[2023-10-04 07:31:05,977] {logging_mixin.py:115} INFO - [2023-10-04 07:31:05,976] {dag.py:2371} INFO - Sync 1 DAGs
[2023-10-04 07:31:05,995] {logging_mixin.py:115} INFO - [2023-10-04 07:31:05,995] {dag.py:2919} INFO - Setting next_dagrun for tutorial_etl_dag to None, run_after=None
[2023-10-04 07:31:06,012] {processor.py:161} INFO - Processing /home/airflow/.local/lib/python3.7/site-packages/airflow/example_dags/tutorial_etl_dag.py took 0.072 seconds
