[2023-10-11 10:19:25,980] {taskinstance.py:1159} INFO - Dependencies all met for <TaskInstance: 1_init_once_seed_data.load_seed_data_once manual__2023-10-11T10:19:24.926770+00:00 [queued]>
[2023-10-11 10:19:25,989] {taskinstance.py:1159} INFO - Dependencies all met for <TaskInstance: 1_init_once_seed_data.load_seed_data_once manual__2023-10-11T10:19:24.926770+00:00 [queued]>
[2023-10-11 10:19:25,990] {taskinstance.py:1356} INFO - 
--------------------------------------------------------------------------------
[2023-10-11 10:19:25,992] {taskinstance.py:1357} INFO - Starting attempt 1 of 1
[2023-10-11 10:19:25,993] {taskinstance.py:1358} INFO - 
--------------------------------------------------------------------------------
[2023-10-11 10:19:26,008] {taskinstance.py:1377} INFO - Executing <Task(BashOperator): load_seed_data_once> on 2023-10-11 10:19:24.926770+00:00
[2023-10-11 10:19:26,012] {standard_task_runner.py:52} INFO - Started process 222 to run task
[2023-10-11 10:19:26,015] {standard_task_runner.py:79} INFO - Running: ['***', 'tasks', 'run', '1_init_once_seed_data', 'load_seed_data_once', 'manual__2023-10-11T10:19:24.926770+00:00', '--job-id', '25', '--raw', '--subdir', 'DAGS_FOLDER/init.py', '--cfg-path', '/tmp/tmpp0rhkslt', '--error-file', '/tmp/tmpb3p8dycl']
[2023-10-11 10:19:26,016] {standard_task_runner.py:80} INFO - Job 25: Subtask load_seed_data_once
[2023-10-11 10:19:26,076] {task_command.py:369} INFO - Running <TaskInstance: 1_init_once_seed_data.load_seed_data_once manual__2023-10-11T10:19:24.926770+00:00 [running]> on host c2e542998ec2
[2023-10-11 10:19:26,201] {taskinstance.py:1571} INFO - Exporting the following env vars:
AIRFLOW_CTX_DAG_OWNER=***
AIRFLOW_CTX_DAG_ID=1_init_once_seed_data
AIRFLOW_CTX_TASK_ID=load_seed_data_once
AIRFLOW_CTX_EXECUTION_DATE=2023-10-11T10:19:24.926770+00:00
AIRFLOW_CTX_TRY_NUMBER=1
AIRFLOW_CTX_DAG_RUN_ID=manual__2023-10-11T10:19:24.926770+00:00
[2023-10-11 10:19:26,203] {subprocess.py:62} INFO - Tmp dir root location: 
 /tmp
[2023-10-11 10:19:26,204] {subprocess.py:74} INFO - Running command: ['bash', '-c', 'ls']
[2023-10-11 10:19:26,213] {subprocess.py:85} INFO - Output:
[2023-10-11 10:19:26,217] {subprocess.py:96} INFO - Command exited with return code 0
[2023-10-11 10:19:26,247] {taskinstance.py:1400} INFO - Marking task as SUCCESS. dag_id=1_init_once_seed_data, task_id=load_seed_data_once, execution_date=20231011T101924, start_date=20231011T101925, end_date=20231011T101926
[2023-10-11 10:19:26,268] {local_task_job.py:156} INFO - Task exited with return code 0
[2023-10-11 10:19:26,300] {local_task_job.py:273} INFO - 0 downstream tasks scheduled from follow-on schedule check
