[0m15:10:30.046249 [debug] [MainThread]: Sending event: {'category': 'dbt', 'action': 'invocation', 'label': 'start', 'context': [<snowplow_tracker.self_describing_json.SelfDescribingJson object at 0x0000027337CFE4D0>, <snowplow_tracker.self_describing_json.SelfDescribingJson object at 0x0000027337D31310>, <snowplow_tracker.self_describing_json.SelfDescribingJson object at 0x00000273381AC750>]}


============================== 15:10:30.049248 | 116e8ba0-f9bb-4362-8e7f-47543261be2f ==============================
[0m15:10:30.049248 [info ] [MainThread]: Running with dbt=1.6.4
[0m15:10:30.050248 [debug] [MainThread]: running dbt with arguments {'printer_width': '80', 'indirect_selection': 'eager', 'write_json': 'True', 'log_cache_events': 'False', 'partial_parse': 'True', 'cache_selected_only': 'False', 'profiles_dir': 'C:\\Users\\Dirgham Noui\\.dbt', 'version_check': 'True', 'fail_fast': 'False', 'log_path': 'logs', 'debug': 'False', 'warn_error': 'None', 'use_colors': 'True', 'use_experimental_parser': 'False', 'no_print': 'None', 'quiet': 'False', 'warn_error_options': 'WarnErrorOptions(include=[], exclude=[])', 'introspect': 'True', 'log_format': 'default', 'invocation_command': 'dbt init dbt', 'target_path': 'None', 'static_parser': 'True', 'send_anonymous_usage_stats': 'True'}
[0m15:10:35.151061 [debug] [MainThread]: Starter project path: C:\Users\Dirgham Noui\AppData\Local\Programs\Python\Python311\Lib\site-packages\dbt\include\starter_project
[0m15:10:35.176154 [info ] [MainThread]: 
Your new dbt project "dbt_snowflake" was created!

For more information on how to configure the profiles.yml file,
please consult the dbt documentation here:

  https://docs.getdbt.com/docs/configure-your-profile

One more thing:

Need help? Don't hesitate to reach out to us via GitHub issues or on Slack:

  https://community.getdbt.com/

Happy modeling!

[0m15:10:35.179060 [info ] [MainThread]: Setting up your profile.
[0m15:15:30.965179 [info ] [MainThread]: Profile dbt_snowflake written to C:\Users\Dirgham Noui\.dbt\profiles.yml using target's profile_template.yml and your supplied values. Run 'dbt debug' to validate the connection.
[0m15:15:30.967078 [debug] [MainThread]: Command `dbt init` succeeded at 15:15:30.967078 after 300.94 seconds
[0m15:15:30.968083 [debug] [MainThread]: Sending event: {'category': 'dbt', 'action': 'invocation', 'label': 'end', 'context': [<snowplow_tracker.self_describing_json.SelfDescribingJson object at 0x000002733156CF90>, <snowplow_tracker.self_describing_json.SelfDescribingJson object at 0x00000273381AF290>, <snowplow_tracker.self_describing_json.SelfDescribingJson object at 0x00000273381AC390>]}
[0m15:15:30.969080 [debug] [MainThread]: Flushing usage events
[0m15:33:18.863912 [debug] [MainThread]: Sending event: {'category': 'dbt', 'action': 'invocation', 'label': 'start', 'context': [<snowplow_tracker.self_describing_json.SelfDescribingJson object at 0x00000209508DFE90>, <snowplow_tracker.self_describing_json.SelfDescribingJson object at 0x0000020950D749D0>, <snowplow_tracker.self_describing_json.SelfDescribingJson object at 0x00000209508DE110>]}


============================== 15:33:18.867946 | d40d212c-a9ad-4243-acf0-cd1f6eb2ed50 ==============================
[0m15:33:18.867946 [info ] [MainThread]: Running with dbt=1.6.4
[0m15:33:18.867946 [debug] [MainThread]: running dbt with arguments {'printer_width': '80', 'indirect_selection': 'eager', 'log_cache_events': 'False', 'write_json': 'True', 'partial_parse': 'True', 'cache_selected_only': 'False', 'profiles_dir': 'C:\\Users\\Dirgham Noui\\.dbt', 'debug': 'False', 'warn_error': 'None', 'log_path': 'logs', 'version_check': 'True', 'fail_fast': 'False', 'use_colors': 'True', 'use_experimental_parser': 'False', 'no_print': 'None', 'quiet': 'False', 'warn_error_options': 'WarnErrorOptions(include=[], exclude=[])', 'static_parser': 'True', 'invocation_command': 'dbt test', 'introspect': 'True', 'target_path': 'None', 'log_format': 'default', 'send_anonymous_usage_stats': 'True'}
[0m15:33:18.868927 [error] [MainThread]: Encountered an error:
Runtime Error
  No dbt_project.yml found at expected path C:\Users\Dirgham Noui\Documents\2 - KPC Général\6 - Projets Internes\1 - Airflow DBT training\airflow-dbt-training\dbt_project.yml
  Verify that each entry within packages.yml (and their transitive dependencies) contains a file named dbt_project.yml
  
[0m15:33:18.869927 [debug] [MainThread]: Command `dbt test` failed at 15:33:18.869927 after 0.03 seconds
[0m15:33:18.870927 [debug] [MainThread]: Sending event: {'category': 'dbt', 'action': 'invocation', 'label': 'end', 'context': [<snowplow_tracker.self_describing_json.SelfDescribingJson object at 0x000002094A0FF250>, <snowplow_tracker.self_describing_json.SelfDescribingJson object at 0x0000020950DA22D0>, <snowplow_tracker.self_describing_json.SelfDescribingJson object at 0x00000209511F3F10>]}
[0m15:33:18.870927 [debug] [MainThread]: Flushing usage events
